#
# There is insufficient memory for the Java Runtime Environment to continue.
# Native memory allocation (mmap) failed to map 24117248 bytes for Failed to commit area from 0x0000000087000000 to 0x0000000088700000 of length 24117248.
# Possible reasons:
#   The system is out of physical RAM or swap space
#   The process is running with CompressedOops enabled, and the Java Heap may be blocking the growth of the native heap
# Possible solutions:
#   Reduce memory load on the system
#   Increase physical memory or swap space
#   Check if swap backing store is full
#   Decrease Java heap size (-Xmx/-Xms)
#   Decrease number of Java threads
#   Decrease Java thread stack sizes (-Xss)
#   Set larger code cache with -XX:ReservedCodeCacheSize=
#   JVM is running with Unscaled Compressed Oops mode in which the Java heap is
#     placed in the first 4GB address space. The Java Heap base address is the
#     maximum limit for the native heap growth. Please use -XX:HeapBaseMinAddress
#     to set the Java Heap base and to place the Java Heap above 4GB virtual address.
# This output file may be truncated or incomplete.
#
#  Out of Memory Error (./src/hotspot/os/windows/os_windows.cpp:3301), pid=12496, tid=14888
#
# JRE version: OpenJDK Runtime Environment (11.0.11+9) (build 11.0.11+9-b60-7590822)
# Java VM: OpenJDK 64-Bit Server VM (11.0.11+9-b60-7590822, mixed mode, tiered, compressed oops, g1 gc, windows-amd64)
# No core dump will be written. Minidumps are not enabled by default on client versions of Windows
#

---------------  S U M M A R Y ------------

Command Line: --add-opens=java.base/java.util=ALL-UNNAMED --add-opens=java.base/java.lang=ALL-UNNAMED --add-opens=java.base/java.lang.invoke=ALL-UNNAMED --add-opens=java.base/java.util=ALL-UNNAMED --add-opens=java.prefs/java.util.prefs=ALL-UNNAMED --add-opens=java.prefs/java.util.prefs=ALL-UNNAMED --add-opens=java.base/java.nio.charset=ALL-UNNAMED --add-opens=java.base/java.net=ALL-UNNAMED --add-opens=java.base/java.util.concurrent.atomic=ALL-UNNAMED -Xmx2048m -Dfile.encoding=UTF-8 -Duser.country=IN -Duser.language=en -Duser.variant org.gradle.launcher.daemon.bootstrap.GradleDaemon 7.2

Host: Intel(R) Core(TM) i3-7020U CPU @ 2.30GHz, 4 cores, 3G,  Windows 10 , 64 bit Build 19041 (10.0.19041.1503)
Time: Tue Mar  1 23:31:23 2022 India Standard Time elapsed time: 17.641526 seconds (0d 0h 0m 17s)

---------------  T H R E A D  ---------------

Current thread (0x0000020effec8800):  VMThread "VM Thread" [stack: 0x0000002728e00000,0x0000002728f00000] [id=14888]

Stack: [0x0000002728e00000,0x0000002728f00000]
[error occurred during error reporting (printing stack bounds), id 0xc0000005, EXCEPTION_ACCESS_VIOLATION (0xc0000005) at pc=0x0000020e83a20f2d]

Native frames: (J=compiled Java code, j=interpreted, Vv=VM code, C=native code)
V  [jvm.dll+0x5f214a]
V  [jvm.dll+0x726fb5]
V  [jvm.dll+0x7285cd]
V  [jvm.dll+0x728be5]
V  [jvm.dll+0x728b9b]
V  [jvm.dll+0x5f14e8]
V  [jvm.dll+0x5f1c78]
C  [ntdll.dll+0xa20cf]
C  [ntdll.dll+0x51454]
C  [ntdll.dll+0xa0bfe]
C  0x0000020e83a20f2d

VM_Operation (0x0000002729bfe8d0): G1CollectForAllocation, mode: safepoint, requested by thread 0x0000020e9bc9f800


---------------  P R O C E S S  ---------------

Threads class SMR info:
_java_thread_list=0x0000020e9bf67370, length=77, elements={
0x0000020efed42800, 0x0000020effecf000, 0x0000020effed2800, 0x0000020e99320800,
0x0000020e99322800, 0x0000020e99326000, 0x0000020e9932d000, 0x0000020efff2b000,
0x0000020efff2e800, 0x0000020e99479000, 0x0000020e9bc9f800, 0x0000020e9c2be800,
0x0000020e9b636000, 0x0000020e9b8c3800, 0x0000020e9b6f5800, 0x0000020e9a433000,
0x0000020e9c38e800, 0x0000020e9b8be000, 0x0000020e9b4fa800, 0x0000020e995e6000,
0x0000020e995e7000, 0x0000020e995e7800, 0x0000020e995e2000, 0x0000020e995e3800,
0x0000020e995e4800, 0x0000020e995e8800, 0x0000020e995e5000, 0x0000020e995e2800,
0x0000020e9b8aa000, 0x0000020e9b8ad000, 0x0000020e9b8aa800, 0x0000020e9b8ab800,
0x0000020e9b8ac800, 0x0000020e9b8a7800, 0x0000020e9b8af000, 0x0000020e9b8b1800,
0x0000020e9b8b3000, 0x0000020e9b8af800, 0x0000020e9b8b6000, 0x0000020e9b8b2000,
0x0000020e9b8b3800, 0x0000020e9b8b4800, 0x0000020e9a5d4000, 0x0000020e9a5d0000,
0x0000020e9a5d3800, 0x0000020e9a5cf800, 0x0000020e9a5d5000, 0x0000020e9a5d6000,
0x0000020e9a5d6800, 0x0000020e9a5d1800, 0x0000020e9a5d1000, 0x0000020e9a5d2800,
0x0000020e9a5db800, 0x0000020e9a5da000, 0x0000020e9a5dd000, 0x0000020e9a5da800,
0x0000020e9a5dc800, 0x0000020e9a5d8800, 0x0000020e9a5d7800, 0x0000020e9a5de000,
0x0000020e9a5d9000, 0x0000020e9ca43000, 0x0000020e9ca47000, 0x0000020e9ca48000,
0x0000020e9ca48800, 0x0000020e9ca43800, 0x0000020e9ca44800, 0x0000020e9ca46000,
0x0000020e9ca49800, 0x0000020e9ca4a000, 0x0000020e9ca4b000, 0x0000020e9ca45800,
0x0000020e9ca50000, 0x0000020e9ca50800, 0x0000020e9ca51800, 0x0000020e9ca4c000,
0x0000020e9ca4c800
}

Java Threads: ( => current thread )
  0x0000020efed42800 JavaThread "main" [_thread_blocked, id=2848, stack(0x0000002728800000,0x0000002728900000)]
  0x0000020effecf000 JavaThread "Reference Handler" daemon [_thread_blocked, id=32432, stack(0x0000002728f00000,0x0000002729000000)]
  0x0000020effed2800 JavaThread "Finalizer" daemon [_thread_blocked, id=22736, stack(0x0000002729000000,0x0000002729100000)]
  0x0000020e99320800 JavaThread "Signal Dispatcher" daemon [_thread_blocked, id=32200, stack(0x0000002729100000,0x0000002729200000)]
  0x0000020e99322800 JavaThread "Attach Listener" daemon [_thread_blocked, id=5032, stack(0x0000002729200000,0x0000002729300000)]
  0x0000020e99326000 JavaThread "Service Thread" daemon [_thread_blocked, id=22884, stack(0x0000002729300000,0x0000002729400000)]
  0x0000020e9932d000 JavaThread "C2 CompilerThread0" daemon [_thread_blocked, id=22540, stack(0x0000002729400000,0x0000002729500000)]
  0x0000020efff2b000 JavaThread "C1 CompilerThread0" daemon [_thread_blocked, id=33428, stack(0x0000002729500000,0x0000002729600000)]
  0x0000020efff2e800 JavaThread "Sweeper thread" daemon [_thread_blocked, id=29368, stack(0x0000002729600000,0x0000002729700000)]
  0x0000020e99479000 JavaThread "Common-Cleaner" daemon [_thread_blocked, id=11796, stack(0x0000002729700000,0x0000002729800000)]
  0x0000020e9bc9f800 JavaThread "Daemon health stats" [_thread_blocked, id=32720, stack(0x0000002729b00000,0x0000002729c00000)]
  0x0000020e9c2be800 JavaThread "Incoming local TCP Connector on port 51556" [_thread_in_native, id=22920, stack(0x0000002729900000,0x0000002729a00000)]
  0x0000020e9b636000 JavaThread "Daemon periodic checks" [_thread_blocked, id=3596, stack(0x0000002729e00000,0x0000002729f00000)]
  0x0000020e9b8c3800 JavaThread "Daemon" [_thread_blocked, id=5316, stack(0x0000002729f00000,0x000000272a000000)]
  0x0000020e9b6f5800 JavaThread "Handler for socket connection from /127.0.0.1:51556 to /127.0.0.1:51557" [_thread_in_native, id=18860, stack(0x000000272a000000,0x000000272a100000)]
  0x0000020e9a433000 JavaThread "Cancel handler" [_thread_blocked, id=16448, stack(0x000000272a100000,0x000000272a200000)]
  0x0000020e9c38e800 JavaThread "Daemon worker" [_thread_blocked, id=24272, stack(0x000000272a200000,0x000000272a300000)]
  0x0000020e9b8be000 JavaThread "Asynchronous log dispatcher for DefaultDaemonConnection: socket connection from /127.0.0.1:51556 to /127.0.0.1:51557" [_thread_blocked, id=28620, stack(0x000000272a300000,0x000000272a400000)]
  0x0000020e9b4fa800 JavaThread "Stdin handler" [_thread_blocked, id=28736, stack(0x000000272a400000,0x000000272a500000)]
  0x0000020e995e6000 JavaThread "Daemon client event forwarder" [_thread_blocked, id=8084, stack(0x000000272a500000,0x000000272a600000)]
  0x0000020e995e7000 JavaThread "Cache worker for journal cache (C:\Users\adity\.gradle\caches\journal-1)" [_thread_blocked, id=23228, stack(0x000000272a600000,0x000000272a700000)]
  0x0000020e995e7800 JavaThread "File lock request listener" [_thread_in_native, id=19164, stack(0x000000272a700000,0x000000272a800000)]
  0x0000020e995e2000 JavaThread "Cache worker for file hash cache (C:\Users\adity\.gradle\caches\7.2\fileHashes)" [_thread_blocked, id=17308, stack(0x000000272a800000,0x000000272a900000)]
  0x0000020e995e3800 JavaThread "Cache worker for file hash cache (C:\Users\adity\AndroidStudioProjects\LoanApplication\.gradle\7.2\fileHashes)" [_thread_blocked, id=27036, stack(0x000000272a900000,0x000000272aa00000)]
  0x0000020e995e4800 JavaThread "File watcher server" daemon [_thread_in_native, id=20376, stack(0x000000272ab00000,0x000000272ac00000)]
  0x0000020e995e8800 JavaThread "File watcher consumer" daemon [_thread_blocked, id=19572, stack(0x000000272ac00000,0x000000272ad00000)]
  0x0000020e995e5000 JavaThread "jar transforms" [_thread_blocked, id=12176, stack(0x000000272ad00000,0x000000272ae00000)]
  0x0000020e995e2800 JavaThread "jar transforms Thread 2" [_thread_blocked, id=6788, stack(0x000000272ae00000,0x000000272af00000)]
  0x0000020e9b8aa000 JavaThread "jar transforms Thread 3" [_thread_blocked, id=5864, stack(0x000000272af00000,0x000000272b000000)]
  0x0000020e9b8ad000 JavaThread "jar transforms Thread 4" [_thread_blocked, id=17848, stack(0x000000272b000000,0x000000272b100000)]
  0x0000020e9b8aa800 JavaThread "Cache worker for checksums cache (C:\Users\adity\AndroidStudioProjects\LoanApplication\.gradle\checksums)" [_thread_blocked, id=9008, stack(0x000000272b100000,0x000000272b200000)]
  0x0000020e9b8ab800 JavaThread "Cache worker for cache directory md-supplier (C:\Users\adity\.gradle\caches\7.2\md-supplier)" [_thread_blocked, id=27372, stack(0x000000272b200000,0x000000272b300000)]
  0x0000020e9b8ac800 JavaThread "Cache worker for cache directory md-rule (C:\Users\adity\.gradle\caches\7.2\md-rule)" [_thread_blocked, id=22532, stack(0x000000272b300000,0x000000272b400000)]
  0x0000020e9b8a7800 JavaThread "Cache worker for execution history cache (C:\Users\adity\.gradle\caches\7.2\executionHistory)" [_thread_blocked, id=26460, stack(0x000000272b400000,0x000000272b500000)]
  0x0000020e9b8af000 JavaThread "Cache worker for file content cache (C:\Users\adity\.gradle\caches\7.2\fileContent)" [_thread_blocked, id=32000, stack(0x000000272b500000,0x000000272b600000)]
  0x0000020e9b8b1800 JavaThread "Cache worker for dependencies-accessors (C:\Users\adity\AndroidStudioProjects\LoanApplication\.gradle\7.2\dependencies-accessors)" [_thread_blocked, id=6760, stack(0x000000272aa00000,0x000000272ab00000)]
  0x0000020e9b8b3000 JavaThread "Cache worker for Build Output Cleanup Cache (C:\Users\adity\AndroidStudioProjects\LoanApplication\.gradle\buildOutputCleanup)" [_thread_blocked, id=33416, stack(0x000000272b600000,0x000000272b700000)]
  0x0000020e9b8af800 JavaThread "Unconstrained build operations" [_thread_blocked, id=33548, stack(0x000000272b700000,0x000000272b800000)]
  0x0000020e9b8b6000 JavaThread "Unconstrained build operations Thread 2" [_thread_blocked, id=27204, stack(0x000000272b800000,0x000000272b900000)]
  0x0000020e9b8b2000 JavaThread "Unconstrained build operations Thread 3" [_thread_blocked, id=28868, stack(0x000000272b900000,0x000000272ba00000)]
  0x0000020e9b8b3800 JavaThread "Unconstrained build operations Thread 4" [_thread_blocked, id=19128, stack(0x000000272ba00000,0x000000272bb00000)]
  0x0000020e9b8b4800 JavaThread "Unconstrained build operations Thread 5" [_thread_blocked, id=6332, stack(0x000000272bb00000,0x000000272bc00000)]
  0x0000020e9a5d4000 JavaThread "Unconstrained build operations Thread 6" [_thread_blocked, id=28712, stack(0x000000272bc00000,0x000000272bd00000)]
  0x0000020e9a5d0000 JavaThread "Unconstrained build operations Thread 7" [_thread_blocked, id=18244, stack(0x000000272bd00000,0x000000272be00000)]
  0x0000020e9a5d3800 JavaThread "Unconstrained build operations Thread 8" [_thread_blocked, id=23608, stack(0x000000272be00000,0x000000272bf00000)]
  0x0000020e9a5cf800 JavaThread "Unconstrained build operations Thread 9" [_thread_blocked, id=33680, stack(0x000000272bf00000,0x000000272c000000)]
  0x0000020e9a5d5000 JavaThread "Unconstrained build operations Thread 10" [_thread_blocked, id=33204, stack(0x000000272c000000,0x000000272c100000)]
  0x0000020e9a5d6000 JavaThread "Unconstrained build operations Thread 11" [_thread_blocked, id=25796, stack(0x000000272c100000,0x000000272c200000)]
  0x0000020e9a5d6800 JavaThread "Unconstrained build operations Thread 12" [_thread_blocked, id=19764, stack(0x000000272c200000,0x000000272c300000)]
  0x0000020e9a5d1800 JavaThread "Unconstrained build operations Thread 13" [_thread_blocked, id=21620, stack(0x000000272c300000,0x000000272c400000)]
  0x0000020e9a5d1000 JavaThread "Unconstrained build operations Thread 14" [_thread_blocked, id=4312, stack(0x000000272c400000,0x000000272c500000)]
  0x0000020e9a5d2800 JavaThread "Unconstrained build operations Thread 15" [_thread_blocked, id=7720, stack(0x000000272c500000,0x000000272c600000)]
  0x0000020e9a5db800 JavaThread "Unconstrained build operations Thread 16" [_thread_blocked, id=27440, stack(0x000000272c600000,0x000000272c700000)]
  0x0000020e9a5da000 JavaThread "Unconstrained build operations Thread 17" [_thread_blocked, id=26600, stack(0x000000272c700000,0x000000272c800000)]
  0x0000020e9a5dd000 JavaThread "Unconstrained build operations Thread 18" [_thread_blocked, id=23156, stack(0x000000272c800000,0x000000272c900000)]
  0x0000020e9a5da800 JavaThread "Unconstrained build operations Thread 19" [_thread_blocked, id=25076, stack(0x000000272c900000,0x000000272ca00000)]
  0x0000020e9a5dc800 JavaThread "Unconstrained build operations Thread 20" [_thread_blocked, id=28144, stack(0x000000272ca00000,0x000000272cb00000)]
  0x0000020e9a5d8800 JavaThread "Unconstrained build operations Thread 21" [_thread_blocked, id=7684, stack(0x000000272cb00000,0x000000272cc00000)]
  0x0000020e9a5d7800 JavaThread "Unconstrained build operations Thread 22" [_thread_blocked, id=26068, stack(0x000000272cc00000,0x000000272cd00000)]
  0x0000020e9a5de000 JavaThread "Unconstrained build operations Thread 23" [_thread_blocked, id=24692, stack(0x000000272cd00000,0x000000272ce00000)]
  0x0000020e9a5d9000 JavaThread "Unconstrained build operations Thread 24" [_thread_blocked, id=15280, stack(0x000000272ce00000,0x000000272cf00000)]
  0x0000020e9ca43000 JavaThread "Unconstrained build operations Thread 25" [_thread_blocked, id=29924, stack(0x000000272cf00000,0x000000272d000000)]
  0x0000020e9ca47000 JavaThread "Unconstrained build operations Thread 26" [_thread_blocked, id=18504, stack(0x000000272d000000,0x000000272d100000)]
  0x0000020e9ca48000 JavaThread "Unconstrained build operations Thread 27" [_thread_blocked, id=19392, stack(0x000000272d100000,0x000000272d200000)]
  0x0000020e9ca48800 JavaThread "Unconstrained build operations Thread 28" [_thread_blocked, id=24448, stack(0x000000272d200000,0x000000272d300000)]
  0x0000020e9ca43800 JavaThread "Unconstrained build operations Thread 29" [_thread_blocked, id=27772, stack(0x000000272d300000,0x000000272d400000)]
  0x0000020e9ca44800 JavaThread "Unconstrained build operations Thread 30" [_thread_blocked, id=5064, stack(0x000000272d400000,0x000000272d500000)]
  0x0000020e9ca46000 JavaThread "Unconstrained build operations Thread 31" [_thread_blocked, id=29332, stack(0x000000272d500000,0x000000272d600000)]
  0x0000020e9ca49800 JavaThread "Unconstrained build operations Thread 32" [_thread_blocked, id=4024, stack(0x000000272d600000,0x000000272d700000)]
  0x0000020e9ca4a000 JavaThread "Unconstrained build operations Thread 33" [_thread_blocked, id=33472, stack(0x000000272d700000,0x000000272d800000)]
  0x0000020e9ca4b000 JavaThread "Unconstrained build operations Thread 34" [_thread_blocked, id=15884, stack(0x000000272d800000,0x000000272d900000)]
  0x0000020e9ca45800 JavaThread "Unconstrained build operations Thread 35" [_thread_blocked, id=26872, stack(0x000000272d900000,0x000000272da00000)]
  0x0000020e9ca50000 JavaThread "Unconstrained build operations Thread 36" [_thread_blocked, id=24240, stack(0x000000272da00000,0x000000272db00000)]
  0x0000020e9ca50800 JavaThread "Unconstrained build operations Thread 37" [_thread_blocked, id=13552, stack(0x000000272db00000,0x000000272dc00000)]
  0x0000020e9ca51800 JavaThread "Unconstrained build operations Thread 38" [_thread_blocked, id=20004, stack(0x000000272dc00000,0x000000272dd00000)]
  0x0000020e9ca4c000 JavaThread "Unconstrained build operations Thread 39" [_thread_blocked, id=22064, stack(0x000000272dd00000,0x000000272de00000)]
  0x0000020e9ca4c800 JavaThread "Unconstrained build operations Thread 40" [_thread_blocked, id=25108, stack(0x000000272de00000,0x000000272df00000)]

Other Threads:
=>0x0000020effec8800 VMThread "VM Thread" [stack: 0x0000002728e00000,0x0000002728f00000] [id=14888]
  0x0000020e9948d000 WatcherThread [stack: 0x0000002729800000,0x0000002729900000] [id=28132]
  0x0000020efed5a000 GCTaskThread "GC Thread#0" [stack: 0x0000002728900000,0x0000002728a00000] [id=33312]
  0x0000020e99825000 GCTaskThread "GC Thread#1" [stack: 0x0000002729a00000,0x0000002729b00000] [id=7508]
  0x0000020e9b717800 GCTaskThread "GC Thread#2" [stack: 0x0000002729c00000,0x0000002729d00000] [id=14120]
  0x0000020e9b6c0800 GCTaskThread "GC Thread#3" [stack: 0x0000002729d00000,0x0000002729e00000] [id=2192]
  0x0000020efed8c000 ConcurrentGCThread "G1 Main Marker" [stack: 0x0000002728a00000,0x0000002728b00000] [id=33788]
  0x0000020efed8d000 ConcurrentGCThread "G1 Conc#0" [stack: 0x0000002728b00000,0x0000002728c00000] [id=30896]
  0x0000020efede5000 ConcurrentGCThread "G1 Refine#0" [stack: 0x0000002728c00000,0x0000002728d00000] [id=33128]
  0x0000020efede6800 ConcurrentGCThread "G1 Young RemSet Sampling" [stack: 0x0000002728d00000,0x0000002728e00000] [id=11300]

Threads with active compile tasks:
C2 CompilerThread0  17689 5635       4       java.util.regex.Pattern::compile (498 bytes)

VM state:at safepoint (normal execution)

VM Mutex/Monitor currently owned by a thread:  ([mutex/lock_event])
[0x0000020efed3fb50] Threads_lock - owner thread: 0x0000020effec8800
[0x0000020efed3fa30] Heap_lock - owner thread: 0x0000020e9bc9f800

Heap address: 0x0000000080000000, size: 2048 MB, Compressed Oops mode: 32-bit
Narrow klass base: 0x0000000000000000, Narrow klass shift: 3
Compressed class space size: 1073741824 Address: 0x0000000100000000

Heap:
 garbage-first heap   total 138240K, used 68880K [0x0000000080000000, 0x0000000100000000)
  region size 1024K, 2 young (2048K), 2 survivors (2048K)
 Metaspace       used 52765K, capacity 54337K, committed 54576K, reserved 1097728K
  class space    used 6753K, capacity 7270K, committed 7296K, reserved 1048576K
Heap Regions: E=young(eden), S=young(survivor), O=old, HS=humongous(starts), HC=humongous(continues), CS=collection set, F=free, A=archive, TAMS=top-at-mark-start (previous, next)
|   0|0x0000000080000000, 0x0000000080100000, 0x0000000080100000|100%|HS|  |TAMS 0x0000000080100000, 0x0000000080000000| Complete 
|   1|0x0000000080100000, 0x0000000080200000, 0x0000000080200000|100%|HC|  |TAMS 0x0000000080200000, 0x0000000080100000| Complete 
|   2|0x0000000080200000, 0x0000000080300000, 0x0000000080300000|100%|HC|  |TAMS 0x0000000080300000, 0x0000000080200000| Complete 
|   3|0x0000000080300000, 0x0000000080400000, 0x0000000080400000|100%| O|  |TAMS 0x0000000080400000, 0x0000000080300000| Untracked 
|   4|0x0000000080400000, 0x0000000080500000, 0x0000000080500000|100%| O|  |TAMS 0x0000000080500000, 0x0000000080400000| Untracked 
|   5|0x0000000080500000, 0x0000000080600000, 0x0000000080600000|100%| O|  |TAMS 0x0000000080600000, 0x0000000080500000| Untracked 
|   6|0x0000000080600000, 0x0000000080700000, 0x0000000080700000|100%| O|  |TAMS 0x0000000080700000, 0x0000000080600000| Untracked 
|   7|0x0000000080700000, 0x0000000080800000, 0x0000000080800000|100%| O|  |TAMS 0x0000000080800000, 0x0000000080700000| Untracked 
|   8|0x0000000080800000, 0x0000000080900000, 0x0000000080900000|100%| O|  |TAMS 0x0000000080900000, 0x0000000080800000| Untracked 
|   9|0x0000000080900000, 0x0000000080a00000, 0x0000000080a00000|100%| O|  |TAMS 0x0000000080a00000, 0x0000000080900000| Untracked 
|  10|0x0000000080a00000, 0x0000000080b00000, 0x0000000080b00000|100%| O|  |TAMS 0x0000000080b00000, 0x0000000080a00000| Untracked 
|  11|0x0000000080b00000, 0x0000000080c00000, 0x0000000080c00000|100%| O|  |TAMS 0x0000000080c00000, 0x0000000080b00000| Untracked 
|  12|0x0000000080c00000, 0x0000000080d00000, 0x0000000080d00000|100%| O|  |TAMS 0x0000000080d00000, 0x0000000080c00000| Untracked 
|  13|0x0000000080d00000, 0x0000000080e00000, 0x0000000080e00000|100%| O|  |TAMS 0x0000000080e00000, 0x0000000080d00000| Untracked 
|  14|0x0000000080e00000, 0x0000000080f00000, 0x0000000080f00000|100%| O|  |TAMS 0x0000000080f00000, 0x0000000080e00000| Untracked 
|  15|0x0000000080f00000, 0x0000000081000000, 0x0000000081000000|100%| O|  |TAMS 0x0000000081000000, 0x0000000080f00000| Untracked 
|  16|0x0000000081000000, 0x0000000081100000, 0x0000000081100000|100%|HS|  |TAMS 0x0000000081100000, 0x0000000081000000| Complete 
|  17|0x0000000081100000, 0x0000000081200000, 0x0000000081200000|100%|HC|  |TAMS 0x0000000081200000, 0x0000000081100000| Complete 
|  18|0x0000000081200000, 0x0000000081300000, 0x0000000081300000|100%|HS|  |TAMS 0x0000000081300000, 0x0000000081200000| Complete 
|  19|0x0000000081300000, 0x0000000081400000, 0x0000000081400000|100%|HC|  |TAMS 0x0000000081400000, 0x0000000081300000| Complete 
|  20|0x0000000081400000, 0x0000000081500000, 0x0000000081500000|100%|HC|  |TAMS 0x0000000081500000, 0x0000000081400000| Complete 
|  21|0x0000000081500000, 0x0000000081600000, 0x0000000081600000|100%|HS|  |TAMS 0x0000000081600000, 0x0000000081500000| Complete 
|  22|0x0000000081600000, 0x0000000081700000, 0x0000000081700000|100%|HC|  |TAMS 0x0000000081700000, 0x0000000081600000| Complete 
|  23|0x0000000081700000, 0x0000000081800000, 0x0000000081800000|100%|HC|  |TAMS 0x0000000081800000, 0x0000000081700000| Complete 
|  24|0x0000000081800000, 0x0000000081900000, 0x0000000081900000|100%|HC|  |TAMS 0x0000000081900000, 0x0000000081800000| Complete 
|  25|0x0000000081900000, 0x0000000081a00000, 0x0000000081a00000|100%| O|  |TAMS 0x0000000081a00000, 0x0000000081900000| Untracked 
|  26|0x0000000081a00000, 0x0000000081b00000, 0x0000000081b00000|100%| O|  |TAMS 0x0000000081b00000, 0x0000000081a00000| Untracked 
|  27|0x0000000081b00000, 0x0000000081c00000, 0x0000000081c00000|100%| O|  |TAMS 0x0000000081c00000, 0x0000000081b00000| Untracked 
|  28|0x0000000081c00000, 0x0000000081d00000, 0x0000000081d00000|100%| O|  |TAMS 0x0000000081d00000, 0x0000000081c00000| Untracked 
|  29|0x0000000081d00000, 0x0000000081e00000, 0x0000000081e00000|100%| O|  |TAMS 0x0000000081e00000, 0x0000000081d00000| Untracked 
|  30|0x0000000081e00000, 0x0000000081f00000, 0x0000000081f00000|100%| O|  |TAMS 0x0000000081f00000, 0x0000000081e00000| Untracked 
|  31|0x0000000081f00000, 0x0000000082000000, 0x0000000082000000|100%| O|  |TAMS 0x0000000082000000, 0x0000000081f00000| Untracked 
|  32|0x0000000082000000, 0x0000000082100000, 0x0000000082100000|100%| O|  |TAMS 0x0000000082100000, 0x0000000082000000| Untracked 
|  33|0x0000000082100000, 0x0000000082200000, 0x0000000082200000|100%| O|  |TAMS 0x0000000082200000, 0x0000000082100000| Untracked 
|  34|0x0000000082200000, 0x0000000082300000, 0x0000000082300000|100%| O|  |TAMS 0x0000000082300000, 0x0000000082200000| Untracked 
|  35|0x0000000082300000, 0x0000000082400000, 0x0000000082400000|100%| O|  |TAMS 0x0000000082400000, 0x0000000082300000| Untracked 
|  36|0x0000000082400000, 0x0000000082500000, 0x0000000082500000|100%| O|  |TAMS 0x0000000082500000, 0x0000000082400000| Untracked 
|  37|0x0000000082500000, 0x0000000082600000, 0x0000000082600000|100%| O|  |TAMS 0x0000000082600000, 0x0000000082500000| Untracked 
|  38|0x0000000082600000, 0x0000000082700000, 0x0000000082700000|100%| O|  |TAMS 0x0000000082700000, 0x0000000082600000| Untracked 
|  39|0x0000000082700000, 0x0000000082800000, 0x0000000082800000|100%|HS|  |TAMS 0x0000000082800000, 0x0000000082700000| Complete 
|  40|0x0000000082800000, 0x0000000082900000, 0x0000000082900000|100%|HC|  |TAMS 0x0000000082900000, 0x0000000082800000| Complete 
|  41|0x0000000082900000, 0x0000000082a00000, 0x0000000082a00000|100%|HC|  |TAMS 0x0000000082a00000, 0x0000000082900000| Complete 
|  42|0x0000000082a00000, 0x0000000082b00000, 0x0000000082b00000|100%| O|  |TAMS 0x0000000082b00000, 0x0000000082a00000| Untracked 
|  43|0x0000000082b00000, 0x0000000082c00000, 0x0000000082c00000|100%| O|  |TAMS 0x0000000082c00000, 0x0000000082b00000| Untracked 
|  44|0x0000000082c00000, 0x0000000082d00000, 0x0000000082d00000|100%| O|  |TAMS 0x0000000082d00000, 0x0000000082c00000| Untracked 
|  45|0x0000000082d00000, 0x0000000082e00000, 0x0000000082e00000|100%| O|  |TAMS 0x0000000082e00000, 0x0000000082d00000| Untracked 
|  46|0x0000000082e00000, 0x0000000082f00000, 0x0000000082f00000|100%|HS|  |TAMS 0x0000000082f00000, 0x0000000082e00000| Complete 
|  47|0x0000000082f00000, 0x0000000083000000, 0x0000000083000000|100%|HC|  |TAMS 0x0000000083000000, 0x0000000082f00000| Complete 
|  48|0x0000000083000000, 0x0000000083100000, 0x0000000083100000|100%|HC|  |TAMS 0x0000000083100000, 0x0000000083000000| Complete 
|  49|0x0000000083100000, 0x0000000083200000, 0x0000000083200000|100%|HC|  |TAMS 0x0000000083200000, 0x0000000083100000| Complete 
|  50|0x0000000083200000, 0x0000000083300000, 0x0000000083300000|100%| O|  |TAMS 0x0000000083300000, 0x0000000083200000| Untracked 
|  51|0x0000000083300000, 0x0000000083400000, 0x0000000083400000|100%| O|  |TAMS 0x0000000083400000, 0x0000000083300000| Untracked 
|  52|0x0000000083400000, 0x0000000083500000, 0x0000000083500000|100%| O|  |TAMS 0x0000000083500000, 0x0000000083400000| Untracked 
|  53|0x0000000083500000, 0x0000000083600000, 0x0000000083600000|100%| O|  |TAMS 0x0000000083600000, 0x0000000083500000| Untracked 
|  54|0x0000000083600000, 0x0000000083700000, 0x0000000083700000|100%|HS|  |TAMS 0x0000000083700000, 0x0000000083600000| Complete 
|  55|0x0000000083700000, 0x0000000083800000, 0x0000000083800000|100%|HS|  |TAMS 0x0000000083800000, 0x0000000083700000| Complete 
|  56|0x0000000083800000, 0x0000000083900000, 0x0000000083900000|100%|HS|  |TAMS 0x0000000083900000, 0x0000000083800000| Complete 
|  57|0x0000000083900000, 0x0000000083a00000, 0x0000000083a00000|100%| O|  |TAMS 0x0000000083a00000, 0x0000000083900000| Untracked 
|  58|0x0000000083a00000, 0x0000000083b00000, 0x0000000083b00000|100%| O|  |TAMS 0x0000000083a4ac00, 0x0000000083a00000| Untracked 
|  59|0x0000000083b00000, 0x0000000083c00000, 0x0000000083c00000|100%|HS|  |TAMS 0x0000000083b00000, 0x0000000083b00000| Complete 
|  60|0x0000000083c00000, 0x0000000083d00000, 0x0000000083d00000|100%|HC|  |TAMS 0x0000000083c00000, 0x0000000083c00000| Complete 
|  61|0x0000000083d00000, 0x0000000083e00000, 0x0000000083e00000|100%| O|  |TAMS 0x0000000083d00000, 0x0000000083d00000| Untracked 
|  62|0x0000000083e00000, 0x0000000083f00000, 0x0000000083f00000|100%| O|  |TAMS 0x0000000083e00000, 0x0000000083e00000| Untracked 
|  63|0x0000000083f00000, 0x0000000084000000, 0x0000000084000000|100%| O|  |TAMS 0x0000000083f00000, 0x0000000083f00000| Untracked 
|  64|0x0000000084000000, 0x0000000084100000, 0x0000000084100000|100%| O|  |TAMS 0x0000000084000000, 0x0000000084000000| Untracked 
|  65|0x0000000084100000, 0x0000000084150c00, 0x0000000084200000| 31%| O|  |TAMS 0x0000000084100000, 0x0000000084100000| Untracked 
|  66|0x0000000084200000, 0x0000000084200000, 0x0000000084300000|  0%| F|  |TAMS 0x0000000084200000, 0x0000000084200000| Untracked 
|  67|0x0000000084300000, 0x0000000084300000, 0x0000000084400000|  0%| F|  |TAMS 0x0000000084300000, 0x0000000084300000| Untracked 
|  68|0x0000000084400000, 0x0000000084400000, 0x0000000084500000|  0%| F|  |TAMS 0x0000000084400000, 0x0000000084400000| Untracked 
|  69|0x0000000084500000, 0x0000000084500000, 0x0000000084600000|  0%| F|  |TAMS 0x0000000084500000, 0x0000000084500000| Untracked 
|  70|0x0000000084600000, 0x0000000084600000, 0x0000000084700000|  0%| F|  |TAMS 0x0000000084600000, 0x0000000084600000| Untracked 
|  71|0x0000000084700000, 0x0000000084700000, 0x0000000084800000|  0%| F|  |TAMS 0x0000000084700000, 0x0000000084700000| Untracked 
|  72|0x0000000084800000, 0x0000000084800000, 0x0000000084900000|  0%| F|  |TAMS 0x0000000084800000, 0x0000000084800000| Untracked 
|  73|0x0000000084900000, 0x0000000084900000, 0x0000000084a00000|  0%| F|  |TAMS 0x0000000084900000, 0x0000000084900000| Untracked 
|  74|0x0000000084a00000, 0x0000000084a00000, 0x0000000084b00000|  0%| F|  |TAMS 0x0000000084a00000, 0x0000000084a00000| Untracked 
|  75|0x0000000084b00000, 0x0000000084b00000, 0x0000000084c00000|  0%| F|  |TAMS 0x0000000084b00000, 0x0000000084b00000| Untracked 
|  76|0x0000000084c00000, 0x0000000084c00000, 0x0000000084d00000|  0%| F|  |TAMS 0x0000000084c00000, 0x0000000084c00000| Untracked 
|  77|0x0000000084d00000, 0x0000000084d00000, 0x0000000084e00000|  0%| F|  |TAMS 0x0000000084d00000, 0x0000000084d00000| Untracked 
|  78|0x0000000084e00000, 0x0000000084e00000, 0x0000000084f00000|  0%| F|  |TAMS 0x0000000084e00000, 0x0000000084e00000| Untracked 
|  79|0x0000000084f00000, 0x0000000084f00000, 0x0000000085000000|  0%| F|  |TAMS 0x0000000084f00000, 0x0000000084f00000| Untracked 
|  80|0x0000000085000000, 0x0000000085000000, 0x0000000085100000|  0%| F|  |TAMS 0x0000000085000000, 0x0000000085000000| Untracked 
|  81|0x0000000085100000, 0x0000000085100000, 0x0000000085200000|  0%| F|  |TAMS 0x0000000085100000, 0x0000000085100000| Untracked 
|  82|0x0000000085200000, 0x00000000852f3618, 0x0000000085300000| 95%| S|CS|TAMS 0x0000000085200000, 0x0000000085200000| Complete 
|  83|0x0000000085300000, 0x0000000085400000, 0x0000000085400000|100%| S|CS|TAMS 0x0000000085300000, 0x0000000085300000| Complete 
|  84|0x0000000085400000, 0x0000000085400000, 0x0000000085500000|  0%| F|  |TAMS 0x0000000085400000, 0x0000000085400000| Untracked 
|  85|0x0000000085500000, 0x0000000085500000, 0x0000000085600000|  0%| F|  |TAMS 0x0000000085500000, 0x0000000085500000| Untracked 
|  86|0x0000000085600000, 0x0000000085600000, 0x0000000085700000|  0%| F|  |TAMS 0x0000000085600000, 0x0000000085600000| Untracked 
|  87|0x0000000085700000, 0x0000000085700000, 0x0000000085800000|  0%| F|  |TAMS 0x0000000085700000, 0x0000000085700000| Untracked 
|  88|0x0000000085800000, 0x0000000085800000, 0x0000000085900000|  0%| F|  |TAMS 0x0000000085800000, 0x0000000085800000| Untracked 
|  89|0x0000000085900000, 0x0000000085900000, 0x0000000085a00000|  0%| F|  |TAMS 0x0000000085900000, 0x0000000085900000| Untracked 
|  90|0x0000000085a00000, 0x0000000085a00000, 0x0000000085b00000|  0%| F|  |TAMS 0x0000000085a00000, 0x0000000085a00000| Untracked 
|  91|0x0000000085b00000, 0x0000000085b00000, 0x0000000085c00000|  0%| F|  |TAMS 0x0000000085b00000, 0x0000000085b00000| Untracked 
|  92|0x0000000085c00000, 0x0000000085c00000, 0x0000000085d00000|  0%| F|  |TAMS 0x0000000085c00000, 0x0000000085c00000| Untracked 
|  93|0x0000000085d00000, 0x0000000085d00000, 0x0000000085e00000|  0%| F|  |TAMS 0x0000000085d00000, 0x0000000085d00000| Untracked 
|  94|0x0000000085e00000, 0x0000000085e00000, 0x0000000085f00000|  0%| F|  |TAMS 0x0000000085e00000, 0x0000000085e00000| Untracked 
|  95|0x0000000085f00000, 0x0000000085f00000, 0x0000000086000000|  0%| F|  |TAMS 0x0000000085f00000, 0x0000000085f00000| Untracked 
|  96|0x0000000086000000, 0x0000000086000000, 0x0000000086100000|  0%| F|  |TAMS 0x0000000086000000, 0x0000000086000000| Untracked 
|  97|0x0000000086100000, 0x0000000086100000, 0x0000000086200000|  0%| F|  |TAMS 0x0000000086100000, 0x0000000086100000| Untracked 
|  98|0x0000000086200000, 0x0000000086200000, 0x0000000086300000|  0%| F|  |TAMS 0x0000000086200000, 0x0000000086200000| Untracked 
|  99|0x0000000086300000, 0x0000000086300000, 0x0000000086400000|  0%| F|  |TAMS 0x0000000086300000, 0x0000000086300000| Untracked 
| 100|0x0000000086400000, 0x0000000086400000, 0x0000000086500000|  0%| F|  |TAMS 0x0000000086400000, 0x0000000086400000| Untracked 
| 101|0x0000000086500000, 0x0000000086500000, 0x0000000086600000|  0%| F|  |TAMS 0x0000000086500000, 0x0000000086500000| Untracked 
| 102|0x0000000086600000, 0x0000000086600000, 0x0000000086700000|  0%| F|  |TAMS 0x0000000086600000, 0x0000000086600000| Untracked 
| 103|0x0000000086700000, 0x0000000086700000, 0x0000000086800000|  0%| F|  |TAMS 0x0000000086700000, 0x0000000086700000| Untracked 
| 104|0x0000000086800000, 0x0000000086800000, 0x0000000086900000|  0%| F|  |TAMS 0x0000000086800000, 0x0000000086800000| Untracked 
| 105|0x0000000086900000, 0x0000000086900000, 0x0000000086a00000|  0%| F|  |TAMS 0x0000000086900000, 0x0000000086900000| Untracked 
| 106|0x0000000086a00000, 0x0000000086a00000, 0x0000000086b00000|  0%| F|  |TAMS 0x0000000086a00000, 0x0000000086a00000| Untracked 
| 107|0x0000000086b00000, 0x0000000086b00000, 0x0000000086c00000|  0%| F|  |TAMS 0x0000000086b00000, 0x0000000086b00000| Untracked 
| 108|0x0000000086c00000, 0x0000000086c00000, 0x0000000086d00000|  0%| F|  |TAMS 0x0000000086c00000, 0x0000000086c00000| Untracked 
| 109|0x0000000086d00000, 0x0000000086d00000, 0x0000000086e00000|  0%| F|  |TAMS 0x0000000086d00000, 0x0000000086d00000| Untracked 
| 110|0x0000000086e00000, 0x0000000086e00000, 0x0000000086f00000|  0%| F|  |TAMS 0x0000000086e00000, 0x0000000086e00000| Untracked 
| 111|0x0000000086f00000, 0x0000000086f00000, 0x0000000087000000|  0%| F|  |TAMS 0x0000000086f00000, 0x0000000086f00000| Untracked 

Card table byte_map: [0x0000020eff220000,0x0000020eff620000] _byte_map_base: 0x0000020efee20000

Marking Bits (Prev, Next): (CMBitMap*) 0x0000020efed823c0, (CMBitMap*) 0x0000020efed82388
 Prev Bits: [0x0000020e94a20000, 0x0000020e96a20000)
 Next Bits: [0x0000020e92a20000, 0x0000020e94a20000)

Polling page: 0x0000020efcc10000

Metaspace:

Usage:
  Non-class:     45.96 MB capacity,    44.93 MB ( 98%) used,   914.78 KB (  2%) free+waste,   139.88 KB ( <1%) overhead. 
      Class:      7.10 MB capacity,     6.60 MB ( 93%) used,   449.42 KB (  6%) free+waste,    67.13 KB ( <1%) overhead. 
       Both:     53.06 MB capacity,    51.53 MB ( 97%) used,     1.33 MB (  3%) free+waste,   207.00 KB ( <1%) overhead. 

Virtual space:
  Non-class space:       48.00 MB reserved,      46.17 MB ( 96%) committed 
      Class space:        1.00 GB reserved,       7.13 MB ( <1%) committed 
             Both:        1.05 GB reserved,      53.30 MB (  5%) committed 

Chunk freelists:
   Non-Class:  21.00 KB
       Class:  26.00 KB
        Both:  47.00 KB

MaxMetaspaceSize: 17179869184.00 GB
CompressedClassSpaceSize: 1.00 GB

CodeHeap 'non-profiled nmethods': size=120064Kb used=2827Kb max_used=2827Kb free=117236Kb
 bounds [0x0000020e8b4e0000, 0x0000020e8b7b0000, 0x0000020e92a20000]
CodeHeap 'profiled nmethods': size=120000Kb used=11236Kb max_used=11236Kb free=108763Kb
 bounds [0x0000020e83fb0000, 0x0000020e84ab0000, 0x0000020e8b4e0000]
CodeHeap 'non-nmethods': size=5696Kb used=2222Kb max_used=2254Kb free=3473Kb
 bounds [0x0000020e83a20000, 0x0000020e83c90000, 0x0000020e83fb0000]
 total_blobs=6412 nmethods=5615 adapters=708
 compilation: enabled
              stopped_count=0, restarted_count=0
 full_count=0

Compilation events (20 events):
Event: 17.583 Thread 0x0000020efff2b000 5651       1       com.android.build.gradle.options.Stage::getStatus (5 bytes)
Event: 17.584 Thread 0x0000020efff2b000 nmethod 5651 0x0000020e8b7a2b90 code [0x0000020e8b7a2d40, 0x0000020e8b7a2df8]
Event: 17.585 Thread 0x0000020efff2b000 5652       3       java.util.AbstractMap$SimpleImmutableEntry::<init> (15 bytes)
Event: 17.586 Thread 0x0000020efff2b000 nmethod 5652 0x0000020e84aa4b10 code [0x0000020e84aa4cc0, 0x0000020e84aa4ed8]
Event: 17.586 Thread 0x0000020efff2b000 5653       3       com.google.common.collect.CollectPreconditions::checkEntryNotNull (100 bytes)
Event: 17.588 Thread 0x0000020efff2b000 nmethod 5653 0x0000020e84aa4f90 code [0x0000020e84aa52a0, 0x0000020e84aa6008]
Event: 17.603 Thread 0x0000020efff2b000 5655       3       org.gradle.internal.event.DefaultListenerManager$EventBroadcast$ListenerDispatch::dispatch (9 bytes)
Event: 17.604 Thread 0x0000020efff2b000 nmethod 5655 0x0000020e84aa6510 code [0x0000020e84aa66e0, 0x0000020e84aa6908]
Event: 17.605 Thread 0x0000020efff2b000 5656       3       org.gradle.internal.instantiation.generator.AsmBackedClassGenerator::getDisplayNameForNext (21 bytes)
Event: 17.607 Thread 0x0000020efff2b000 nmethod 5656 0x0000020e84aa6a10 code [0x0000020e84aa6be0, 0x0000020e84aa6ea8]
Event: 17.608 Thread 0x0000020efff2b000 5657       3       com.google.common.collect.RegularImmutableMap::createEntrySet (13 bytes)
Event: 17.609 Thread 0x0000020efff2b000 nmethod 5657 0x0000020e84aa6f90 code [0x0000020e84aa71a0, 0x0000020e84aa7728]
Event: 17.610 Thread 0x0000020efff2b000 5658       3       com.google.common.collect.ImmutableMapEntrySet$RegularEntrySet::<init> (10 bytes)
Event: 17.611 Thread 0x0000020efff2b000 nmethod 5658 0x0000020e84aa7990 code [0x0000020e84aa7b80, 0x0000020e84aa8048]
Event: 17.611 Thread 0x0000020efff2b000 5660       3       com.google.common.collect.ImmutableList::builder (8 bytes)
Event: 17.612 Thread 0x0000020efff2b000 nmethod 5660 0x0000020e84aa8210 code [0x0000020e84aa83e0, 0x0000020e84aa8798]
Event: 17.613 Thread 0x0000020efff2b000 5661       3       java.lang.Class::isLocalOrAnonymousClass (5 bytes)
Event: 17.613 Thread 0x0000020efff2b000 nmethod 5661 0x0000020e84aa8910 code [0x0000020e84aa8ae0, 0x0000020e84aa8cd8]
Event: 17.613 Thread 0x0000020efff2b000 5662       3       java.lang.Class::hasEnclosingMethodInfo (17 bytes)
Event: 17.613 Thread 0x0000020efff2b000 nmethod 5662 0x0000020e84aa8d90 code [0x0000020e84aa8f60, 0x0000020e84aa9118]

GC Heap History (20 events):
Event: 11.407 GC heap after
{Heap after GC invocations=15 (full 0):
 garbage-first heap   total 78848K, used 36311K [0x0000000080000000, 0x0000000100000000)
  region size 1024K, 4 young (4096K), 4 survivors (4096K)
 Metaspace       used 38172K, capacity 39241K, committed 39344K, reserved 1083392K
  class space    used 4950K, capacity 5355K, committed 5376K, reserved 1048576K
}
Event: 12.144 GC heap before
{Heap before GC invocations=15 (full 0):
 garbage-first heap   total 78848K, used 60887K [0x0000000080000000, 0x0000000100000000)
  region size 1024K, 26 young (26624K), 4 survivors (4096K)
 Metaspace       used 39911K, capacity 41019K, committed 41264K, reserved 1085440K
  class space    used 5069K, capacity 5453K, committed 5504K, reserved 1048576K
}
Event: 12.157 GC heap after
{Heap after GC invocations=16 (full 0):
 garbage-first heap   total 78848K, used 39053K [0x0000000080000000, 0x0000000100000000)
  region size 1024K, 3 young (3072K), 3 survivors (3072K)
 Metaspace       used 39911K, capacity 41019K, committed 41264K, reserved 1085440K
  class space    used 5069K, capacity 5453K, committed 5504K, reserved 1048576K
}
Event: 12.592 GC heap before
{Heap before GC invocations=16 (full 0):
 garbage-first heap   total 78848K, used 59533K [0x0000000080000000, 0x0000000100000000)
  region size 1024K, 23 young (23552K), 3 survivors (3072K)
 Metaspace       used 41549K, capacity 42690K, committed 42800K, reserved 1087488K
  class space    used 5331K, capacity 5733K, committed 5760K, reserved 1048576K
}
Event: 12.601 GC heap after
{Heap after GC invocations=17 (full 0):
 garbage-first heap   total 95232K, used 39936K [0x0000000080000000, 0x0000000100000000)
  region size 1024K, 1 young (1024K), 1 survivors (1024K)
 Metaspace       used 41549K, capacity 42690K, committed 42800K, reserved 1087488K
  class space    used 5331K, capacity 5733K, committed 5760K, reserved 1048576K
}
Event: 13.431 GC heap before
{Heap before GC invocations=18 (full 0):
 garbage-first heap   total 95232K, used 69632K [0x0000000080000000, 0x0000000100000000)
  region size 1024K, 28 young (28672K), 1 survivors (1024K)
 Metaspace       used 43225K, capacity 44478K, committed 44592K, reserved 1087488K
  class space    used 5554K, capacity 6000K, committed 6016K, reserved 1048576K
}
Event: 13.446 GC heap after
{Heap after GC invocations=19 (full 0):
 garbage-first heap   total 95232K, used 45798K [0x0000000080000000, 0x0000000100000000)
  region size 1024K, 4 young (4096K), 4 survivors (4096K)
 Metaspace       used 43225K, capacity 44478K, committed 44592K, reserved 1087488K
  class space    used 5554K, capacity 6000K, committed 6016K, reserved 1048576K
}
Event: 13.872 GC heap before
{Heap before GC invocations=19 (full 0):
 garbage-first heap   total 95232K, used 72422K [0x0000000080000000, 0x0000000100000000)
  region size 1024K, 29 young (29696K), 4 survivors (4096K)
 Metaspace       used 45001K, capacity 46318K, committed 46512K, reserved 1089536K
  class space    used 5683K, capacity 6142K, committed 6144K, reserved 1048576K
}
Event: 13.882 GC heap after
{Heap after GC invocations=20 (full 0):
 garbage-first heap   total 95232K, used 47832K [0x0000000080000000, 0x0000000100000000)
  region size 1024K, 3 young (3072K), 3 survivors (3072K)
 Metaspace       used 45001K, capacity 46318K, committed 46512K, reserved 1089536K
  class space    used 5683K, capacity 6142K, committed 6144K, reserved 1048576K
}
Event: 14.242 GC heap before
{Heap before GC invocations=20 (full 0):
 garbage-first heap   total 95232K, used 65240K [0x0000000080000000, 0x0000000100000000)
  region size 1024K, 21 young (21504K), 3 survivors (3072K)
 Metaspace       used 46061K, capacity 47398K, committed 47536K, reserved 1091584K
  class space    used 5856K, capacity 6330K, committed 6400K, reserved 1048576K
}
Event: 14.257 GC heap after
{Heap after GC invocations=21 (full 0):
 garbage-first heap   total 95232K, used 49066K [0x0000000080000000, 0x0000000100000000)
  region size 1024K, 4 young (4096K), 4 survivors (4096K)
 Metaspace       used 46061K, capacity 47398K, committed 47536K, reserved 1091584K
  class space    used 5856K, capacity 6330K, committed 6400K, reserved 1048576K
}
Event: 14.699 GC heap before
{Heap before GC invocations=22 (full 0):
 garbage-first heap   total 95232K, used 77738K [0x0000000080000000, 0x0000000100000000)
  region size 1024K, 29 young (29696K), 4 survivors (4096K)
 Metaspace       used 47402K, capacity 48793K, committed 49072K, reserved 1091584K
  class space    used 6069K, capacity 6541K, committed 6656K, reserved 1048576K
}
Event: 14.711 GC heap after
{Heap after GC invocations=23 (full 0):
 garbage-first heap   total 114688K, used 54872K [0x0000000080000000, 0x0000000100000000)
  region size 1024K, 4 young (4096K), 4 survivors (4096K)
 Metaspace       used 47402K, capacity 48793K, committed 49072K, reserved 1091584K
  class space    used 6069K, capacity 6541K, committed 6656K, reserved 1048576K
}
Event: 15.622 GC heap before
{Heap before GC invocations=23 (full 0):
 garbage-first heap   total 114688K, used 86616K [0x0000000080000000, 0x0000000100000000)
  region size 1024K, 35 young (35840K), 4 survivors (4096K)
 Metaspace       used 49598K, capacity 51091K, committed 51376K, reserved 1093632K
  class space    used 6376K, capacity 6855K, committed 6912K, reserved 1048576K
}
Event: 15.641 GC heap after
{Heap after GC invocations=24 (full 0):
 garbage-first heap   total 114688K, used 56690K [0x0000000080000000, 0x0000000100000000)
  region size 1024K, 4 young (4096K), 4 survivors (4096K)
 Metaspace       used 49598K, capacity 51091K, committed 51376K, reserved 1093632K
  class space    used 6376K, capacity 6855K, committed 6912K, reserved 1048576K
}
Event: 16.517 GC heap before
{Heap before GC invocations=25 (full 0):
 garbage-first heap   total 114688K, used 77170K [0x0000000080000000, 0x0000000100000000)
  region size 1024K, 26 young (26624K), 4 survivors (4096K)
 Metaspace       used 50341K, capacity 51862K, committed 52016K, reserved 1093632K
  class space    used 6445K, capacity 6955K, committed 7040K, reserved 1048576K
}
Event: 16.531 GC heap after
{Heap after GC invocations=26 (full 0):
 garbage-first heap   total 114688K, used 57818K [0x0000000080000000, 0x0000000100000000)
  region size 1024K, 3 young (3072K), 3 survivors (3072K)
 Metaspace       used 50341K, capacity 51862K, committed 52016K, reserved 1093632K
  class space    used 6445K, capacity 6955K, committed 7040K, reserved 1048576K
}
Event: 16.751 GC heap before
{Heap before GC invocations=27 (full 0):
 garbage-first heap   total 114688K, used 64986K [0x0000000080000000, 0x0000000100000000)
  region size 1024K, 9 young (9216K), 3 survivors (3072K)
 Metaspace       used 50352K, capacity 51862K, committed 52016K, reserved 1093632K
  class space    used 6445K, capacity 6955K, committed 7040K, reserved 1048576K
}
Event: 16.767 GC heap after
{Heap after GC invocations=28 (full 0):
 garbage-first heap   total 114688K, used 64811K [0x0000000080000000, 0x0000000100000000)
  region size 1024K, 5 young (5120K), 5 survivors (5120K)
 Metaspace       used 50352K, capacity 51862K, committed 52016K, reserved 1093632K
  class space    used 6445K, capacity 6955K, committed 7040K, reserved 1048576K
}
Event: 17.622 GC heap before
{Heap before GC invocations=29 (full 0):
 garbage-first heap   total 114688K, used 90411K [0x0000000080000000, 0x0000000100000000)
  region size 1024K, 28 young (28672K), 5 survivors (5120K)
 Metaspace       used 52765K, capacity 54337K, committed 54576K, reserved 1097728K
  class space    used 6753K, capacity 7270K, committed 7296K, reserved 1048576K
}

Deoptimization events (20 events):
Event: 17.400 Thread 0x0000020e9c38e800 Uncommon trap: trap_request=0xffffffde fr.pc=0x0000020e8b6458c0 relative=0x0000000000000a20
Event: 17.400 Thread 0x0000020e9c38e800 Uncommon trap: reason=class_check action=maybe_recompile pc=0x0000020e8b6458c0 method=java.io.BufferedInputStream.read1([BII)I @ 39 c2
Event: 17.400 Thread 0x0000020e9c38e800 DEOPT PACKING pc=0x0000020e8b6458c0 sp=0x000000272a2f7190
Event: 17.400 Thread 0x0000020e9c38e800 DEOPT UNPACKING pc=0x0000020e83a4662f sp=0x000000272a2f70a8 mode 2
Event: 17.401 Thread 0x0000020e9c38e800 Uncommon trap: trap_request=0xffffff4d fr.pc=0x0000020e8b556774 relative=0x0000000000000054
Event: 17.401 Thread 0x0000020e9c38e800 Uncommon trap: reason=unstable_if action=reinterpret pc=0x0000020e8b556774 method=java.util.regex.Pattern.has(I)Z @ 6 c2
Event: 17.401 Thread 0x0000020e9c38e800 DEOPT PACKING pc=0x0000020e8b556774 sp=0x000000272a2f61d0
Event: 17.401 Thread 0x0000020e9c38e800 DEOPT UNPACKING pc=0x0000020e83a4662f sp=0x000000272a2f6160 mode 2
Event: 17.441 Thread 0x0000020e9c38e800 Uncommon trap: trap_request=0xffffff45 fr.pc=0x0000020e8b70e100 relative=0x0000000000000d60
Event: 17.441 Thread 0x0000020e9c38e800 Uncommon trap: reason=unstable_fused_if action=reinterpret pc=0x0000020e8b70e100 method=org.objectweb.asm.ByteVector.putUTF8(Ljava/lang/String;)Lorg/objectweb/asm/ByteVector; @ 93 c2
Event: 17.441 Thread 0x0000020e9c38e800 DEOPT PACKING pc=0x0000020e8b70e100 sp=0x000000272a2f7bd0
Event: 17.441 Thread 0x0000020e9c38e800 DEOPT UNPACKING pc=0x0000020e83a4662f sp=0x000000272a2f7b28 mode 2
Event: 17.441 Thread 0x0000020e9c38e800 Uncommon trap: trap_request=0xffffff4d fr.pc=0x0000020e8b6d1a1c relative=0x0000000000005c1c
Event: 17.441 Thread 0x0000020e9c38e800 Uncommon trap: reason=unstable_if action=reinterpret pc=0x0000020e8b6d1a1c method=org.objectweb.asm.Frame.execute(IILorg/objectweb/asm/Symbol;Lorg/objectweb/asm/SymbolTable;)V @ 1 c2
Event: 17.441 Thread 0x0000020e9c38e800 DEOPT PACKING pc=0x0000020e8b6d1a1c sp=0x000000272a2f7db0
Event: 17.442 Thread 0x0000020e9c38e800 DEOPT UNPACKING pc=0x0000020e83a4662f sp=0x000000272a2f7d58 mode 2
Event: 17.476 Thread 0x0000020e9c38e800 Uncommon trap: trap_request=0xffffff45 fr.pc=0x0000020e8b63366c relative=0x000000000000020c
Event: 17.477 Thread 0x0000020e9c38e800 Uncommon trap: reason=unstable_fused_if action=reinterpret pc=0x0000020e8b63366c method=org.objectweb.asm.ByteVector.putUTF8(Ljava/lang/String;)Lorg/objectweb/asm/ByteVector; @ 93 c2
Event: 17.477 Thread 0x0000020e9c38e800 DEOPT PACKING pc=0x0000020e8b63366c sp=0x000000272a2f7f10
Event: 17.477 Thread 0x0000020e9c38e800 DEOPT UNPACKING pc=0x0000020e83a4662f sp=0x000000272a2f7e90 mode 2

Classes redefined (0 events):
No events

Internal exceptions (20 events):
Event: 16.629 Thread 0x0000020e9c38e800 Exception <a 'java/security/PrivilegedActionException'{0x0000000086edff20}> (0x0000000086edff20) thrown at [./src/hotspot/share/prims/jvm.cpp, line 1306]
Event: 16.629 Thread 0x0000020e9c38e800 Exception <a 'java/security/PrivilegedActionException'{0x0000000086ee30f0}> (0x0000000086ee30f0) thrown at [./src/hotspot/share/prims/jvm.cpp, line 1306]
Event: 16.629 Thread 0x0000020e9c38e800 Exception <a 'java/security/PrivilegedActionException'{0x0000000086ee4658}> (0x0000000086ee4658) thrown at [./src/hotspot/share/prims/jvm.cpp, line 1306]
Event: 16.629 Thread 0x0000020e9c38e800 Exception <a 'java/security/PrivilegedActionException'{0x0000000086ee7888}> (0x0000000086ee7888) thrown at [./src/hotspot/share/prims/jvm.cpp, line 1306]
Event: 16.629 Thread 0x0000020e9c38e800 Exception <a 'java/security/PrivilegedActionException'{0x0000000086ee8df0}> (0x0000000086ee8df0) thrown at [./src/hotspot/share/prims/jvm.cpp, line 1306]
Event: 16.862 Thread 0x0000020e9c38e800 Exception <a 'java/lang/ClassNotFoundException'{0x0000000086e3c038}: org/gradle/api/tasks/Delete_DecoratedBeanInfo> (0x0000000086e3c038) thrown at [./src/hotspot/share/classfile/systemDictionary.cpp, line 231]
Event: 16.882 Thread 0x0000020e9c38e800 Exception <a 'java/lang/ClassNotFoundException'{0x0000000086e66238}: org/gradle/api/tasks/DeleteBeanInfo> (0x0000000086e66238) thrown at [./src/hotspot/share/classfile/systemDictionary.cpp, line 231]
Event: 16.883 Thread 0x0000020e9c38e800 Exception <a 'java/lang/ClassNotFoundException'{0x0000000086e93b78}: org/gradle/api/internal/ConventionTaskBeanInfo> (0x0000000086e93b78) thrown at [./src/hotspot/share/classfile/systemDictionary.cpp, line 231]
Event: 16.899 Thread 0x0000020e9c38e800 Exception <a 'java/lang/ClassNotFoundException'{0x0000000086ebd790}: org/gradle/api/DefaultTaskBeanInfo> (0x0000000086ebd790) thrown at [./src/hotspot/share/classfile/systemDictionary.cpp, line 231]
Event: 16.900 Thread 0x0000020e9c38e800 Exception <a 'java/lang/ClassNotFoundException'{0x0000000086eeb0e8}: org/gradle/api/internal/AbstractTaskBeanInfo> (0x0000000086eeb0e8) thrown at [./src/hotspot/share/classfile/systemDictionary.cpp, line 231]
Event: 16.902 Thread 0x0000020e9c38e800 Exception <a 'java/lang/ClassNotFoundException'{0x0000000086d19428}: org/gradle/api/internal/AbstractTaskCustomizer> (0x0000000086d19428) thrown at [./src/hotspot/share/classfile/systemDictionary.cpp, line 231]
Event: 16.945 Thread 0x0000020e9c38e800 Exception <a 'java/lang/ClassNotFoundException'{0x0000000086d8c980}: org/gradle/api/DefaultTaskCustomizer> (0x0000000086d8c980) thrown at [./src/hotspot/share/classfile/systemDictionary.cpp, line 231]
Event: 16.953 Thread 0x0000020e9c38e800 Exception <a 'java/lang/ClassNotFoundException'{0x0000000086c0ec00}: org/gradle/api/internal/ConventionTaskCustomizer> (0x0000000086c0ec00) thrown at [./src/hotspot/share/classfile/systemDictionary.cpp, line 231]
Event: 16.957 Thread 0x0000020e9c38e800 Exception <a 'java/lang/ClassNotFoundException'{0x0000000086c473a8}: org/gradle/api/tasks/DeleteCustomizer> (0x0000000086c473a8) thrown at [./src/hotspot/share/classfile/systemDictionary.cpp, line 231]
Event: 16.959 Thread 0x0000020e9c38e800 Exception <a 'java/lang/ClassNotFoundException'{0x0000000086c865a8}: org/gradle/api/tasks/Delete_DecoratedCustomizer> (0x0000000086c865a8) thrown at [./src/hotspot/share/classfile/systemDictionary.cpp, line 231]
Event: 17.091 Thread 0x0000020e9c38e800 Exception <a 'java/lang/ClassNotFoundException'{0x0000000086bb97f0}: build_8aqzcdqpb9u68ebkos7xtjpupBeanInfo> (0x0000000086bb97f0) thrown at [./src/hotspot/share/classfile/systemDictionary.cpp, line 231]
Event: 17.091 Thread 0x0000020e9c38e800 Exception <a 'java/lang/ClassNotFoundException'{0x0000000086bc47a8}: build_8aqzcdqpb9u68ebkos7xtjpupCustomizer> (0x0000000086bc47a8) thrown at [./src/hotspot/share/classfile/systemDictionary.cpp, line 231]
Event: 17.430 Thread 0x0000020e9c38e800 Exception <a 'java/lang/NoSuchMethodError'{0x0000000085bf27a8}: 'java.lang.Object java.lang.invoke.DirectMethodHandle$Holder.invokeStatic(java.lang.Object, java.lang.Object, java.lang.Object, java.lang.Object, int)'> (0x0000000085bf27a8) thrown at [./src/hotspot/share/interpreter/linkResolver.cpp, line 773]
Event: 17.431 Thread 0x0000020e9c38e800 Exception <a 'java/lang/NoSuchMethodError'{0x0000000085bf71a0}: 'java.lang.Object java.lang.invoke.DirectMethodHandle$Holder.invokeSpecial(java.lang.Object, java.lang.Object, java.lang.Object, java.lang.Object, java.lang.Object, int)'> (0x0000000085bf71a0) thrown at [./src/hotspot/share/interpreter/linkResolver.cpp, line 773]
Event: 17.432 Thread 0x0000020e9c38e800 Exception <a 'java/lang/NoSuchMethodError'{0x0000000085bfb7e0}: 'java.lang.Object java.lang.invoke.Invokers$Holder.linkToTargetMethod(java.lang.Object, java.lang.Object, java.lang.Object, int, java.lang.Object)'> (0x0000000085bfb7e0) thrown at [./src/hotspot/share/interpreter/linkResolver.cpp, line 773]

Events (20 events):
Event: 17.596 loading class kotlin/ranges/RangesKt___RangesKt done
Event: 17.599 loading class kotlin/ranges/RangesKt__RangesKt
Event: 17.599 loading class kotlin/ranges/RangesKt__RangesKt done
Event: 17.600 loading class org/gradle/api/internal/provider/sources/SystemPropertyValueSource
Event: 17.600 loading class org/gradle/api/internal/provider/sources/SystemPropertyValueSource done
Event: 17.601 loading class org/gradle/api/provider/Provider
Event: 17.601 loading class org/gradle/api/provider/Provider done
Event: 17.601 loading class org/gradle/api/provider/Provider
Event: 17.601 loading class org/gradle/api/provider/Provider done
Event: 17.613 loading class com/android/tools/analytics/Environment$EnvironmentVariable
Event: 17.613 loading class com/android/tools/analytics/Environment$EnvironmentVariable done
Event: 17.615 loading class org/gradle/api/internal/provider/sources/EnvironmentVariableValueSource
Event: 17.615 loading class org/gradle/api/internal/provider/sources/EnvironmentVariableValueSource done
Event: 17.616 loading class org/gradle/api/provider/Provider
Event: 17.616 loading class org/gradle/api/provider/Provider done
Event: 17.616 loading class org/gradle/api/provider/Provider
Event: 17.616 loading class org/gradle/api/provider/Provider done
Event: 17.617 loading class org/gradle/api/internal/provider/sources/EnvironmentVariableValueSource$Parameters
Event: 17.617 loading class org/gradle/api/internal/provider/sources/EnvironmentVariableValueSource$Parameters done
Event: 17.622 Executing VM operation: G1CollectForAllocation


Dynamic libraries:
0x00007ff6b4370000 - 0x00007ff6b437a000 	C:\Program Files\Android\Android Studio\jre\bin\java.exe
0x00007ff8a5350000 - 0x00007ff8a5545000 	C:\WINDOWS\SYSTEM32\ntdll.dll
0x00007ff871e90000 - 0x00007ff871ea6000 	C:\Program Files\Avast Software\Avast\aswhook.dll
0x00007ff8a3bf0000 - 0x00007ff8a3cae000 	C:\WINDOWS\System32\KERNEL32.DLL
0x00007ff8a2a60000 - 0x00007ff8a2d28000 	C:\WINDOWS\System32\KERNELBASE.dll
0x00007ff8a3140000 - 0x00007ff8a3240000 	C:\WINDOWS\System32\ucrtbase.dll
0x00007ff88fdb0000 - 0x00007ff88fdc7000 	C:\Program Files\Android\Android Studio\jre\bin\VCRUNTIME140.dll
0x00007ff88fd90000 - 0x00007ff88fda9000 	C:\Program Files\Android\Android Studio\jre\bin\jli.dll
0x00007ff8a35c0000 - 0x00007ff8a3760000 	C:\WINDOWS\System32\USER32.dll
0x00007ff8a2ee0000 - 0x00007ff8a2f02000 	C:\WINDOWS\System32\win32u.dll
0x00007ff8a41b0000 - 0x00007ff8a41db000 	C:\WINDOWS\System32\GDI32.dll
0x00007ff88e920000 - 0x00007ff88ebba000 	C:\WINDOWS\WinSxS\amd64_microsoft.windows.common-controls_6595b64144ccf1df_6.0.19041.1110_none_60b5254171f9507e\COMCTL32.dll
0x00007ff8a2dd0000 - 0x00007ff8a2edd000 	C:\WINDOWS\System32\gdi32full.dll
0x00007ff8a4290000 - 0x00007ff8a432e000 	C:\WINDOWS\System32\msvcrt.dll
0x00007ff8a2ff0000 - 0x00007ff8a308d000 	C:\WINDOWS\System32\msvcp_win.dll
0x00007ff8a4ac0000 - 0x00007ff8a4af0000 	C:\WINDOWS\System32\IMM32.DLL
0x00007ff870b50000 - 0x00007ff870bed000 	C:\Program Files\Android\Android Studio\jre\bin\msvcp140.dll
0x00007ff85cac0000 - 0x00007ff85d595000 	C:\Program Files\Android\Android Studio\jre\bin\server\jvm.dll
0x00007ff8a4100000 - 0x00007ff8a41ae000 	C:\WINDOWS\System32\ADVAPI32.dll
0x00007ff8a3cb0000 - 0x00007ff8a3d4c000 	C:\WINDOWS\System32\sechost.dll
0x00007ff8a3490000 - 0x00007ff8a35b5000 	C:\WINDOWS\System32\RPCRT4.dll
0x00007ff8a3480000 - 0x00007ff8a3488000 	C:\WINDOWS\System32\PSAPI.DLL
0x00007ff893240000 - 0x00007ff893249000 	C:\WINDOWS\SYSTEM32\WSOCK32.dll
0x00007ff899e40000 - 0x00007ff899e4a000 	C:\WINDOWS\SYSTEM32\VERSION.dll
0x00007ff879f10000 - 0x00007ff879f37000 	C:\WINDOWS\SYSTEM32\WINMM.dll
0x00007ff8a4af0000 - 0x00007ff8a4b5b000 	C:\WINDOWS\System32\WS2_32.dll
0x00007ff8a12e0000 - 0x00007ff8a12f2000 	C:\WINDOWS\SYSTEM32\kernel.appcore.dll
0x00007ff87c080000 - 0x00007ff87c091000 	C:\Program Files\Android\Android Studio\jre\bin\verify.dll
0x00007ff8a1000000 - 0x00007ff8a11e4000 	C:\WINDOWS\SYSTEM32\DBGHELP.DLL
0x00007ff894900000 - 0x00007ff89492c000 	C:\WINDOWS\SYSTEM32\dbgcore.DLL
0x00007ff8a2f60000 - 0x00007ff8a2fe2000 	C:\WINDOWS\System32\bcryptPrimitives.dll
0x00007ff87b240000 - 0x00007ff87b269000 	C:\Program Files\Android\Android Studio\jre\bin\java.dll
0x00007ff89e0f0000 - 0x00007ff89e0fb000 	C:\Program Files\Android\Android Studio\jre\bin\jimage.dll
0x00007ff87b220000 - 0x00007ff87b238000 	C:\Program Files\Android\Android Studio\jre\bin\zip.dll
0x00007ff8a4bc0000 - 0x00007ff8a5304000 	C:\WINDOWS\System32\SHELL32.dll
0x00007ff8a0790000 - 0x00007ff8a0f24000 	C:\WINDOWS\SYSTEM32\windows.storage.dll
0x00007ff8a3890000 - 0x00007ff8a3be5000 	C:\WINDOWS\System32\combase.dll
0x00007ff8a23e0000 - 0x00007ff8a240e000 	C:\WINDOWS\SYSTEM32\Wldp.dll
0x00007ff8a4990000 - 0x00007ff8a4a3d000 	C:\WINDOWS\System32\SHCORE.dll
0x00007ff8a4040000 - 0x00007ff8a4095000 	C:\WINDOWS\System32\shlwapi.dll
0x00007ff8a29a0000 - 0x00007ff8a29bf000 	C:\WINDOWS\SYSTEM32\profapi.dll
0x00007ff87b200000 - 0x00007ff87b21a000 	C:\Program Files\Android\Android Studio\jre\bin\net.dll
0x00007ff893bf0000 - 0x00007ff893cfc000 	C:\WINDOWS\SYSTEM32\WINHTTP.dll
0x00007ff8a2140000 - 0x00007ff8a21aa000 	C:\WINDOWS\system32\mswsock.dll
0x00007ff87b1e0000 - 0x00007ff87b1f4000 	C:\Program Files\Android\Android Studio\jre\bin\nio.dll
0x00007ff88fdd0000 - 0x00007ff88fdf7000 	C:\Users\adity\.gradle\native\e1d6ef7f7dcc3fd88c89a11ec53ec762bb8ba0a96d01ffa2cd45eb1d1d8dd5c5\windows-amd64\native-platform.dll
0x00007ff861470000 - 0x00007ff8615b4000 	C:\Users\adity\.gradle\native\5664cfc778a61ccfe75a443a1ab52a65af34e5dc3c78e0209fed803814484fcb\windows-amd64\native-platform-file-events.dll
0x00007ff89c910000 - 0x00007ff89c91a000 	C:\Program Files\Android\Android Studio\jre\bin\management.dll
0x00007ff89b380000 - 0x00007ff89b38d000 	C:\Program Files\Android\Android Studio\jre\bin\management_ext.dll
0x00007ff8a2330000 - 0x00007ff8a2348000 	C:\WINDOWS\SYSTEM32\CRYPTSP.dll
0x00007ff8a1ac0000 - 0x00007ff8a1af4000 	C:\WINDOWS\system32\rsaenh.dll
0x00007ff8a2d30000 - 0x00007ff8a2d57000 	C:\WINDOWS\System32\bcrypt.dll
0x00007ff8a2920000 - 0x00007ff8a294e000 	C:\WINDOWS\SYSTEM32\USERENV.dll
0x00007ff8a2350000 - 0x00007ff8a235c000 	C:\WINDOWS\SYSTEM32\CRYPTBASE.dll
0x00007ff8a1e30000 - 0x00007ff8a1e6b000 	C:\WINDOWS\SYSTEM32\IPHLPAPI.DLL
0x00007ff8a4330000 - 0x00007ff8a4338000 	C:\WINDOWS\System32\NSI.dll
0x00007ff894500000 - 0x00007ff894517000 	C:\WINDOWS\SYSTEM32\dhcpcsvc6.DLL
0x00007ff895000000 - 0x00007ff89501d000 	C:\WINDOWS\SYSTEM32\dhcpcsvc.DLL
0x00007ff8a1e70000 - 0x00007ff8a1f3b000 	C:\WINDOWS\SYSTEM32\DNSAPI.dll

dbghelp: loaded successfully - version: 4.0.5 - missing functions: none
symbol engine: initialized successfully - sym options: 0x614 - pdb path: .;C:\Program Files\Android\Android Studio\jre\bin;C:\WINDOWS\SYSTEM32;C:\Program Files\Avast Software\Avast;C:\WINDOWS\WinSxS\amd64_microsoft.windows.common-controls_6595b64144ccf1df_6.0.19041.1110_none_60b5254171f9507e;C:\Program Files\Android\Android Studio\jre\bin\server;C:\Users\adity\.gradle\native\e1d6ef7f7dcc3fd88c89a11ec53ec762bb8ba0a96d01ffa2cd45eb1d1d8dd5c5\windows-amd64;C:\Users\adity\.gradle\native\5664cfc778a61ccfe75a443a1ab52a65af34e5dc3c78e0209fed803814484fcb\windows-amd64

VM Arguments:
jvm_args: --add-opens=java.base/java.util=ALL-UNNAMED --add-opens=java.base/java.lang=ALL-UNNAMED --add-opens=java.base/java.lang.invoke=ALL-UNNAMED --add-opens=java.base/java.util=ALL-UNNAMED --add-opens=java.prefs/java.util.prefs=ALL-UNNAMED --add-opens=java.prefs/java.util.prefs=ALL-UNNAMED --add-opens=java.base/java.nio.charset=ALL-UNNAMED --add-opens=java.base/java.net=ALL-UNNAMED --add-opens=java.base/java.util.concurrent.atomic=ALL-UNNAMED -Xmx2048m -Dfile.encoding=UTF-8 -Duser.country=IN -Duser.language=en -Duser.variant 
java_command: org.gradle.launcher.daemon.bootstrap.GradleDaemon 7.2
java_class_path (initial): C:\Users\adity\.gradle\wrapper\dists\gradle-7.2-bin\2dnblmf4td7x66yl1d74lt32g\gradle-7.2\lib\gradle-launcher-7.2.jar
Launcher Type: SUN_STANDARD

[Global flags]
     intx CICompilerCount                          = 3                                         {product} {ergonomic}
     uint ConcGCThreads                            = 1                                         {product} {ergonomic}
     uint G1ConcRefinementThreads                  = 4                                         {product} {ergonomic}
   size_t G1HeapRegionSize                         = 1048576                                   {product} {ergonomic}
    uintx GCDrainStackTargetSize                   = 64                                        {product} {ergonomic}
   size_t InitialHeapSize                          = 67108864                                  {product} {ergonomic}
   size_t MarkStackSize                            = 4194304                                   {product} {ergonomic}
   size_t MaxHeapSize                              = 2147483648                                {product} {command line}
   size_t MaxNewSize                               = 1287651328                                {product} {ergonomic}
   size_t MinHeapDeltaBytes                        = 1048576                                   {product} {ergonomic}
    uintx NonNMethodCodeHeapSize                   = 5830732                                {pd product} {ergonomic}
    uintx NonProfiledCodeHeapSize                  = 122913754                              {pd product} {ergonomic}
    uintx ProfiledCodeHeapSize                     = 122913754                              {pd product} {ergonomic}
    uintx ReservedCodeCacheSize                    = 251658240                              {pd product} {ergonomic}
     bool SegmentedCodeCache                       = true                                      {product} {ergonomic}
     bool UseCompressedClassPointers               = true                                 {lp64_product} {ergonomic}
     bool UseCompressedOops                        = true                                 {lp64_product} {ergonomic}
     bool UseG1GC                                  = true                                      {product} {ergonomic}
     bool UseLargePagesIndividualAllocation        = false                                  {pd product} {ergonomic}

Logging:
Log output configuration:
 #0: stdout all=warning uptime,level,tags
 #1: stderr all=off uptime,level,tags

Environment Variables:
JAVA_HOME=C:\Program Files\Java\jdk-17.0.2\bin
PATH=C:\Program Files\Common Files\Oracle\Java\javapath;C:\WINDOWS\system32;C:\WINDOWS;C:\WINDOWS\System32\Wbem;C:\WINDOWS\System32\WindowsPowerShell\v1.0\;C:\WINDOWS\System32\OpenSSH\;C:\Program Files (x86)\Git\cmd;C:\Users\adity\AppData\Local\Microsoft\WindowsApps;
USERNAME=adity
OS=Windows_NT
PROCESSOR_IDENTIFIER=Intel64 Family 6 Model 142 Stepping 9, GenuineIntel



---------------  S Y S T E M  ---------------

OS: Windows 10 , 64 bit Build 19041 (10.0.19041.1503)
OS uptime: 3 days 9:06 hours

CPU:total 4 (initial active 4) (2 cores per cpu, 2 threads per core) family 6 model 142 stepping 9 microcode 0xea, cmov, cx8, fxsr, mmx, sse, sse2, sse3, ssse3, sse4.1, sse4.2, popcnt, avx, avx2, aes, clmul, erms, 3dnowpref, lzcnt, ht, tsc, tscinvbit, bmi1, bmi2, adx, fma

Memory: 4k page, system-wide physical 4001M (330M free)
TotalPageFile size 16289M (AvailPageFile size 4M)
current process WorkingSet (physical memory assigned to process): 283M, peak: 283M
current process commit charge ("private bytes"): 316M, peak: 339M

vm_info: OpenJDK 64-Bit Server VM (11.0.11+9-b60-7590822) for windows-amd64 JRE (11.0.11+9-b60-7590822), built on Jul 29 2021 21:43:44 by "builder" with MS VC++ 14.0 (VS2015)

END.
