#
# There is insufficient memory for the Java Runtime Environment to continue.
# Native memory allocation (mmap) failed to map 24117248 bytes for Failed to commit area from 0x0000000087200000 to 0x0000000088900000 of length 24117248.
# Possible reasons:
#   The system is out of physical RAM or swap space
#   The process is running with CompressedOops enabled, and the Java Heap may be blocking the growth of the native heap
# Possible solutions:
#   Reduce memory load on the system
#   Increase physical memory or swap space
#   Check if swap backing store is full
#   Decrease Java heap size (-Xmx/-Xms)
#   Decrease number of Java threads
#   Decrease Java thread stack sizes (-Xss)
#   Set larger code cache with -XX:ReservedCodeCacheSize=
#   JVM is running with Unscaled Compressed Oops mode in which the Java heap is
#     placed in the first 4GB address space. The Java Heap base address is the
#     maximum limit for the native heap growth. Please use -XX:HeapBaseMinAddress
#     to set the Java Heap base and to place the Java Heap above 4GB virtual address.
# This output file may be truncated or incomplete.
#
#  Out of Memory Error (./src/hotspot/os/windows/os_windows.cpp:3301), pid=33480, tid=11856
#
# JRE version: OpenJDK Runtime Environment (11.0.11+9) (build 11.0.11+9-b60-7590822)
# Java VM: OpenJDK 64-Bit Server VM (11.0.11+9-b60-7590822, mixed mode, tiered, compressed oops, g1 gc, windows-amd64)
# No core dump will be written. Minidumps are not enabled by default on client versions of Windows
#

---------------  S U M M A R Y ------------

Command Line: --add-opens=java.base/java.util=ALL-UNNAMED --add-opens=java.base/java.lang=ALL-UNNAMED --add-opens=java.base/java.lang.invoke=ALL-UNNAMED --add-opens=java.base/java.util=ALL-UNNAMED --add-opens=java.prefs/java.util.prefs=ALL-UNNAMED --add-opens=java.prefs/java.util.prefs=ALL-UNNAMED --add-opens=java.base/java.nio.charset=ALL-UNNAMED --add-opens=java.base/java.net=ALL-UNNAMED --add-opens=java.base/java.util.concurrent.atomic=ALL-UNNAMED -Xmx2048m -Dfile.encoding=UTF-8 -Duser.country=IN -Duser.language=en -Duser.variant org.gradle.launcher.daemon.bootstrap.GradleDaemon 7.2

Host: Intel(R) Core(TM) i3-7020U CPU @ 2.30GHz, 4 cores, 3G,  Windows 10 , 64 bit Build 19041 (10.0.19041.1503)
Time: Tue Mar  1 23:30:36 2022 India Standard Time elapsed time: 22.567941 seconds (0d 0h 0m 22s)

---------------  T H R E A D  ---------------

Current thread (0x000001db35698800):  VMThread "VM Thread" [stack: 0x0000002fbbb00000,0x0000002fbbc00000] [id=11856]

Stack: [0x0000002fbbb00000,0x0000002fbbc00000]
[error occurred during error reporting (printing stack bounds), id 0xc0000005, EXCEPTION_ACCESS_VIOLATION (0xc0000005) at pc=0x000001db1f5f0f2d]

Native frames: (J=compiled Java code, j=interpreted, Vv=VM code, C=native code)
V  [jvm.dll+0x5f214a]
V  [jvm.dll+0x726fb5]
V  [jvm.dll+0x7285cd]
V  [jvm.dll+0x728be5]
V  [jvm.dll+0x728b9b]
V  [jvm.dll+0x5f14e8]
V  [jvm.dll+0x5f1c78]
C  [ntdll.dll+0xa20cf]
C  [ntdll.dll+0x51454]
C  [ntdll.dll+0xa0bfe]
C  0x000001db1f5f0f2d

VM_Operation (0x0000002fbcff3830): G1CollectForAllocation, mode: safepoint, requested by thread 0x000001db35708800


---------------  P R O C E S S  ---------------

Threads class SMR info:
_java_thread_list=0x000001db3c067df0, length=78, elements={
0x000001db1baf2800, 0x000001db3569f800, 0x000001db356a5000, 0x000001db36022800,
0x000001db36023800, 0x000001db36026800, 0x000001db3602d000, 0x000001db3602e000,
0x000001db35706000, 0x000001db35702800, 0x000001db35709000, 0x000001db35704800,
0x000001db35703800, 0x000001db35707800, 0x000001db35705000, 0x000001db35707000,
0x000001db35708800, 0x000001db365a2000, 0x000001db365a9000, 0x000001db365a5800,
0x000001db365a6800, 0x000001db365a4000, 0x000001db365a7000, 0x000001db365a3000,
0x000001db365a8000, 0x000001db365a9800, 0x000001db365aa800, 0x000001db365a4800,
0x000001db365ab000, 0x000001db365ad000, 0x000001db365ad800, 0x000001db365ae800,
0x000001db365ac000, 0x000001db365af800, 0x000001db365b1000, 0x000001db3bbb2000,
0x000001db3bbb0800, 0x000001db3bbb1000, 0x000001db3bbb4800, 0x000001db3bbb6000,
0x000001db3bbb3800, 0x000001db3bbb7000, 0x000001db3bbba000, 0x000001db3bbb8800,
0x000001db3bbb5000, 0x000001db3bbb7800, 0x000001db3bbbd800, 0x000001db3bbbb000,
0x000001db3bbbb800, 0x000001db3bbbc800, 0x000001db3bbbe000, 0x000001db3bbbf000,
0x000001db3bbb9800, 0x000001db36357800, 0x000001db36355000, 0x000001db36358800,
0x000001db36354800, 0x000001db3635b000, 0x000001db3635b800, 0x000001db36359800,
0x000001db3635a000, 0x000001db36356000, 0x000001db3635c800, 0x000001db36357000,
0x000001db36360800, 0x000001db36361800, 0x000001db36360000, 0x000001db36362800,
0x000001db3635f000, 0x000001db36363000, 0x000001db3635d800, 0x000001db3635e000,
0x000001db3af0a800, 0x000001db3af09800, 0x000001db3af0d800, 0x000001db3af08000,
0x000001db3af0e800, 0x000001db3a8a8800
}

Java Threads: ( => current thread )
  0x000001db1baf2800 JavaThread "main" [_thread_blocked, id=24292, stack(0x0000002fbb500000,0x0000002fbb600000)]
  0x000001db3569f800 JavaThread "Reference Handler" daemon [_thread_blocked, id=31760, stack(0x0000002fbbc00000,0x0000002fbbd00000)]
  0x000001db356a5000 JavaThread "Finalizer" daemon [_thread_blocked, id=6476, stack(0x0000002fbbd00000,0x0000002fbbe00000)]
  0x000001db36022800 JavaThread "Signal Dispatcher" daemon [_thread_blocked, id=9420, stack(0x0000002fbbe00000,0x0000002fbbf00000)]
  0x000001db36023800 JavaThread "Attach Listener" daemon [_thread_blocked, id=29060, stack(0x0000002fbbf00000,0x0000002fbc000000)]
  0x000001db36026800 JavaThread "Service Thread" daemon [_thread_blocked, id=27508, stack(0x0000002fbc000000,0x0000002fbc100000)]
  0x000001db3602d000 JavaThread "C2 CompilerThread0" daemon [_thread_blocked, id=7476, stack(0x0000002fbc100000,0x0000002fbc200000)]
  0x000001db3602e000 JavaThread "C1 CompilerThread0" daemon [_thread_blocked, id=23524, stack(0x0000002fbc200000,0x0000002fbc300000)]
  0x000001db35706000 JavaThread "Sweeper thread" daemon [_thread_blocked, id=28192, stack(0x0000002fbc300000,0x0000002fbc400000)]
  0x000001db35702800 JavaThread "Common-Cleaner" daemon [_thread_blocked, id=31320, stack(0x0000002fbc400000,0x0000002fbc500000)]
  0x000001db35709000 JavaThread "Daemon health stats" [_thread_blocked, id=25712, stack(0x0000002fbc700000,0x0000002fbc800000)]
  0x000001db35704800 JavaThread "Incoming local TCP Connector on port 51539" [_thread_in_native, id=28332, stack(0x0000002fbca00000,0x0000002fbcb00000)]
  0x000001db35703800 JavaThread "Daemon periodic checks" [_thread_blocked, id=25860, stack(0x0000002fbcb00000,0x0000002fbcc00000)]
  0x000001db35707800 JavaThread "Daemon" [_thread_blocked, id=31016, stack(0x0000002fbcc00000,0x0000002fbcd00000)]
  0x000001db35705000 JavaThread "Handler for socket connection from /127.0.0.1:51539 to /127.0.0.1:51540" [_thread_in_native, id=9484, stack(0x0000002fbcd00000,0x0000002fbce00000)]
  0x000001db35707000 JavaThread "Cancel handler" [_thread_blocked, id=9964, stack(0x0000002fbce00000,0x0000002fbcf00000)]
  0x000001db35708800 JavaThread "Daemon worker" [_thread_blocked, id=21976, stack(0x0000002fbcf00000,0x0000002fbd000000)]
  0x000001db365a2000 JavaThread "Asynchronous log dispatcher for DefaultDaemonConnection: socket connection from /127.0.0.1:51539 to /127.0.0.1:51540" [_thread_blocked, id=34644, stack(0x0000002fbd000000,0x0000002fbd100000)]
  0x000001db365a9000 JavaThread "Stdin handler" [_thread_blocked, id=25968, stack(0x0000002fbd100000,0x0000002fbd200000)]
  0x000001db365a5800 JavaThread "Daemon client event forwarder" [_thread_blocked, id=27944, stack(0x0000002fbd200000,0x0000002fbd300000)]
  0x000001db365a6800 JavaThread "Cache worker for journal cache (C:\Users\adity\.gradle\caches\journal-1)" [_thread_blocked, id=25008, stack(0x0000002fbd300000,0x0000002fbd400000)]
  0x000001db365a4000 JavaThread "File lock request listener" [_thread_in_native, id=7628, stack(0x0000002fbd400000,0x0000002fbd500000)]
  0x000001db365a7000 JavaThread "Cache worker for file hash cache (C:\Users\adity\.gradle\caches\7.2\fileHashes)" [_thread_blocked, id=20272, stack(0x0000002fbd500000,0x0000002fbd600000)]
  0x000001db365a3000 JavaThread "Cache worker for file hash cache (C:\Users\adity\AndroidStudioProjects\LoanApplication\.gradle\7.2\fileHashes)" [_thread_blocked, id=1788, stack(0x0000002fbd600000,0x0000002fbd700000)]
  0x000001db365a8000 JavaThread "File watcher server" daemon [_thread_in_native, id=8368, stack(0x0000002fbd700000,0x0000002fbd800000)]
  0x000001db365a9800 JavaThread "File watcher consumer" daemon [_thread_blocked, id=8512, stack(0x0000002fbd800000,0x0000002fbd900000)]
  0x000001db365aa800 JavaThread "jar transforms" [_thread_blocked, id=28264, stack(0x0000002fbd900000,0x0000002fbda00000)]
  0x000001db365a4800 JavaThread "jar transforms Thread 2" [_thread_blocked, id=31848, stack(0x0000002fbda00000,0x0000002fbdb00000)]
  0x000001db365ab000 JavaThread "jar transforms Thread 3" [_thread_blocked, id=24908, stack(0x0000002fbdb00000,0x0000002fbdc00000)]
  0x000001db365ad000 JavaThread "jar transforms Thread 4" [_thread_blocked, id=9520, stack(0x0000002fbdc00000,0x0000002fbdd00000)]
  0x000001db365ad800 JavaThread "Cache worker for checksums cache (C:\Users\adity\AndroidStudioProjects\LoanApplication\.gradle\checksums)" [_thread_blocked, id=21888, stack(0x0000002fbdd00000,0x0000002fbde00000)]
  0x000001db365ae800 JavaThread "Cache worker for cache directory md-supplier (C:\Users\adity\.gradle\caches\7.2\md-supplier)" [_thread_blocked, id=9284, stack(0x0000002fbde00000,0x0000002fbdf00000)]
  0x000001db365ac000 JavaThread "Cache worker for cache directory md-rule (C:\Users\adity\.gradle\caches\7.2\md-rule)" [_thread_blocked, id=1304, stack(0x0000002fbdf00000,0x0000002fbe000000)]
  0x000001db365af800 JavaThread "Cache worker for execution history cache (C:\Users\adity\.gradle\caches\7.2\executionHistory)" [_thread_blocked, id=17084, stack(0x0000002fbe000000,0x0000002fbe100000)]
  0x000001db365b1000 JavaThread "Cache worker for file content cache (C:\Users\adity\.gradle\caches\7.2\fileContent)" [_thread_blocked, id=24020, stack(0x0000002fbe200000,0x0000002fbe300000)]
  0x000001db3bbb2000 JavaThread "Cache worker for dependencies-accessors (C:\Users\adity\AndroidStudioProjects\LoanApplication\.gradle\7.2\dependencies-accessors)" [_thread_blocked, id=26024, stack(0x0000002fbe300000,0x0000002fbe400000)]
  0x000001db3bbb0800 JavaThread "Cache worker for Build Output Cleanup Cache (C:\Users\adity\AndroidStudioProjects\LoanApplication\.gradle\buildOutputCleanup)" [_thread_blocked, id=30212, stack(0x0000002fbe400000,0x0000002fbe500000)]
  0x000001db3bbb1000 JavaThread "Unconstrained build operations" [_thread_blocked, id=24344, stack(0x0000002fbe500000,0x0000002fbe600000)]
  0x000001db3bbb4800 JavaThread "Unconstrained build operations Thread 2" [_thread_blocked, id=23944, stack(0x0000002fbe600000,0x0000002fbe700000)]
  0x000001db3bbb6000 JavaThread "Unconstrained build operations Thread 3" [_thread_blocked, id=31084, stack(0x0000002fbe700000,0x0000002fbe800000)]
  0x000001db3bbb3800 JavaThread "Unconstrained build operations Thread 4" [_thread_blocked, id=26756, stack(0x0000002fbe800000,0x0000002fbe900000)]
  0x000001db3bbb7000 JavaThread "Unconstrained build operations Thread 5" [_thread_blocked, id=13452, stack(0x0000002fbe900000,0x0000002fbea00000)]
  0x000001db3bbba000 JavaThread "Unconstrained build operations Thread 6" [_thread_blocked, id=21808, stack(0x0000002fbea00000,0x0000002fbeb00000)]
  0x000001db3bbb8800 JavaThread "Unconstrained build operations Thread 7" [_thread_blocked, id=6608, stack(0x0000002fbeb00000,0x0000002fbec00000)]
  0x000001db3bbb5000 JavaThread "Unconstrained build operations Thread 8" [_thread_blocked, id=9844, stack(0x0000002fbec00000,0x0000002fbed00000)]
  0x000001db3bbb7800 JavaThread "Unconstrained build operations Thread 9" [_thread_blocked, id=18168, stack(0x0000002fbed00000,0x0000002fbee00000)]
  0x000001db3bbbd800 JavaThread "Unconstrained build operations Thread 10" [_thread_blocked, id=27980, stack(0x0000002fbee00000,0x0000002fbef00000)]
  0x000001db3bbbb000 JavaThread "Unconstrained build operations Thread 11" [_thread_blocked, id=28288, stack(0x0000002fbef00000,0x0000002fbf000000)]
  0x000001db3bbbb800 JavaThread "Unconstrained build operations Thread 12" [_thread_blocked, id=12324, stack(0x0000002fbf000000,0x0000002fbf100000)]
  0x000001db3bbbc800 JavaThread "Unconstrained build operations Thread 13" [_thread_blocked, id=26952, stack(0x0000002fbf100000,0x0000002fbf200000)]
  0x000001db3bbbe000 JavaThread "Unconstrained build operations Thread 14" [_thread_blocked, id=1280, stack(0x0000002fbf200000,0x0000002fbf300000)]
  0x000001db3bbbf000 JavaThread "Unconstrained build operations Thread 15" [_thread_blocked, id=16860, stack(0x0000002fbf300000,0x0000002fbf400000)]
  0x000001db3bbb9800 JavaThread "Unconstrained build operations Thread 16" [_thread_blocked, id=27304, stack(0x0000002fbf400000,0x0000002fbf500000)]
  0x000001db36357800 JavaThread "Unconstrained build operations Thread 17" [_thread_blocked, id=2208, stack(0x0000002fbf500000,0x0000002fbf600000)]
  0x000001db36355000 JavaThread "Unconstrained build operations Thread 18" [_thread_blocked, id=19536, stack(0x0000002fbf600000,0x0000002fbf700000)]
  0x000001db36358800 JavaThread "Unconstrained build operations Thread 19" [_thread_blocked, id=15832, stack(0x0000002fbf700000,0x0000002fbf800000)]
  0x000001db36354800 JavaThread "Unconstrained build operations Thread 20" [_thread_blocked, id=33104, stack(0x0000002fbf800000,0x0000002fbf900000)]
  0x000001db3635b000 JavaThread "Unconstrained build operations Thread 21" [_thread_blocked, id=1948, stack(0x0000002fbf900000,0x0000002fbfa00000)]
  0x000001db3635b800 JavaThread "Unconstrained build operations Thread 22" [_thread_blocked, id=29164, stack(0x0000002fbfa00000,0x0000002fbfb00000)]
  0x000001db36359800 JavaThread "Unconstrained build operations Thread 23" [_thread_blocked, id=9540, stack(0x0000002fbfb00000,0x0000002fbfc00000)]
  0x000001db3635a000 JavaThread "Unconstrained build operations Thread 24" [_thread_blocked, id=27748, stack(0x0000002fbfc00000,0x0000002fbfd00000)]
  0x000001db36356000 JavaThread "Unconstrained build operations Thread 25" [_thread_blocked, id=20364, stack(0x0000002fbfd00000,0x0000002fbfe00000)]
  0x000001db3635c800 JavaThread "Unconstrained build operations Thread 26" [_thread_blocked, id=1632, stack(0x0000002fbfe00000,0x0000002fbff00000)]
  0x000001db36357000 JavaThread "Unconstrained build operations Thread 27" [_thread_blocked, id=15624, stack(0x0000002fbff00000,0x0000002fc0000000)]
  0x000001db36360800 JavaThread "Unconstrained build operations Thread 28" [_thread_blocked, id=5212, stack(0x0000002fc0000000,0x0000002fc0100000)]
  0x000001db36361800 JavaThread "Unconstrained build operations Thread 29" [_thread_blocked, id=30628, stack(0x0000002fc0100000,0x0000002fc0200000)]
  0x000001db36360000 JavaThread "Unconstrained build operations Thread 30" [_thread_blocked, id=30928, stack(0x0000002fc0200000,0x0000002fc0300000)]
  0x000001db36362800 JavaThread "Unconstrained build operations Thread 31" [_thread_blocked, id=27960, stack(0x0000002fc0300000,0x0000002fc0400000)]
  0x000001db3635f000 JavaThread "Unconstrained build operations Thread 32" [_thread_blocked, id=3636, stack(0x0000002fc0400000,0x0000002fc0500000)]
  0x000001db36363000 JavaThread "Unconstrained build operations Thread 33" [_thread_blocked, id=23784, stack(0x0000002fc0500000,0x0000002fc0600000)]
  0x000001db3635d800 JavaThread "Unconstrained build operations Thread 34" [_thread_blocked, id=10668, stack(0x0000002fc0600000,0x0000002fc0700000)]
  0x000001db3635e000 JavaThread "Unconstrained build operations Thread 35" [_thread_blocked, id=34332, stack(0x0000002fc0700000,0x0000002fc0800000)]
  0x000001db3af0a800 JavaThread "Unconstrained build operations Thread 36" [_thread_blocked, id=27292, stack(0x0000002fc0800000,0x0000002fc0900000)]
  0x000001db3af09800 JavaThread "Unconstrained build operations Thread 37" [_thread_blocked, id=30300, stack(0x0000002fc0900000,0x0000002fc0a00000)]
  0x000001db3af0d800 JavaThread "Unconstrained build operations Thread 38" [_thread_blocked, id=29916, stack(0x0000002fc0a00000,0x0000002fc0b00000)]
  0x000001db3af08000 JavaThread "Unconstrained build operations Thread 39" [_thread_blocked, id=30304, stack(0x0000002fc0b00000,0x0000002fc0c00000)]
  0x000001db3af0e800 JavaThread "Unconstrained build operations Thread 40" [_thread_blocked, id=28760, stack(0x0000002fc0c00000,0x0000002fc0d00000)]
  0x000001db3a8a8800 JavaThread "C2 CompilerThread1" daemon [_thread_blocked, id=31916, stack(0x0000002fbe100000,0x0000002fbe200000)]

Other Threads:
=>0x000001db35698800 VMThread "VM Thread" [stack: 0x0000002fbbb00000,0x0000002fbbc00000] [id=11856]
  0x000001db36188000 WatcherThread [stack: 0x0000002fbc500000,0x0000002fbc600000] [id=33804]
  0x000001db1bb0a000 GCTaskThread "GC Thread#0" [stack: 0x0000002fbb600000,0x0000002fbb700000] [id=23572]
  0x000001db362bb800 GCTaskThread "GC Thread#1" [stack: 0x0000002fbc600000,0x0000002fbc700000] [id=14160]
  0x000001db378f3800 GCTaskThread "GC Thread#2" [stack: 0x0000002fbc800000,0x0000002fbc900000] [id=5104]
  0x000001db37743800 GCTaskThread "GC Thread#3" [stack: 0x0000002fbc900000,0x0000002fbca00000] [id=20468]
  0x000001db1bb3c800 ConcurrentGCThread "G1 Main Marker" [stack: 0x0000002fbb700000,0x0000002fbb800000] [id=20536]
  0x000001db1bb3d800 ConcurrentGCThread "G1 Conc#0" [stack: 0x0000002fbb800000,0x0000002fbb900000] [id=21860]
  0x000001db1bb98000 ConcurrentGCThread "G1 Refine#0" [stack: 0x0000002fbb900000,0x0000002fbba00000] [id=19216]
  0x000001db1bb99000 ConcurrentGCThread "G1 Young RemSet Sampling" [stack: 0x0000002fbba00000,0x0000002fbbb00000] [id=18640]

Threads with active compile tasks:
C2 CompilerThread0  22627 6046       4       org.apache.xerces.dom.AttrImpl::getNodeName (16 bytes)

VM state:at safepoint (normal execution)

VM Mutex/Monitor currently owned by a thread:  ([mutex/lock_event])
[0x000001db1baef9e0] Threads_lock - owner thread: 0x000001db35698800
[0x000001db1baefd40] Heap_lock - owner thread: 0x000001db35708800

Heap address: 0x0000000080000000, size: 2048 MB, Compressed Oops mode: 32-bit
Narrow klass base: 0x0000000000000000, Narrow klass shift: 3
Compressed class space size: 1073741824 Address: 0x0000000100000000

Heap:
 garbage-first heap   total 140288K, used 69717K [0x0000000080000000, 0x0000000100000000)
  region size 1024K, 1 young (1024K), 1 survivors (1024K)
 Metaspace       used 55415K, capacity 57004K, committed 57264K, reserved 1099776K
  class space    used 7096K, capacity 7669K, committed 7680K, reserved 1048576K
Heap Regions: E=young(eden), S=young(survivor), O=old, HS=humongous(starts), HC=humongous(continues), CS=collection set, F=free, A=archive, TAMS=top-at-mark-start (previous, next)
|   0|0x0000000080000000, 0x0000000080100000, 0x0000000080100000|100%| O|  |TAMS 0x0000000080100000, 0x0000000080100000| Untracked 
|   1|0x0000000080100000, 0x0000000080200000, 0x0000000080200000|100%| O|  |TAMS 0x0000000080200000, 0x0000000080200000| Untracked 
|   2|0x0000000080200000, 0x0000000080300000, 0x0000000080300000|100%| O|  |TAMS 0x0000000080300000, 0x0000000080300000| Untracked 
|   3|0x0000000080300000, 0x0000000080400000, 0x0000000080400000|100%|HS|  |TAMS 0x0000000080400000, 0x0000000080400000| Complete 
|   4|0x0000000080400000, 0x0000000080500000, 0x0000000080500000|100%|HC|  |TAMS 0x0000000080500000, 0x0000000080500000| Complete 
|   5|0x0000000080500000, 0x0000000080600000, 0x0000000080600000|100%|HC|  |TAMS 0x0000000080600000, 0x0000000080600000| Complete 
|   6|0x0000000080600000, 0x0000000080700000, 0x0000000080700000|100%| O|  |TAMS 0x0000000080700000, 0x0000000080700000| Untracked 
|   7|0x0000000080700000, 0x0000000080800000, 0x0000000080800000|100%| O|  |TAMS 0x0000000080800000, 0x0000000080800000| Untracked 
|   8|0x0000000080800000, 0x0000000080900000, 0x0000000080900000|100%| O|  |TAMS 0x0000000080900000, 0x0000000080900000| Untracked 
|   9|0x0000000080900000, 0x0000000080a00000, 0x0000000080a00000|100%| O|  |TAMS 0x0000000080a00000, 0x0000000080a00000| Untracked 
|  10|0x0000000080a00000, 0x0000000080b00000, 0x0000000080b00000|100%| O|  |TAMS 0x0000000080b00000, 0x0000000080b00000| Untracked 
|  11|0x0000000080b00000, 0x0000000080c00000, 0x0000000080c00000|100%| O|  |TAMS 0x0000000080c00000, 0x0000000080c00000| Untracked 
|  12|0x0000000080c00000, 0x0000000080d00000, 0x0000000080d00000|100%| O|  |TAMS 0x0000000080d00000, 0x0000000080d00000| Untracked 
|  13|0x0000000080d00000, 0x0000000080e00000, 0x0000000080e00000|100%| O|  |TAMS 0x0000000080e00000, 0x0000000080e00000| Untracked 
|  14|0x0000000080e00000, 0x0000000080f00000, 0x0000000080f00000|100%| O|  |TAMS 0x0000000080f00000, 0x0000000080f00000| Untracked 
|  15|0x0000000080f00000, 0x0000000081000000, 0x0000000081000000|100%| O|  |TAMS 0x0000000081000000, 0x0000000081000000| Untracked 
|  16|0x0000000081000000, 0x0000000081100000, 0x0000000081100000|100%|HS|  |TAMS 0x0000000081100000, 0x0000000081100000| Complete 
|  17|0x0000000081100000, 0x0000000081200000, 0x0000000081200000|100%|HC|  |TAMS 0x0000000081200000, 0x0000000081200000| Complete 
|  18|0x0000000081200000, 0x0000000081300000, 0x0000000081300000|100%|HS|  |TAMS 0x0000000081300000, 0x0000000081300000| Complete 
|  19|0x0000000081300000, 0x0000000081400000, 0x0000000081400000|100%|HC|  |TAMS 0x0000000081400000, 0x0000000081400000| Complete 
|  20|0x0000000081400000, 0x0000000081500000, 0x0000000081500000|100%|HC|  |TAMS 0x0000000081500000, 0x0000000081500000| Complete 
|  21|0x0000000081500000, 0x0000000081600000, 0x0000000081600000|100%|HS|  |TAMS 0x0000000081600000, 0x0000000081600000| Complete 
|  22|0x0000000081600000, 0x0000000081700000, 0x0000000081700000|100%|HC|  |TAMS 0x0000000081700000, 0x0000000081700000| Complete 
|  23|0x0000000081700000, 0x0000000081800000, 0x0000000081800000|100%|HC|  |TAMS 0x0000000081800000, 0x0000000081800000| Complete 
|  24|0x0000000081800000, 0x0000000081900000, 0x0000000081900000|100%|HC|  |TAMS 0x0000000081900000, 0x0000000081900000| Complete 
|  25|0x0000000081900000, 0x0000000081a00000, 0x0000000081a00000|100%| O|  |TAMS 0x0000000081a00000, 0x0000000081a00000| Untracked 
|  26|0x0000000081a00000, 0x0000000081b00000, 0x0000000081b00000|100%| O|  |TAMS 0x0000000081b00000, 0x0000000081b00000| Untracked 
|  27|0x0000000081b00000, 0x0000000081c00000, 0x0000000081c00000|100%| O|  |TAMS 0x0000000081c00000, 0x0000000081c00000| Untracked 
|  28|0x0000000081c00000, 0x0000000081d00000, 0x0000000081d00000|100%| O|  |TAMS 0x0000000081d00000, 0x0000000081d00000| Untracked 
|  29|0x0000000081d00000, 0x0000000081e00000, 0x0000000081e00000|100%| O|  |TAMS 0x0000000081e00000, 0x0000000081e00000| Untracked 
|  30|0x0000000081e00000, 0x0000000081f00000, 0x0000000081f00000|100%| O|  |TAMS 0x0000000081f00000, 0x0000000081f00000| Untracked 
|  31|0x0000000081f00000, 0x0000000082000000, 0x0000000082000000|100%| O|  |TAMS 0x0000000082000000, 0x0000000082000000| Untracked 
|  32|0x0000000082000000, 0x0000000082100000, 0x0000000082100000|100%| O|  |TAMS 0x0000000082100000, 0x0000000082100000| Untracked 
|  33|0x0000000082100000, 0x0000000082200000, 0x0000000082200000|100%| O|  |TAMS 0x0000000082200000, 0x0000000082200000| Untracked 
|  34|0x0000000082200000, 0x0000000082300000, 0x0000000082300000|100%| O|  |TAMS 0x0000000082300000, 0x0000000082300000| Untracked 
|  35|0x0000000082300000, 0x0000000082400000, 0x0000000082400000|100%| O|  |TAMS 0x0000000082400000, 0x0000000082400000| Untracked 
|  36|0x0000000082400000, 0x0000000082500000, 0x0000000082500000|100%| O|  |TAMS 0x0000000082500000, 0x0000000082500000| Untracked 
|  37|0x0000000082500000, 0x0000000082600000, 0x0000000082600000|100%| O|  |TAMS 0x0000000082600000, 0x0000000082600000| Untracked 
|  38|0x0000000082600000, 0x0000000082700000, 0x0000000082700000|100%| O|  |TAMS 0x0000000082700000, 0x0000000082700000| Untracked 
|  39|0x0000000082700000, 0x0000000082800000, 0x0000000082800000|100%| O|  |TAMS 0x0000000082800000, 0x0000000082800000| Untracked 
|  40|0x0000000082800000, 0x0000000082900000, 0x0000000082900000|100%|HS|  |TAMS 0x0000000082900000, 0x0000000082900000| Complete 
|  41|0x0000000082900000, 0x0000000082a00000, 0x0000000082a00000|100%|HC|  |TAMS 0x0000000082a00000, 0x0000000082a00000| Complete 
|  42|0x0000000082a00000, 0x0000000082b00000, 0x0000000082b00000|100%|HC|  |TAMS 0x0000000082b00000, 0x0000000082b00000| Complete 
|  43|0x0000000082b00000, 0x0000000082c00000, 0x0000000082c00000|100%| O|  |TAMS 0x0000000082c00000, 0x0000000082c00000| Untracked 
|  44|0x0000000082c00000, 0x0000000082d00000, 0x0000000082d00000|100%| O|  |TAMS 0x0000000082d00000, 0x0000000082d00000| Untracked 
|  45|0x0000000082d00000, 0x0000000082e00000, 0x0000000082e00000|100%| O|  |TAMS 0x0000000082e00000, 0x0000000082e00000| Untracked 
|  46|0x0000000082e00000, 0x0000000082f00000, 0x0000000082f00000|100%| O|  |TAMS 0x0000000082f00000, 0x0000000082f00000| Untracked 
|  47|0x0000000082f00000, 0x0000000083000000, 0x0000000083000000|100%| O|  |TAMS 0x0000000083000000, 0x0000000083000000| Untracked 
|  48|0x0000000083000000, 0x0000000083100000, 0x0000000083100000|100%|HS|  |TAMS 0x0000000083100000, 0x0000000083100000| Complete 
|  49|0x0000000083100000, 0x0000000083200000, 0x0000000083200000|100%|HC|  |TAMS 0x0000000083200000, 0x0000000083200000| Complete 
|  50|0x0000000083200000, 0x0000000083300000, 0x0000000083300000|100%|HC|  |TAMS 0x0000000083300000, 0x0000000083300000| Complete 
|  51|0x0000000083300000, 0x0000000083400000, 0x0000000083400000|100%|HC|  |TAMS 0x0000000083400000, 0x0000000083400000| Complete 
|  52|0x0000000083400000, 0x0000000083500000, 0x0000000083500000|100%| O|  |TAMS 0x0000000083500000, 0x0000000083500000| Untracked 
|  53|0x0000000083500000, 0x0000000083600000, 0x0000000083600000|100%| O|  |TAMS 0x0000000083600000, 0x0000000083600000| Untracked 
|  54|0x0000000083600000, 0x0000000083700000, 0x0000000083700000|100%| O|  |TAMS 0x0000000083700000, 0x0000000083700000| Untracked 
|  55|0x0000000083700000, 0x0000000083800000, 0x0000000083800000|100%|HS|  |TAMS 0x0000000083800000, 0x0000000083800000| Complete 
|  56|0x0000000083800000, 0x0000000083900000, 0x0000000083900000|100%|HS|  |TAMS 0x0000000083900000, 0x0000000083900000| Complete 
|  57|0x0000000083900000, 0x0000000083a00000, 0x0000000083a00000|100%|HS|  |TAMS 0x0000000083a00000, 0x0000000083a00000| Complete 
|  58|0x0000000083a00000, 0x0000000083b00000, 0x0000000083b00000|100%| O|  |TAMS 0x0000000083b00000, 0x0000000083b00000| Untracked 
|  59|0x0000000083b00000, 0x0000000083c00000, 0x0000000083c00000|100%|HS|  |TAMS 0x0000000083b00000, 0x0000000083c00000| Complete 
|  60|0x0000000083c00000, 0x0000000083d00000, 0x0000000083d00000|100%|HC|  |TAMS 0x0000000083c00000, 0x0000000083d00000| Complete 
|  61|0x0000000083d00000, 0x0000000083e00000, 0x0000000083e00000|100%| O|  |TAMS 0x0000000083d00000, 0x0000000083e00000| Untracked 
|  62|0x0000000083e00000, 0x0000000083f00000, 0x0000000083f00000|100%| O|  |TAMS 0x0000000083e00000, 0x0000000083f00000| Untracked 
|  63|0x0000000083f00000, 0x0000000084000000, 0x0000000084000000|100%| O|  |TAMS 0x0000000083f00000, 0x0000000084000000| Untracked 
|  64|0x0000000084000000, 0x0000000084100000, 0x0000000084100000|100%| O|  |TAMS 0x0000000084000000, 0x0000000084100000| Untracked 
|  65|0x0000000084100000, 0x0000000084200000, 0x0000000084200000|100%| O|  |TAMS 0x0000000084100000, 0x0000000084200000| Untracked 
|  66|0x0000000084200000, 0x0000000084300000, 0x0000000084300000|100%| O|  |TAMS 0x0000000084200000, 0x0000000084300000| Untracked 
|  67|0x0000000084300000, 0x000000008431ca00, 0x0000000084400000| 11%| O|  |TAMS 0x0000000084300000, 0x000000008431ca00| Untracked 
|  68|0x0000000084400000, 0x0000000084400000, 0x0000000084500000|  0%| F|  |TAMS 0x0000000084400000, 0x0000000084400000| Untracked 
|  69|0x0000000084500000, 0x0000000084500000, 0x0000000084600000|  0%| F|  |TAMS 0x0000000084500000, 0x0000000084500000| Untracked 
|  70|0x0000000084600000, 0x0000000084600000, 0x0000000084700000|  0%| F|  |TAMS 0x0000000084600000, 0x0000000084600000| Untracked 
|  71|0x0000000084700000, 0x0000000084700000, 0x0000000084800000|  0%| F|  |TAMS 0x0000000084700000, 0x0000000084700000| Untracked 
|  72|0x0000000084800000, 0x0000000084800000, 0x0000000084900000|  0%| F|  |TAMS 0x0000000084800000, 0x0000000084800000| Untracked 
|  73|0x0000000084900000, 0x0000000084900000, 0x0000000084a00000|  0%| F|  |TAMS 0x0000000084900000, 0x0000000084900000| Untracked 
|  74|0x0000000084a00000, 0x0000000084a00000, 0x0000000084b00000|  0%| F|  |TAMS 0x0000000084a00000, 0x0000000084a00000| Untracked 
|  75|0x0000000084b00000, 0x0000000084b00000, 0x0000000084c00000|  0%| F|  |TAMS 0x0000000084b00000, 0x0000000084b00000| Untracked 
|  76|0x0000000084c00000, 0x0000000084c00000, 0x0000000084d00000|  0%| F|  |TAMS 0x0000000084c00000, 0x0000000084c00000| Untracked 
|  77|0x0000000084d00000, 0x0000000084d00000, 0x0000000084e00000|  0%| F|  |TAMS 0x0000000084d00000, 0x0000000084d00000| Untracked 
|  78|0x0000000084e00000, 0x0000000084e00000, 0x0000000084f00000|  0%| F|  |TAMS 0x0000000084e00000, 0x0000000084e00000| Untracked 
|  79|0x0000000084f00000, 0x0000000084f00000, 0x0000000085000000|  0%| F|  |TAMS 0x0000000084f00000, 0x0000000084f00000| Untracked 
|  80|0x0000000085000000, 0x0000000085000000, 0x0000000085100000|  0%| F|  |TAMS 0x0000000085000000, 0x0000000085000000| Untracked 
|  81|0x0000000085100000, 0x0000000085100000, 0x0000000085200000|  0%| F|  |TAMS 0x0000000085100000, 0x0000000085100000| Untracked 
|  82|0x0000000085200000, 0x0000000085200000, 0x0000000085300000|  0%| F|  |TAMS 0x0000000085200000, 0x0000000085200000| Untracked 
|  83|0x0000000085300000, 0x0000000085300000, 0x0000000085400000|  0%| F|  |TAMS 0x0000000085300000, 0x0000000085300000| Untracked 
|  84|0x0000000085400000, 0x0000000085400000, 0x0000000085500000|  0%| F|  |TAMS 0x0000000085400000, 0x0000000085400000| Untracked 
|  85|0x0000000085500000, 0x0000000085500000, 0x0000000085600000|  0%| F|  |TAMS 0x0000000085500000, 0x0000000085500000| Untracked 
|  86|0x0000000085600000, 0x0000000085600000, 0x0000000085700000|  0%| F|  |TAMS 0x0000000085600000, 0x0000000085600000| Untracked 
|  87|0x0000000085700000, 0x0000000085700000, 0x0000000085800000|  0%| F|  |TAMS 0x0000000085700000, 0x0000000085700000| Untracked 
|  88|0x0000000085800000, 0x0000000085800000, 0x0000000085900000|  0%| F|  |TAMS 0x0000000085800000, 0x0000000085800000| Untracked 
|  89|0x0000000085900000, 0x0000000085900000, 0x0000000085a00000|  0%| F|  |TAMS 0x0000000085900000, 0x0000000085900000| Untracked 
|  90|0x0000000085a00000, 0x0000000085a00000, 0x0000000085b00000|  0%| F|  |TAMS 0x0000000085a00000, 0x0000000085a00000| Untracked 
|  91|0x0000000085b00000, 0x0000000085b00000, 0x0000000085c00000|  0%| F|  |TAMS 0x0000000085b00000, 0x0000000085b00000| Untracked 
|  92|0x0000000085c00000, 0x0000000085c00000, 0x0000000085d00000|  0%| F|  |TAMS 0x0000000085c00000, 0x0000000085c00000| Untracked 
|  93|0x0000000085d00000, 0x0000000085df8c10, 0x0000000085e00000| 97%| S|CS|TAMS 0x0000000085d00000, 0x0000000085d00000| Complete 
|  94|0x0000000085e00000, 0x0000000085e00000, 0x0000000085f00000|  0%| F|  |TAMS 0x0000000085e00000, 0x0000000085e00000| Untracked 
|  95|0x0000000085f00000, 0x0000000085f00000, 0x0000000086000000|  0%| F|  |TAMS 0x0000000085f00000, 0x0000000085f00000| Untracked 
|  96|0x0000000086000000, 0x0000000086000000, 0x0000000086100000|  0%| F|  |TAMS 0x0000000086000000, 0x0000000086000000| Untracked 
|  97|0x0000000086100000, 0x0000000086100000, 0x0000000086200000|  0%| F|  |TAMS 0x0000000086100000, 0x0000000086100000| Untracked 
|  98|0x0000000086200000, 0x0000000086200000, 0x0000000086300000|  0%| F|  |TAMS 0x0000000086200000, 0x0000000086200000| Untracked 
|  99|0x0000000086300000, 0x0000000086300000, 0x0000000086400000|  0%| F|  |TAMS 0x0000000086300000, 0x0000000086300000| Untracked 
| 100|0x0000000086400000, 0x0000000086400000, 0x0000000086500000|  0%| F|  |TAMS 0x0000000086400000, 0x0000000086400000| Untracked 
| 101|0x0000000086500000, 0x0000000086500000, 0x0000000086600000|  0%| F|  |TAMS 0x0000000086500000, 0x0000000086500000| Untracked 
| 102|0x0000000086600000, 0x0000000086600000, 0x0000000086700000|  0%| F|  |TAMS 0x0000000086600000, 0x0000000086600000| Untracked 
| 103|0x0000000086700000, 0x0000000086700000, 0x0000000086800000|  0%| F|  |TAMS 0x0000000086700000, 0x0000000086700000| Untracked 
| 104|0x0000000086800000, 0x0000000086800000, 0x0000000086900000|  0%| F|  |TAMS 0x0000000086800000, 0x0000000086800000| Untracked 
| 105|0x0000000086900000, 0x0000000086900000, 0x0000000086a00000|  0%| F|  |TAMS 0x0000000086900000, 0x0000000086900000| Untracked 
| 106|0x0000000086a00000, 0x0000000086a00000, 0x0000000086b00000|  0%| F|  |TAMS 0x0000000086a00000, 0x0000000086a00000| Untracked 
| 107|0x0000000086b00000, 0x0000000086b00000, 0x0000000086c00000|  0%| F|  |TAMS 0x0000000086b00000, 0x0000000086b00000| Untracked 
| 108|0x0000000086c00000, 0x0000000086c00000, 0x0000000086d00000|  0%| F|  |TAMS 0x0000000086c00000, 0x0000000086c00000| Untracked 
| 109|0x0000000086d00000, 0x0000000086d00000, 0x0000000086e00000|  0%| F|  |TAMS 0x0000000086d00000, 0x0000000086d00000| Untracked 
| 110|0x0000000086e00000, 0x0000000086e00000, 0x0000000086f00000|  0%| F|  |TAMS 0x0000000086e00000, 0x0000000086e00000| Untracked 
| 111|0x0000000086f00000, 0x0000000086f00000, 0x0000000087000000|  0%| F|  |TAMS 0x0000000086f00000, 0x0000000086f00000| Untracked 
| 112|0x0000000087000000, 0x0000000087000000, 0x0000000087100000|  0%| F|  |TAMS 0x0000000087000000, 0x0000000087000000| Untracked 
| 113|0x0000000087100000, 0x0000000087100000, 0x0000000087200000|  0%| F|  |TAMS 0x0000000087100000, 0x0000000087100000| Untracked 

Card table byte_map: [0x000001db2e9f0000,0x000001db2edf0000] _byte_map_base: 0x000001db2e5f0000

Marking Bits (Prev, Next): (CMBitMap*) 0x000001db1bb33760, (CMBitMap*) 0x000001db1bb33728
 Prev Bits: [0x000001db311f0000, 0x000001db331f0000)
 Next Bits: [0x000001db2f1f0000, 0x000001db311f0000)

Polling page: 0x000001db1b2d0000

Metaspace:

Usage:
  Non-class:     48.18 MB capacity,    47.19 MB ( 98%) used,   868.76 KB (  2%) free+waste,   147.19 KB ( <1%) overhead. 
      Class:      7.49 MB capacity,     6.93 MB ( 93%) used,   501.54 KB (  7%) free+waste,    70.75 KB ( <1%) overhead. 
       Both:     55.67 MB capacity,    54.12 MB ( 97%) used,     1.34 MB (  2%) free+waste,   217.94 KB ( <1%) overhead. 

Virtual space:
  Non-class space:       50.00 MB reserved,      48.42 MB ( 97%) committed 
      Class space:        1.00 GB reserved,       7.50 MB ( <1%) committed 
             Both:        1.05 GB reserved,      55.92 MB (  5%) committed 

Chunk freelists:
   Non-Class:  57.00 KB
       Class:  11.00 KB
        Both:  68.00 KB

MaxMetaspaceSize: 17179869184.00 GB
CompressedClassSpaceSize: 1.00 GB

CodeHeap 'non-profiled nmethods': size=120064Kb used=3303Kb max_used=3303Kb free=116760Kb
 bounds [0x000001db270b0000, 0x000001db273f0000, 0x000001db2e5f0000]
CodeHeap 'profiled nmethods': size=120000Kb used=12659Kb max_used=12659Kb free=107340Kb
 bounds [0x000001db1fb80000, 0x000001db207e0000, 0x000001db270b0000]
CodeHeap 'non-nmethods': size=5696Kb used=2233Kb max_used=2273Kb free=3462Kb
 bounds [0x000001db1f5f0000, 0x000001db1f860000, 0x000001db1fb80000]
 total_blobs=6816 nmethods=6005 adapters=722
 compilation: enabled
              stopped_count=0, restarted_count=0
 full_count=0

Compilation events (20 events):
Event: 22.542 Thread 0x000001db3602e000 6038       3       org.apache.xerces.dom.DeferredAttrImpl::synchronizeChildren (18 bytes)
Event: 22.543 Thread 0x000001db3602e000 nmethod 6038 0x000001db207d9690 code [0x000001db207d9880, 0x000001db207d9e38]
Event: 22.543 Thread 0x000001db3602e000 6039       3       org.apache.xerces.dom.DeferredDocumentImpl::synchronizeChildren (167 bytes)
Event: 22.544 Thread 0x000001db3602e000 nmethod 6039 0x000001db207da010 code [0x000001db207da2c0, 0x000001db207db228]
Event: 22.544 Thread 0x000001db3602e000 6042       3       org.apache.xerces.dom.NodeImpl::hasStringValue (17 bytes)
Event: 22.545 Thread 0x000001db3602e000 nmethod 6042 0x000001db207db810 code [0x000001db207db9c0, 0x000001db207dbb18]
Event: 22.545 Thread 0x000001db3602e000 6033       3       org.apache.xerces.dom.DocumentImpl::setAttrNode (40 bytes)
Event: 22.545 Thread 0x000001db3602e000 nmethod 6033 0x000001db207dbb90 code [0x000001db207dbd80, 0x000001db207dc248]
Event: 22.545 Thread 0x000001db3602e000 6034       3       org.apache.xerces.dom.NodeImpl::isNormalized (56 bytes)
Event: 22.546 Thread 0x000001db3602e000 nmethod 6034 0x000001db207dc410 code [0x000001db207dc5e0, 0x000001db207dc928]
Event: 22.546 Thread 0x000001db3602e000 6024       3       kotlin.jvm.internal.Intrinsics::areEqual (22 bytes)
Event: 22.546 Thread 0x000001db3602e000 nmethod 6024 0x000001db207dca10 code [0x000001db207dcbe0, 0x000001db207dce28]
Event: 22.546 Thread 0x000001db3602e000 6048       1       com.google.common.collect.ImmutableMapEntry::getNextInKeyBucket (2 bytes)
Event: 22.546 Thread 0x000001db3602e000 nmethod 6048 0x000001db273e9390 code [0x000001db273e9540, 0x000001db273e95f8]
Event: 22.546 Thread 0x000001db3602e000 6021       1       org.apache.xerces.dom.TextImpl::getNodeType (2 bytes)
Event: 22.546 Thread 0x000001db3602e000 nmethod 6021 0x000001db273e9690 code [0x000001db273e9840, 0x000001db273e98f8]
Event: 22.546 Thread 0x000001db3602e000 6022       1       org.apache.xerces.dom.ElementImpl::getNodeType (2 bytes)
Event: 22.547 Thread 0x000001db3602e000 nmethod 6022 0x000001db273e9990 code [0x000001db273e9b40, 0x000001db273e9bf8]
Event: 22.547 Thread 0x000001db3602e000 6047       1       com.google.common.collect.ImmutableEntry::getKey (5 bytes)
Event: 22.547 Thread 0x000001db3602e000 nmethod 6047 0x000001db273e9c90 code [0x000001db273e9e40, 0x000001db273e9ef8]

GC Heap History (20 events):
Event: 17.849 GC heap after
{Heap after GC invocations=34 (full 0):
 garbage-first heap   total 78848K, used 49096K [0x0000000080000000, 0x0000000100000000)
  region size 1024K, 2 young (2048K), 2 survivors (2048K)
 Metaspace       used 45838K, capacity 47126K, committed 47152K, reserved 1089536K
  class space    used 5815K, capacity 6260K, committed 6272K, reserved 1048576K
}
Event: 18.044 GC heap before
{Heap before GC invocations=35 (full 0):
 garbage-first heap   total 78848K, used 51144K [0x0000000080000000, 0x0000000100000000)
  region size 1024K, 5 young (5120K), 2 survivors (2048K)
 Metaspace       used 46151K, capacity 47463K, committed 47536K, reserved 1091584K
  class space    used 5869K, capacity 6330K, committed 6400K, reserved 1048576K
}
Event: 18.051 GC heap after
{Heap after GC invocations=36 (full 0):
 garbage-first heap   total 78848K, used 49388K [0x0000000080000000, 0x0000000100000000)
  region size 1024K, 2 young (2048K), 2 survivors (2048K)
 Metaspace       used 46151K, capacity 47463K, committed 47536K, reserved 1091584K
  class space    used 5869K, capacity 6330K, committed 6400K, reserved 1048576K
}
Event: 18.334 GC heap before
{Heap before GC invocations=37 (full 0):
 garbage-first heap   total 78848K, used 63724K [0x0000000080000000, 0x0000000100000000)
  region size 1024K, 12 young (12288K), 2 survivors (2048K)
 Metaspace       used 46687K, capacity 48016K, committed 48176K, reserved 1091584K
  class space    used 5947K, capacity 6429K, committed 6528K, reserved 1048576K
}
Event: 18.340 GC heap after
{Heap after GC invocations=38 (full 0):
 garbage-first heap   total 95232K, used 54673K [0x0000000080000000, 0x0000000100000000)
  region size 1024K, 2 young (2048K), 2 survivors (2048K)
 Metaspace       used 46687K, capacity 48016K, committed 48176K, reserved 1091584K
  class space    used 5947K, capacity 6429K, committed 6528K, reserved 1048576K
}
Event: 18.697 GC heap before
{Heap before GC invocations=38 (full 0):
 garbage-first heap   total 95232K, used 70033K [0x0000000080000000, 0x0000000100000000)
  region size 1024K, 17 young (17408K), 2 survivors (2048K)
 Metaspace       used 47491K, capacity 48890K, committed 49072K, reserved 1091584K
  class space    used 6082K, capacity 6573K, committed 6656K, reserved 1048576K
}
Event: 18.701 GC heap after
{Heap after GC invocations=39 (full 0):
 garbage-first heap   total 95232K, used 55014K [0x0000000080000000, 0x0000000100000000)
  region size 1024K, 2 young (2048K), 2 survivors (2048K)
 Metaspace       used 47491K, capacity 48890K, committed 49072K, reserved 1091584K
  class space    used 6082K, capacity 6573K, committed 6656K, reserved 1048576K
}
Event: 19.039 GC heap before
{Heap before GC invocations=40 (full 0):
 garbage-first heap   total 95232K, used 71398K [0x0000000080000000, 0x0000000100000000)
  region size 1024K, 18 young (18432K), 2 survivors (2048K)
 Metaspace       used 48684K, capacity 50126K, committed 50224K, reserved 1093632K
  class space    used 6281K, capacity 6771K, committed 6784K, reserved 1048576K
}
Event: 19.046 GC heap after
{Heap after GC invocations=41 (full 0):
 garbage-first heap   total 95232K, used 55577K [0x0000000080000000, 0x0000000100000000)
  region size 1024K, 2 young (2048K), 2 survivors (2048K)
 Metaspace       used 48684K, capacity 50126K, committed 50224K, reserved 1093632K
  class space    used 6281K, capacity 6771K, committed 6784K, reserved 1048576K
}
Event: 19.905 GC heap before
{Heap before GC invocations=41 (full 0):
 garbage-first heap   total 95232K, used 71961K [0x0000000080000000, 0x0000000100000000)
  region size 1024K, 18 young (18432K), 2 survivors (2048K)
 Metaspace       used 49712K, capacity 51225K, committed 51376K, reserved 1093632K
  class space    used 6395K, capacity 6900K, committed 6912K, reserved 1048576K
}
Event: 19.919 GC heap after
{Heap after GC invocations=42 (full 0):
 garbage-first heap   total 95232K, used 57088K [0x0000000080000000, 0x0000000100000000)
  region size 1024K, 3 young (3072K), 3 survivors (3072K)
 Metaspace       used 49712K, capacity 51225K, committed 51376K, reserved 1093632K
  class space    used 6395K, capacity 6900K, committed 6912K, reserved 1048576K
}
Event: 20.728 GC heap before
{Heap before GC invocations=43 (full 0):
 garbage-first heap   total 95232K, used 72448K [0x0000000080000000, 0x0000000100000000)
  region size 1024K, 19 young (19456K), 3 survivors (3072K)
 Metaspace       used 50197K, capacity 51695K, committed 52016K, reserved 1093632K
  class space    used 6420K, capacity 6924K, committed 7040K, reserved 1048576K
}
Event: 20.738 GC heap after
{Heap after GC invocations=44 (full 0):
 garbage-first heap   total 116736K, used 57312K [0x0000000080000000, 0x0000000100000000)
  region size 1024K, 2 young (2048K), 2 survivors (2048K)
 Metaspace       used 50197K, capacity 51695K, committed 52016K, reserved 1093632K
  class space    used 6420K, capacity 6924K, committed 7040K, reserved 1048576K
}
Event: 20.858 GC heap before
{Heap before GC invocations=44 (full 0):
 garbage-first heap   total 116736K, used 60384K [0x0000000080000000, 0x0000000100000000)
  region size 1024K, 6 young (6144K), 2 survivors (2048K)
 Metaspace       used 50383K, capacity 51877K, committed 52016K, reserved 1093632K
  class space    used 6451K, capacity 6961K, committed 7040K, reserved 1048576K
}
Event: 20.866 GC heap after
{Heap after GC invocations=45 (full 0):
 garbage-first heap   total 116736K, used 57598K [0x0000000080000000, 0x0000000100000000)
  region size 1024K, 3 young (3072K), 3 survivors (3072K)
 Metaspace       used 50383K, capacity 51877K, committed 52016K, reserved 1093632K
  class space    used 6451K, capacity 6961K, committed 7040K, reserved 1048576K
}
Event: 21.268 GC heap before
{Heap before GC invocations=46 (full 0):
 garbage-first heap   total 116736K, used 64766K [0x0000000080000000, 0x0000000100000000)
  region size 1024K, 9 young (9216K), 3 survivors (3072K)
 Metaspace       used 50392K, capacity 51878K, committed 52016K, reserved 1093632K
  class space    used 6451K, capacity 6961K, committed 7040K, reserved 1048576K
}
Event: 21.283 GC heap after
{Heap after GC invocations=47 (full 0):
 garbage-first heap   total 116736K, used 64512K [0x0000000080000000, 0x0000000100000000)
  region size 1024K, 4 young (4096K), 4 survivors (4096K)
 Metaspace       used 50392K, capacity 51878K, committed 52016K, reserved 1093632K
  class space    used 6451K, capacity 6961K, committed 7040K, reserved 1048576K
}
Event: 21.842 GC heap before
{Heap before GC invocations=48 (full 0):
 garbage-first heap   total 116736K, used 87040K [0x0000000080000000, 0x0000000100000000)
  region size 1024K, 25 young (25600K), 4 survivors (4096K)
 Metaspace       used 52544K, capacity 54155K, committed 54320K, reserved 1095680K
  class space    used 6726K, capacity 7274K, committed 7296K, reserved 1048576K
}
Event: 21.850 GC heap after
{Heap after GC invocations=49 (full 0):
 garbage-first heap   total 116736K, used 68767K [0x0000000080000000, 0x0000000100000000)
  region size 1024K, 2 young (2048K), 2 survivors (2048K)
 Metaspace       used 52544K, capacity 54155K, committed 54320K, reserved 1095680K
  class space    used 6726K, capacity 7274K, committed 7296K, reserved 1048576K
}
Event: 22.550 GC heap before
{Heap before GC invocations=49 (full 0):
 garbage-first heap   total 116736K, used 88223K [0x0000000080000000, 0x0000000100000000)
  region size 1024K, 22 young (22528K), 2 survivors (2048K)
 Metaspace       used 55415K, capacity 57004K, committed 57264K, reserved 1099776K
  class space    used 7096K, capacity 7669K, committed 7680K, reserved 1048576K
}

Deoptimization events (20 events):
Event: 21.780 Thread 0x000001db35708800 DEOPT PACKING pc=0x000001db271e396c sp=0x0000002fbcff8150
Event: 21.780 Thread 0x000001db35708800 DEOPT UNPACKING pc=0x000001db1f61662f sp=0x0000002fbcff80d0 mode 2
Event: 22.444 Thread 0x000001db35708800 DEOPT PACKING pc=0x000001db1fdef297 sp=0x0000002fbcff69b0
Event: 22.445 Thread 0x000001db35708800 DEOPT UNPACKING pc=0x000001db1f616dde sp=0x0000002fbcff5f38 mode 0
Event: 22.452 Thread 0x000001db35708800 DEOPT PACKING pc=0x000001db1fdef297 sp=0x0000002fbcff6890
Event: 22.453 Thread 0x000001db35708800 DEOPT UNPACKING pc=0x000001db1f616dde sp=0x0000002fbcff5e18 mode 0
Event: 22.458 Thread 0x000001db35708800 DEOPT PACKING pc=0x000001db1fdef297 sp=0x0000002fbcff69f0
Event: 22.458 Thread 0x000001db35708800 DEOPT UNPACKING pc=0x000001db1f616dde sp=0x0000002fbcff5f78 mode 0
Event: 22.461 Thread 0x000001db35708800 DEOPT PACKING pc=0x000001db1fdef297 sp=0x0000002fbcff6880
Event: 22.461 Thread 0x000001db35708800 DEOPT UNPACKING pc=0x000001db1f616dde sp=0x0000002fbcff5e08 mode 0
Event: 22.467 Thread 0x000001db35708800 DEOPT PACKING pc=0x000001db1fdef297 sp=0x0000002fbcff69e0
Event: 22.467 Thread 0x000001db35708800 DEOPT UNPACKING pc=0x000001db1f616dde sp=0x0000002fbcff5f68 mode 0
Event: 22.477 Thread 0x000001db35708800 DEOPT PACKING pc=0x000001db1fdef297 sp=0x0000002fbcff6a70
Event: 22.477 Thread 0x000001db35708800 DEOPT UNPACKING pc=0x000001db1f616dde sp=0x0000002fbcff5ff8 mode 0
Event: 22.480 Thread 0x000001db35708800 DEOPT PACKING pc=0x000001db1fdef297 sp=0x0000002fbcff6880
Event: 22.480 Thread 0x000001db35708800 DEOPT UNPACKING pc=0x000001db1f616dde sp=0x0000002fbcff5e08 mode 0
Event: 22.486 Thread 0x000001db35708800 DEOPT PACKING pc=0x000001db1fdef297 sp=0x0000002fbcff6960
Event: 22.486 Thread 0x000001db35708800 DEOPT UNPACKING pc=0x000001db1f616dde sp=0x0000002fbcff5ee8 mode 0
Event: 22.490 Thread 0x000001db35708800 DEOPT PACKING pc=0x000001db1fdef297 sp=0x0000002fbcff6a70
Event: 22.490 Thread 0x000001db35708800 DEOPT UNPACKING pc=0x000001db1f616dde sp=0x0000002fbcff5ff8 mode 0

Classes redefined (0 events):
No events

Internal exceptions (20 events):
Event: 21.100 Thread 0x000001db35708800 Exception <a 'java/security/PrivilegedActionException'{0x00000000870f9260}> (0x00000000870f9260) thrown at [./src/hotspot/share/prims/jvm.cpp, line 1306]
Event: 21.100 Thread 0x000001db35708800 Exception <a 'java/security/PrivilegedActionException'{0x00000000870fc490}> (0x00000000870fc490) thrown at [./src/hotspot/share/prims/jvm.cpp, line 1306]
Event: 21.100 Thread 0x000001db35708800 Exception <a 'java/security/PrivilegedActionException'{0x00000000870fd9f8}> (0x00000000870fd9f8) thrown at [./src/hotspot/share/prims/jvm.cpp, line 1306]
Event: 21.379 Thread 0x000001db35708800 Exception <a 'java/lang/ClassNotFoundException'{0x000000008703a538}: org/gradle/api/tasks/Delete_DecoratedBeanInfo> (0x000000008703a538) thrown at [./src/hotspot/share/classfile/systemDictionary.cpp, line 231]
Event: 21.380 Thread 0x000001db35708800 Exception <a 'java/lang/ClassNotFoundException'{0x00000000870647b8}: org/gradle/api/tasks/DeleteBeanInfo> (0x00000000870647b8) thrown at [./src/hotspot/share/classfile/systemDictionary.cpp, line 231]
Event: 21.381 Thread 0x000001db35708800 Exception <a 'java/lang/ClassNotFoundException'{0x00000000870920f8}: org/gradle/api/internal/ConventionTaskBeanInfo> (0x00000000870920f8) thrown at [./src/hotspot/share/classfile/systemDictionary.cpp, line 231]
Event: 21.382 Thread 0x000001db35708800 Exception <a 'java/lang/ClassNotFoundException'{0x00000000870bbd18}: org/gradle/api/DefaultTaskBeanInfo> (0x00000000870bbd18) thrown at [./src/hotspot/share/classfile/systemDictionary.cpp, line 231]
Event: 21.383 Thread 0x000001db35708800 Exception <a 'java/lang/ClassNotFoundException'{0x00000000870e9670}: org/gradle/api/internal/AbstractTaskBeanInfo> (0x00000000870e9670) thrown at [./src/hotspot/share/classfile/systemDictionary.cpp, line 231]
Event: 21.384 Thread 0x000001db35708800 Exception <a 'java/lang/ClassNotFoundException'{0x0000000086f17bc8}: org/gradle/api/internal/AbstractTaskCustomizer> (0x0000000086f17bc8) thrown at [./src/hotspot/share/classfile/systemDictionary.cpp, line 231]
Event: 21.388 Thread 0x000001db35708800 Exception <a 'java/lang/ClassNotFoundException'{0x0000000086f8b070}: org/gradle/api/DefaultTaskCustomizer> (0x0000000086f8b070) thrown at [./src/hotspot/share/classfile/systemDictionary.cpp, line 231]
Event: 21.395 Thread 0x000001db35708800 Exception <a 'java/lang/ClassNotFoundException'{0x0000000086e0d528}: org/gradle/api/internal/ConventionTaskCustomizer> (0x0000000086e0d528) thrown at [./src/hotspot/share/classfile/systemDictionary.cpp, line 231]
Event: 21.398 Thread 0x000001db35708800 Exception <a 'java/lang/ClassNotFoundException'{0x0000000086e45cd0}: org/gradle/api/tasks/DeleteCustomizer> (0x0000000086e45cd0) thrown at [./src/hotspot/share/classfile/systemDictionary.cpp, line 231]
Event: 21.400 Thread 0x000001db35708800 Exception <a 'java/lang/ClassNotFoundException'{0x0000000086e84ed0}: org/gradle/api/tasks/Delete_DecoratedCustomizer> (0x0000000086e84ed0) thrown at [./src/hotspot/share/classfile/systemDictionary.cpp, line 231]
Event: 21.481 Thread 0x000001db35708800 Exception <a 'java/lang/ClassNotFoundException'{0x0000000086dbb378}: build_8aqzcdqpb9u68ebkos7xtjpupBeanInfo> (0x0000000086dbb378) thrown at [./src/hotspot/share/classfile/systemDictionary.cpp, line 231]
Event: 21.483 Thread 0x000001db35708800 Exception <a 'java/lang/ClassNotFoundException'{0x0000000086dc6330}: build_8aqzcdqpb9u68ebkos7xtjpupCustomizer> (0x0000000086dc6330) thrown at [./src/hotspot/share/classfile/systemDictionary.cpp, line 231]
Event: 21.734 Thread 0x000001db35708800 Exception <a 'java/lang/NoSuchMethodError'{0x0000000085ef4440}: 'java.lang.Object java.lang.invoke.DirectMethodHandle$Holder.invokeStatic(java.lang.Object, java.lang.Object, java.lang.Object, java.lang.Object, int)'> (0x0000000085ef4440) thrown at [./src/hotspot/share/interpreter/linkResolver.cpp, line 773]
Event: 21.734 Thread 0x000001db35708800 Exception <a 'java/lang/NoSuchMethodError'{0x0000000085ef8e38}: 'java.lang.Object java.lang.invoke.DirectMethodHandle$Holder.invokeSpecial(java.lang.Object, java.lang.Object, java.lang.Object, java.lang.Object, java.lang.Object, int)'> (0x0000000085ef8e38) thrown at [./src/hotspot/share/interpreter/linkResolver.cpp, line 773]
Event: 21.734 Thread 0x000001db35708800 Exception <a 'java/lang/NoSuchMethodError'{0x0000000085efd478}: 'java.lang.Object java.lang.invoke.Invokers$Holder.linkToTargetMethod(java.lang.Object, java.lang.Object, java.lang.Object, int, java.lang.Object)'> (0x0000000085efd478) thrown at [./src/hotspot/share/interpreter/linkResolver.cpp, line 773]
Event: 22.202 Thread 0x000001db35708800 Exception <a 'java/lang/NoSuchMethodError'{0x0000000086744728}: 'java.lang.Object java.lang.invoke.DirectMethodHandle$Holder.invokeSpecial(java.lang.Object, java.lang.Object, int, int, java.lang.Object, java.lang.Object, java.lang.Object)'> (0x0000000086744728) thrown at [./src/hotspot/share/interpreter/linkResolver.cpp, line 773]
Event: 22.202 Thread 0x000001db35708800 Exception <a 'java/lang/NoSuchMethodError'{0x0000000086748ca8}: 'java.lang.Object java.lang.invoke.DelegatingMethodHandle$Holder.reinvoke_L(java.lang.Object, int, int, java.lang.Object, java.lang.Object, java.lang.Object)'> (0x0000000086748ca8) thrown at [./src/hotspot/share/interpreter/linkResolver.cpp, line 773]

Events (20 events):
Event: 22.513 loading class org/apache/xerces/dom/NamedNodeMapImpl done
Event: 22.540 loading class com/google/common/collect/Ordering
Event: 22.540 loading class com/google/common/collect/Ordering done
Event: 22.543 loading class com/google/common/collect/ComparatorOrdering
Event: 22.543 loading class com/google/common/collect/ComparatorOrdering done
Event: 22.544 loading class com/google/common/collect/ReverseOrdering
Event: 22.544 loading class com/google/common/collect/ReverseOrdering done
Event: 22.545 loading class com/google/common/collect/NullsFirstOrdering
Event: 22.545 loading class com/google/common/collect/NullsFirstOrdering done
Event: 22.547 loading class com/google/common/collect/NullsLastOrdering
Event: 22.547 loading class com/google/common/collect/NullsLastOrdering done
Event: 22.547 loading class com/google/common/collect/NaturalOrdering
Event: 22.547 loading class com/google/common/collect/NaturalOrdering done
Event: 22.549 loading class com/google/common/collect/UsingToStringOrdering
Event: 22.549 loading class com/google/common/collect/UsingToStringOrdering done
Event: 22.550 loading class com/google/common/collect/ByFunctionOrdering
Event: 22.550 loading class com/google/common/collect/ByFunctionOrdering done
Event: 22.550 loading class com/google/common/collect/LexicographicalOrdering
Event: 22.550 loading class com/google/common/collect/LexicographicalOrdering done
Event: 22.550 Executing VM operation: G1CollectForAllocation


Dynamic libraries:
0x00007ff6b4370000 - 0x00007ff6b437a000 	C:\Program Files\Android\Android Studio\jre\bin\java.exe
0x00007ff8a5350000 - 0x00007ff8a5545000 	C:\WINDOWS\SYSTEM32\ntdll.dll
0x00007ff871e90000 - 0x00007ff871ea6000 	C:\Program Files\Avast Software\Avast\aswhook.dll
0x00007ff8a3bf0000 - 0x00007ff8a3cae000 	C:\WINDOWS\System32\KERNEL32.DLL
0x00007ff8a2a60000 - 0x00007ff8a2d28000 	C:\WINDOWS\System32\KERNELBASE.dll
0x00007ff8a3140000 - 0x00007ff8a3240000 	C:\WINDOWS\System32\ucrtbase.dll
0x00007ff887210000 - 0x00007ff887229000 	C:\Program Files\Android\Android Studio\jre\bin\jli.dll
0x00007ff88fd70000 - 0x00007ff88fd87000 	C:\Program Files\Android\Android Studio\jre\bin\VCRUNTIME140.dll
0x00007ff8a35c0000 - 0x00007ff8a3760000 	C:\WINDOWS\System32\USER32.dll
0x00007ff8a2ee0000 - 0x00007ff8a2f02000 	C:\WINDOWS\System32\win32u.dll
0x00007ff8a41b0000 - 0x00007ff8a41db000 	C:\WINDOWS\System32\GDI32.dll
0x00007ff88e920000 - 0x00007ff88ebba000 	C:\WINDOWS\WinSxS\amd64_microsoft.windows.common-controls_6595b64144ccf1df_6.0.19041.1110_none_60b5254171f9507e\COMCTL32.dll
0x00007ff8a2dd0000 - 0x00007ff8a2edd000 	C:\WINDOWS\System32\gdi32full.dll
0x00007ff8a4290000 - 0x00007ff8a432e000 	C:\WINDOWS\System32\msvcrt.dll
0x00007ff8a2ff0000 - 0x00007ff8a308d000 	C:\WINDOWS\System32\msvcp_win.dll
0x00007ff8a4ac0000 - 0x00007ff8a4af0000 	C:\WINDOWS\System32\IMM32.DLL
0x00007ff870b50000 - 0x00007ff870bed000 	C:\Program Files\Android\Android Studio\jre\bin\msvcp140.dll
0x00007ff85cac0000 - 0x00007ff85d595000 	C:\Program Files\Android\Android Studio\jre\bin\server\jvm.dll
0x00007ff8a4100000 - 0x00007ff8a41ae000 	C:\WINDOWS\System32\ADVAPI32.dll
0x00007ff8a3cb0000 - 0x00007ff8a3d4c000 	C:\WINDOWS\System32\sechost.dll
0x00007ff8a3490000 - 0x00007ff8a35b5000 	C:\WINDOWS\System32\RPCRT4.dll
0x00007ff8a3480000 - 0x00007ff8a3488000 	C:\WINDOWS\System32\PSAPI.DLL
0x00007ff879f10000 - 0x00007ff879f37000 	C:\WINDOWS\SYSTEM32\WINMM.dll
0x00007ff893240000 - 0x00007ff893249000 	C:\WINDOWS\SYSTEM32\WSOCK32.dll
0x00007ff899e40000 - 0x00007ff899e4a000 	C:\WINDOWS\SYSTEM32\VERSION.dll
0x00007ff8a4af0000 - 0x00007ff8a4b5b000 	C:\WINDOWS\System32\WS2_32.dll
0x00007ff8a12e0000 - 0x00007ff8a12f2000 	C:\WINDOWS\SYSTEM32\kernel.appcore.dll
0x00007ff87c080000 - 0x00007ff87c091000 	C:\Program Files\Android\Android Studio\jre\bin\verify.dll
0x00007ff8a1000000 - 0x00007ff8a11e4000 	C:\WINDOWS\SYSTEM32\DBGHELP.DLL
0x00007ff894900000 - 0x00007ff89492c000 	C:\WINDOWS\SYSTEM32\dbgcore.DLL
0x00007ff8a2f60000 - 0x00007ff8a2fe2000 	C:\WINDOWS\System32\bcryptPrimitives.dll
0x00007ff87b240000 - 0x00007ff87b269000 	C:\Program Files\Android\Android Studio\jre\bin\java.dll
0x00007ff89e0f0000 - 0x00007ff89e0fb000 	C:\Program Files\Android\Android Studio\jre\bin\jimage.dll
0x00007ff87b220000 - 0x00007ff87b238000 	C:\Program Files\Android\Android Studio\jre\bin\zip.dll
0x00007ff8a4bc0000 - 0x00007ff8a5304000 	C:\WINDOWS\System32\SHELL32.dll
0x00007ff8a0790000 - 0x00007ff8a0f24000 	C:\WINDOWS\SYSTEM32\windows.storage.dll
0x00007ff8a3890000 - 0x00007ff8a3be5000 	C:\WINDOWS\System32\combase.dll
0x00007ff8a23e0000 - 0x00007ff8a240e000 	C:\WINDOWS\SYSTEM32\Wldp.dll
0x00007ff8a4990000 - 0x00007ff8a4a3d000 	C:\WINDOWS\System32\SHCORE.dll
0x00007ff8a4040000 - 0x00007ff8a4095000 	C:\WINDOWS\System32\shlwapi.dll
0x00007ff8a29a0000 - 0x00007ff8a29bf000 	C:\WINDOWS\SYSTEM32\profapi.dll
0x00007ff87b200000 - 0x00007ff87b21a000 	C:\Program Files\Android\Android Studio\jre\bin\net.dll
0x00007ff893bf0000 - 0x00007ff893cfc000 	C:\WINDOWS\SYSTEM32\WINHTTP.dll
0x00007ff8a2140000 - 0x00007ff8a21aa000 	C:\WINDOWS\system32\mswsock.dll
0x00007ff87b1e0000 - 0x00007ff87b1f4000 	C:\Program Files\Android\Android Studio\jre\bin\nio.dll
0x00007ff88fdd0000 - 0x00007ff88fdf7000 	C:\Users\adity\.gradle\native\e1d6ef7f7dcc3fd88c89a11ec53ec762bb8ba0a96d01ffa2cd45eb1d1d8dd5c5\windows-amd64\native-platform.dll
0x00007ff861470000 - 0x00007ff8615b4000 	C:\Users\adity\.gradle\native\5664cfc778a61ccfe75a443a1ab52a65af34e5dc3c78e0209fed803814484fcb\windows-amd64\native-platform-file-events.dll
0x00007ff89c910000 - 0x00007ff89c91a000 	C:\Program Files\Android\Android Studio\jre\bin\management.dll
0x00007ff89b380000 - 0x00007ff89b38d000 	C:\Program Files\Android\Android Studio\jre\bin\management_ext.dll
0x00007ff8a2330000 - 0x00007ff8a2348000 	C:\WINDOWS\SYSTEM32\CRYPTSP.dll
0x00007ff8a1ac0000 - 0x00007ff8a1af4000 	C:\WINDOWS\system32\rsaenh.dll
0x00007ff8a2d30000 - 0x00007ff8a2d57000 	C:\WINDOWS\System32\bcrypt.dll
0x00007ff8a2920000 - 0x00007ff8a294e000 	C:\WINDOWS\SYSTEM32\USERENV.dll
0x00007ff8a2350000 - 0x00007ff8a235c000 	C:\WINDOWS\SYSTEM32\CRYPTBASE.dll
0x00007ff8a1e30000 - 0x00007ff8a1e6b000 	C:\WINDOWS\SYSTEM32\IPHLPAPI.DLL
0x00007ff8a4330000 - 0x00007ff8a4338000 	C:\WINDOWS\System32\NSI.dll
0x00007ff894500000 - 0x00007ff894517000 	C:\WINDOWS\SYSTEM32\dhcpcsvc6.DLL
0x00007ff895000000 - 0x00007ff89501d000 	C:\WINDOWS\SYSTEM32\dhcpcsvc.DLL
0x00007ff8a1e70000 - 0x00007ff8a1f3b000 	C:\WINDOWS\SYSTEM32\DNSAPI.dll

dbghelp: loaded successfully - version: 4.0.5 - missing functions: none
symbol engine: initialized successfully - sym options: 0x614 - pdb path: .;C:\Program Files\Android\Android Studio\jre\bin;C:\WINDOWS\SYSTEM32;C:\Program Files\Avast Software\Avast;C:\WINDOWS\WinSxS\amd64_microsoft.windows.common-controls_6595b64144ccf1df_6.0.19041.1110_none_60b5254171f9507e;C:\Program Files\Android\Android Studio\jre\bin\server;C:\Users\adity\.gradle\native\e1d6ef7f7dcc3fd88c89a11ec53ec762bb8ba0a96d01ffa2cd45eb1d1d8dd5c5\windows-amd64;C:\Users\adity\.gradle\native\5664cfc778a61ccfe75a443a1ab52a65af34e5dc3c78e0209fed803814484fcb\windows-amd64

VM Arguments:
jvm_args: --add-opens=java.base/java.util=ALL-UNNAMED --add-opens=java.base/java.lang=ALL-UNNAMED --add-opens=java.base/java.lang.invoke=ALL-UNNAMED --add-opens=java.base/java.util=ALL-UNNAMED --add-opens=java.prefs/java.util.prefs=ALL-UNNAMED --add-opens=java.prefs/java.util.prefs=ALL-UNNAMED --add-opens=java.base/java.nio.charset=ALL-UNNAMED --add-opens=java.base/java.net=ALL-UNNAMED --add-opens=java.base/java.util.concurrent.atomic=ALL-UNNAMED -Xmx2048m -Dfile.encoding=UTF-8 -Duser.country=IN -Duser.language=en -Duser.variant 
java_command: org.gradle.launcher.daemon.bootstrap.GradleDaemon 7.2
java_class_path (initial): C:\Users\adity\.gradle\wrapper\dists\gradle-7.2-bin\2dnblmf4td7x66yl1d74lt32g\gradle-7.2\lib\gradle-launcher-7.2.jar
Launcher Type: SUN_STANDARD

[Global flags]
     intx CICompilerCount                          = 3                                         {product} {ergonomic}
     uint ConcGCThreads                            = 1                                         {product} {ergonomic}
     uint G1ConcRefinementThreads                  = 4                                         {product} {ergonomic}
   size_t G1HeapRegionSize                         = 1048576                                   {product} {ergonomic}
    uintx GCDrainStackTargetSize                   = 64                                        {product} {ergonomic}
   size_t InitialHeapSize                          = 67108864                                  {product} {ergonomic}
   size_t MarkStackSize                            = 4194304                                   {product} {ergonomic}
   size_t MaxHeapSize                              = 2147483648                                {product} {command line}
   size_t MaxNewSize                               = 1287651328                                {product} {ergonomic}
   size_t MinHeapDeltaBytes                        = 1048576                                   {product} {ergonomic}
    uintx NonNMethodCodeHeapSize                   = 5830732                                {pd product} {ergonomic}
    uintx NonProfiledCodeHeapSize                  = 122913754                              {pd product} {ergonomic}
    uintx ProfiledCodeHeapSize                     = 122913754                              {pd product} {ergonomic}
    uintx ReservedCodeCacheSize                    = 251658240                              {pd product} {ergonomic}
     bool SegmentedCodeCache                       = true                                      {product} {ergonomic}
     bool UseCompressedClassPointers               = true                                 {lp64_product} {ergonomic}
     bool UseCompressedOops                        = true                                 {lp64_product} {ergonomic}
     bool UseG1GC                                  = true                                      {product} {ergonomic}
     bool UseLargePagesIndividualAllocation        = false                                  {pd product} {ergonomic}

Logging:
Log output configuration:
 #0: stdout all=warning uptime,level,tags
 #1: stderr all=off uptime,level,tags

Environment Variables:
JAVA_HOME=C:\Program Files\Java\jdk-17.0.2\bin
PATH=C:\Program Files\Common Files\Oracle\Java\javapath;C:\WINDOWS\system32;C:\WINDOWS;C:\WINDOWS\System32\Wbem;C:\WINDOWS\System32\WindowsPowerShell\v1.0\;C:\WINDOWS\System32\OpenSSH\;C:\Program Files (x86)\Git\cmd;C:\Users\adity\AppData\Local\Microsoft\WindowsApps;
USERNAME=adity
OS=Windows_NT
PROCESSOR_IDENTIFIER=Intel64 Family 6 Model 142 Stepping 9, GenuineIntel



---------------  S Y S T E M  ---------------

OS: Windows 10 , 64 bit Build 19041 (10.0.19041.1503)
OS uptime: 3 days 9:05 hours

CPU:total 4 (initial active 4) (2 cores per cpu, 2 threads per core) family 6 model 142 stepping 9 microcode 0xea, cmov, cx8, fxsr, mmx, sse, sse2, sse3, ssse3, sse4.1, sse4.2, popcnt, avx, avx2, aes, clmul, erms, 3dnowpref, lzcnt, ht, tsc, tscinvbit, bmi1, bmi2, adx, fma

Memory: 4k page, system-wide physical 4001M (681M free)
TotalPageFile size 16289M (AvailPageFile size 2M)
current process WorkingSet (physical memory assigned to process): 267M, peak: 267M
current process commit charge ("private bytes"): 319M, peak: 342M

vm_info: OpenJDK 64-Bit Server VM (11.0.11+9-b60-7590822) for windows-amd64 JRE (11.0.11+9-b60-7590822), built on Jul 29 2021 21:43:44 by "builder" with MS VC++ 14.0 (VS2015)

END.
