#
# There is insufficient memory for the Java Runtime Environment to continue.
# Native memory allocation (malloc) failed to allocate 2324016 bytes for Chunk::new
# Possible reasons:
#   The system is out of physical RAM or swap space
#   The process is running with CompressedOops enabled, and the Java Heap may be blocking the growth of the native heap
# Possible solutions:
#   Reduce memory load on the system
#   Increase physical memory or swap space
#   Check if swap backing store is full
#   Decrease Java heap size (-Xmx/-Xms)
#   Decrease number of Java threads
#   Decrease Java thread stack sizes (-Xss)
#   Set larger code cache with -XX:ReservedCodeCacheSize=
#   JVM is running with Unscaled Compressed Oops mode in which the Java heap is
#     placed in the first 4GB address space. The Java Heap base address is the
#     maximum limit for the native heap growth. Please use -XX:HeapBaseMinAddress
#     to set the Java Heap base and to place the Java Heap above 4GB virtual address.
# This output file may be truncated or incomplete.
#
#  Out of Memory Error (./src/hotspot/share/memory/arena.cpp:197), pid=28688, tid=10492
#
# JRE version: OpenJDK Runtime Environment (11.0.11+9) (build 11.0.11+9-b60-7590822)
# Java VM: OpenJDK 64-Bit Server VM (11.0.11+9-b60-7590822, mixed mode, tiered, compressed oops, g1 gc, windows-amd64)
# No core dump will be written. Minidumps are not enabled by default on client versions of Windows
#

---------------  S U M M A R Y ------------

Command Line: --add-opens=java.base/java.util=ALL-UNNAMED --add-opens=java.base/java.lang=ALL-UNNAMED --add-opens=java.base/java.lang.invoke=ALL-UNNAMED --add-opens=java.base/java.util=ALL-UNNAMED --add-opens=java.prefs/java.util.prefs=ALL-UNNAMED --add-opens=java.prefs/java.util.prefs=ALL-UNNAMED --add-opens=java.base/java.nio.charset=ALL-UNNAMED --add-opens=java.base/java.net=ALL-UNNAMED --add-opens=java.base/java.util.concurrent.atomic=ALL-UNNAMED -Xmx2048m -Dfile.encoding=UTF-8 -Duser.country=IN -Duser.language=en -Duser.variant org.gradle.launcher.daemon.bootstrap.GradleDaemon 7.2

Host: Intel(R) Core(TM) i3-7020U CPU @ 2.30GHz, 4 cores, 3G,  Windows 10 , 64 bit Build 19041 (10.0.19041.1503)
Time: Tue Mar  1 22:42:59 2022 India Standard Time elapsed time: 78.391387 seconds (0d 0h 1m 18s)

---------------  T H R E A D  ---------------

Current thread (0x00000256655bc000):  JavaThread "C2 CompilerThread0" daemon [_thread_in_native, id=10492, stack(0x000000681e300000,0x000000681e400000)]


Current CompileTask:
C2:  78391 9810       4       org.gradle.internal.instantiation.generator.AbstractClassGenerator::inspectType (560 bytes)

Stack: [0x000000681e300000,0x000000681e400000]
Native frames: (J=compiled Java code, j=interpreted, Vv=VM code, C=native code)
V  [jvm.dll+0x5f214a]
V  [jvm.dll+0x726fb5]
V  [jvm.dll+0x7285cd]
V  [jvm.dll+0x728c83]
V  [jvm.dll+0x243278]
V  [jvm.dll+0xbc53c]
V  [jvm.dll+0xbca3c]
V  [jvm.dll+0x353e7d]
V  [jvm.dll+0x19895c]
V  [jvm.dll+0x1fc2ee]
V  [jvm.dll+0x1fb3d4]
V  [jvm.dll+0x183d6c]
V  [jvm.dll+0x209a57]
V  [jvm.dll+0x2082a1]
V  [jvm.dll+0x6ef58f]
V  [jvm.dll+0x6e80b5]
V  [jvm.dll+0x5f1036]
C  [ucrtbase.dll+0x21bb2]
C  [KERNEL32.DLL+0x17034]
C  [ntdll.dll+0x52651]


---------------  P R O C E S S  ---------------

Threads class SMR info:
_java_thread_list=0x000002566be86f80, length=86, elements={
0x000002564b080800, 0x0000025664c2f800, 0x0000025664c3b800, 0x00000256655b2800,
0x00000256655b4800, 0x00000256655b6000, 0x00000256655bc000, 0x0000025664c8a800,
0x0000025664c8e800, 0x00000256656ee000, 0x0000025665696000, 0x0000025666144000,
0x0000025665ac9800, 0x0000025666b77000, 0x0000025667724800, 0x0000025666877800,
0x0000025666878800, 0x0000025666613000, 0x0000025666f47800, 0x0000025667172800,
0x0000025667171800, 0x0000025667175800, 0x0000025667173800, 0x0000025667174000,
0x0000025667175000, 0x0000025667176800, 0x0000025667171000, 0x0000025667177800,
0x000002566843b000, 0x000002566843b800, 0x0000025668440800, 0x000002566843e000,
0x000002566843c800, 0x0000025668443000, 0x000002566843f000, 0x000002566843d800,
0x0000025668444000, 0x0000025668444800, 0x0000025668445800, 0x0000025668440000,
0x0000025668446800, 0x0000025668447000, 0x0000025668449800, 0x0000025668448000,
0x0000025668448800, 0x0000025667791800, 0x000002566778c800, 0x0000025667793000,
0x0000025667792800, 0x000002566778d800, 0x0000025667794000, 0x000002566778e800,
0x0000025667795000, 0x000002566778f000, 0x0000025667795800, 0x0000025667790000,
0x0000025667796800, 0x0000025667791000, 0x0000025667797800, 0x000002566779a800,
0x000002566779b800, 0x0000025667798000, 0x0000025667799000, 0x0000025667799800,
0x0000025666a47000, 0x0000025666a48800, 0x0000025666a4b000, 0x0000025666a47800,
0x0000025666a4a000, 0x0000025666a49800, 0x0000025666a4b800, 0x0000025666a46000,
0x0000025666a50800, 0x0000025666a52000, 0x0000025666a4c800, 0x0000025666a53000,
0x0000025666a51800, 0x0000025666a54000, 0x0000025666a4e000, 0x0000025666a54800,
0x0000025666a4f000, 0x0000025666a50000, 0x000002566b985000, 0x000002566b987000,
0x000002566b987800, 0x000002566b984800
}

Java Threads: ( => current thread )
  0x000002564b080800 JavaThread "main" [_thread_blocked, id=11656, stack(0x000000681d700000,0x000000681d800000)]
  0x0000025664c2f800 JavaThread "Reference Handler" daemon [_thread_blocked, id=27440, stack(0x000000681de00000,0x000000681df00000)]
  0x0000025664c3b800 JavaThread "Finalizer" daemon [_thread_blocked, id=26668, stack(0x000000681df00000,0x000000681e000000)]
  0x00000256655b2800 JavaThread "Signal Dispatcher" daemon [_thread_blocked, id=16080, stack(0x000000681e000000,0x000000681e100000)]
  0x00000256655b4800 JavaThread "Attach Listener" daemon [_thread_blocked, id=22632, stack(0x000000681e100000,0x000000681e200000)]
  0x00000256655b6000 JavaThread "Service Thread" daemon [_thread_blocked, id=21644, stack(0x000000681e200000,0x000000681e300000)]
=>0x00000256655bc000 JavaThread "C2 CompilerThread0" daemon [_thread_in_native, id=10492, stack(0x000000681e300000,0x000000681e400000)]
  0x0000025664c8a800 JavaThread "C1 CompilerThread0" daemon [_thread_blocked, id=27204, stack(0x000000681e400000,0x000000681e500000)]
  0x0000025664c8e800 JavaThread "Sweeper thread" daemon [_thread_blocked, id=22360, stack(0x000000681e500000,0x000000681e600000)]
  0x00000256656ee000 JavaThread "Common-Cleaner" daemon [_thread_blocked, id=33532, stack(0x000000681e600000,0x000000681e700000)]
  0x0000025665696000 JavaThread "Daemon health stats" [_thread_blocked, id=31856, stack(0x000000681e900000,0x000000681ea00000)]
  0x0000025666144000 JavaThread "Incoming local TCP Connector on port 51247" [_thread_in_native, id=33416, stack(0x000000681ec00000,0x000000681ed00000)]
  0x0000025665ac9800 JavaThread "Daemon periodic checks" [_thread_blocked, id=16980, stack(0x000000681ed00000,0x000000681ee00000)]
  0x0000025666b77000 JavaThread "Daemon" [_thread_blocked, id=7328, stack(0x000000681ee00000,0x000000681ef00000)]
  0x0000025667724800 JavaThread "Handler for socket connection from /127.0.0.1:51247 to /127.0.0.1:51248" [_thread_in_native, id=33852, stack(0x000000681ef00000,0x000000681f000000)]
  0x0000025666877800 JavaThread "Cancel handler" [_thread_blocked, id=12060, stack(0x000000681f000000,0x000000681f100000)]
  0x0000025666878800 JavaThread "Daemon worker" [_thread_blocked, id=2748, stack(0x000000681f100000,0x000000681f200000)]
  0x0000025666613000 JavaThread "Asynchronous log dispatcher for DefaultDaemonConnection: socket connection from /127.0.0.1:51247 to /127.0.0.1:51248" [_thread_blocked, id=33204, stack(0x000000681f200000,0x000000681f300000)]
  0x0000025666f47800 JavaThread "Stdin handler" [_thread_blocked, id=19392, stack(0x000000681f300000,0x000000681f400000)]
  0x0000025667172800 JavaThread "Daemon client event forwarder" [_thread_blocked, id=24488, stack(0x000000681f400000,0x000000681f500000)]
  0x0000025667171800 JavaThread "Cache worker for journal cache (C:\Users\adity\.gradle\caches\journal-1)" [_thread_blocked, id=29300, stack(0x000000681f500000,0x000000681f600000)]
  0x0000025667175800 JavaThread "File lock request listener" [_thread_in_native, id=18504, stack(0x000000681f600000,0x000000681f700000)]
  0x0000025667173800 JavaThread "Cache worker for file hash cache (C:\Users\adity\.gradle\caches\7.2\fileHashes)" [_thread_blocked, id=29924, stack(0x000000681f700000,0x000000681f800000)]
  0x0000025667174000 JavaThread "Cache worker for file hash cache (C:\Users\adity\AndroidStudioProjects\LoanApplication\.gradle\7.2\fileHashes)" [_thread_blocked, id=23420, stack(0x000000681f800000,0x000000681f900000)]
  0x0000025667175000 JavaThread "File watcher server" daemon [_thread_in_native, id=31436, stack(0x000000681f900000,0x000000681fa00000)]
  0x0000025667176800 JavaThread "File watcher consumer" daemon [_thread_blocked, id=19128, stack(0x000000681fa00000,0x000000681fb00000)]
  0x0000025667171000 JavaThread "Cache worker for checksums cache (C:\Users\adity\AndroidStudioProjects\LoanApplication\.gradle\checksums)" [_thread_blocked, id=28868, stack(0x000000681fb00000,0x000000681fc00000)]
  0x0000025667177800 JavaThread "Cache worker for cache directory md-supplier (C:\Users\adity\.gradle\caches\7.2\md-supplier)" [_thread_blocked, id=25136, stack(0x000000681fc00000,0x000000681fd00000)]
  0x000002566843b000 JavaThread "Cache worker for cache directory md-rule (C:\Users\adity\.gradle\caches\7.2\md-rule)" [_thread_blocked, id=27816, stack(0x000000681fd00000,0x000000681fe00000)]
  0x000002566843b800 JavaThread "Cache worker for execution history cache (C:\Users\adity\.gradle\caches\7.2\executionHistory)" [_thread_blocked, id=33680, stack(0x000000681fe00000,0x000000681ff00000)]
  0x0000025668440800 JavaThread "jar transforms" [_thread_blocked, id=30104, stack(0x000000681ff00000,0x0000006820000000)]
  0x000002566843e000 JavaThread "Cache worker for file content cache (C:\Users\adity\.gradle\caches\7.2\fileContent)" [_thread_blocked, id=33916, stack(0x0000006820000000,0x0000006820100000)]
  0x000002566843c800 JavaThread "jar transforms Thread 2" [_thread_blocked, id=19384, stack(0x0000006820100000,0x0000006820200000)]
  0x0000025668443000 JavaThread "Cache worker for dependencies-accessors (C:\Users\adity\AndroidStudioProjects\LoanApplication\.gradle\7.2\dependencies-accessors)" [_thread_blocked, id=20604, stack(0x0000006820200000,0x0000006820300000)]
  0x000002566843f000 JavaThread "jar transforms Thread 3" [_thread_blocked, id=22752, stack(0x0000006820300000,0x0000006820400000)]
  0x000002566843d800 JavaThread "Cache worker for Build Output Cleanup Cache (C:\Users\adity\AndroidStudioProjects\LoanApplication\.gradle\buildOutputCleanup)" [_thread_blocked, id=1164, stack(0x0000006820400000,0x0000006820500000)]
  0x0000025668444000 JavaThread "Unconstrained build operations" [_thread_blocked, id=31680, stack(0x0000006820500000,0x0000006820600000)]
  0x0000025668444800 JavaThread "Unconstrained build operations Thread 2" [_thread_blocked, id=13128, stack(0x0000006820600000,0x0000006820700000)]
  0x0000025668445800 JavaThread "Unconstrained build operations Thread 3" [_thread_blocked, id=15988, stack(0x0000006820700000,0x0000006820800000)]
  0x0000025668440000 JavaThread "Unconstrained build operations Thread 4" [_thread_blocked, id=24976, stack(0x0000006820800000,0x0000006820900000)]
  0x0000025668446800 JavaThread "Unconstrained build operations Thread 5" [_thread_blocked, id=31208, stack(0x0000006820900000,0x0000006820a00000)]
  0x0000025668447000 JavaThread "Unconstrained build operations Thread 6" [_thread_blocked, id=34532, stack(0x0000006820a00000,0x0000006820b00000)]
  0x0000025668449800 JavaThread "Unconstrained build operations Thread 7" [_thread_blocked, id=14112, stack(0x0000006820b00000,0x0000006820c00000)]
  0x0000025668448000 JavaThread "Unconstrained build operations Thread 8" [_thread_blocked, id=32688, stack(0x0000006820c00000,0x0000006820d00000)]
  0x0000025668448800 JavaThread "Unconstrained build operations Thread 9" [_thread_blocked, id=16860, stack(0x0000006820d00000,0x0000006820e00000)]
  0x0000025667791800 JavaThread "Unconstrained build operations Thread 10" [_thread_blocked, id=30468, stack(0x0000006820e00000,0x0000006820f00000)]
  0x000002566778c800 JavaThread "Unconstrained build operations Thread 11" [_thread_blocked, id=21888, stack(0x0000006820f00000,0x0000006821000000)]
  0x0000025667793000 JavaThread "Unconstrained build operations Thread 12" [_thread_blocked, id=19568, stack(0x0000006821000000,0x0000006821100000)]
  0x0000025667792800 JavaThread "Unconstrained build operations Thread 13" [_thread_blocked, id=23060, stack(0x0000006821100000,0x0000006821200000)]
  0x000002566778d800 JavaThread "Unconstrained build operations Thread 14" [_thread_blocked, id=29676, stack(0x0000006821200000,0x0000006821300000)]
  0x0000025667794000 JavaThread "Unconstrained build operations Thread 15" [_thread_blocked, id=20864, stack(0x0000006821300000,0x0000006821400000)]
  0x000002566778e800 JavaThread "Unconstrained build operations Thread 16" [_thread_blocked, id=32436, stack(0x0000006821400000,0x0000006821500000)]
  0x0000025667795000 JavaThread "Unconstrained build operations Thread 17" [_thread_blocked, id=27632, stack(0x0000006821500000,0x0000006821600000)]
  0x000002566778f000 JavaThread "Unconstrained build operations Thread 18" [_thread_blocked, id=7036, stack(0x0000006821600000,0x0000006821700000)]
  0x0000025667795800 JavaThread "Unconstrained build operations Thread 19" [_thread_blocked, id=18116, stack(0x0000006821700000,0x0000006821800000)]
  0x0000025667790000 JavaThread "Unconstrained build operations Thread 20" [_thread_blocked, id=24088, stack(0x0000006821800000,0x0000006821900000)]
  0x0000025667796800 JavaThread "Unconstrained build operations Thread 21" [_thread_blocked, id=7124, stack(0x0000006821900000,0x0000006821a00000)]
  0x0000025667791000 JavaThread "Unconstrained build operations Thread 22" [_thread_blocked, id=11216, stack(0x0000006821a00000,0x0000006821b00000)]
  0x0000025667797800 JavaThread "Unconstrained build operations Thread 23" [_thread_blocked, id=24240, stack(0x0000006821b00000,0x0000006821c00000)]
  0x000002566779a800 JavaThread "Unconstrained build operations Thread 24" [_thread_blocked, id=4568, stack(0x0000006821c00000,0x0000006821d00000)]
  0x000002566779b800 JavaThread "Unconstrained build operations Thread 25" [_thread_blocked, id=30032, stack(0x0000006821d00000,0x0000006821e00000)]
  0x0000025667798000 JavaThread "Unconstrained build operations Thread 26" [_thread_blocked, id=32232, stack(0x0000006821e00000,0x0000006821f00000)]
  0x0000025667799000 JavaThread "Unconstrained build operations Thread 27" [_thread_blocked, id=15064, stack(0x0000006821f00000,0x0000006822000000)]
  0x0000025667799800 JavaThread "Unconstrained build operations Thread 28" [_thread_blocked, id=22460, stack(0x0000006822000000,0x0000006822100000)]
  0x0000025666a47000 JavaThread "Unconstrained build operations Thread 29" [_thread_blocked, id=28116, stack(0x0000006822100000,0x0000006822200000)]
  0x0000025666a48800 JavaThread "Unconstrained build operations Thread 30" [_thread_blocked, id=23912, stack(0x0000006822200000,0x0000006822300000)]
  0x0000025666a4b000 JavaThread "Unconstrained build operations Thread 31" [_thread_blocked, id=26112, stack(0x0000006822300000,0x0000006822400000)]
  0x0000025666a47800 JavaThread "Unconstrained build operations Thread 32" [_thread_blocked, id=28324, stack(0x0000006822400000,0x0000006822500000)]
  0x0000025666a4a000 JavaThread "Unconstrained build operations Thread 33" [_thread_blocked, id=3092, stack(0x0000006822500000,0x0000006822600000)]
  0x0000025666a49800 JavaThread "Unconstrained build operations Thread 34" [_thread_blocked, id=24844, stack(0x0000006822600000,0x0000006822700000)]
  0x0000025666a4b800 JavaThread "Unconstrained build operations Thread 35" [_thread_blocked, id=10472, stack(0x0000006822700000,0x0000006822800000)]
  0x0000025666a46000 JavaThread "Unconstrained build operations Thread 36" [_thread_blocked, id=14668, stack(0x0000006822800000,0x0000006822900000)]
  0x0000025666a50800 JavaThread "Unconstrained build operations Thread 37" [_thread_blocked, id=20632, stack(0x0000006822900000,0x0000006822a00000)]
  0x0000025666a52000 JavaThread "Unconstrained build operations Thread 38" [_thread_blocked, id=28300, stack(0x0000006822a00000,0x0000006822b00000)]
  0x0000025666a4c800 JavaThread "Unconstrained build operations Thread 39" [_thread_blocked, id=5592, stack(0x0000006822b00000,0x0000006822c00000)]
  0x0000025666a53000 JavaThread "Unconstrained build operations Thread 40" [_thread_blocked, id=27004, stack(0x0000006822c00000,0x0000006822d00000)]
  0x0000025666a51800 JavaThread "jar transforms Thread 4" [_thread_blocked, id=13356, stack(0x0000006822d00000,0x0000006822e00000)]
  0x0000025666a54000 JavaThread "Memory manager" [_thread_blocked, id=30956, stack(0x000000681d400000,0x000000681d500000)]
  0x0000025666a4e000 JavaThread "build event listener" [_thread_blocked, id=22704, stack(0x0000006822f00000,0x0000006823000000)]
  0x0000025666a54800 JavaThread "Execution worker for ':'" [_thread_blocked, id=32316, stack(0x0000006823000000,0x0000006823100000)]
  0x0000025666a4f000 JavaThread "Execution worker for ':' Thread 2" [_thread_in_Java, id=21988, stack(0x0000006823100000,0x0000006823200000)]
  0x0000025666a50000 JavaThread "Execution worker for ':' Thread 3" [_thread_blocked, id=28640, stack(0x0000006823200000,0x0000006823300000)]
  0x000002566b985000 JavaThread "Cache worker for execution history cache (C:\Users\adity\AndroidStudioProjects\LoanApplication\.gradle\7.2\executionHistory)" [_thread_blocked, id=18704, stack(0x0000006823300000,0x0000006823400000)]
  0x000002566b987000 JavaThread "WorkerExecutor Queue" [_thread_blocked, id=16728, stack(0x0000006823400000,0x0000006823500000)]
  0x000002566b987800 JavaThread "WorkerExecutor Queue Thread 2" [_thread_in_native, id=12444, stack(0x0000006823500000,0x0000006823600000)]
  0x000002566b984800 JavaThread "WorkerExecutor Queue Thread 3" [_thread_blocked, id=31000, stack(0x0000006823600000,0x0000006823700000)]

Other Threads:
  0x0000025664c29000 VMThread "VM Thread" [stack: 0x000000681dd00000,0x000000681de00000] [id=17600]
  0x000002566571e000 WatcherThread [stack: 0x000000681e700000,0x000000681e800000] [id=3696]
  0x000002564b098800 GCTaskThread "GC Thread#0" [stack: 0x000000681d800000,0x000000681d900000] [id=29520]
  0x00000256658cb000 GCTaskThread "GC Thread#1" [stack: 0x000000681e800000,0x000000681e900000] [id=29420]
  0x00000256669da800 GCTaskThread "GC Thread#2" [stack: 0x000000681ea00000,0x000000681eb00000] [id=19252]
  0x00000256670c0800 GCTaskThread "GC Thread#3" [stack: 0x000000681eb00000,0x000000681ec00000] [id=15812]
  0x000002564b0cc800 ConcurrentGCThread "G1 Main Marker" [stack: 0x000000681d900000,0x000000681da00000] [id=29660]
  0x000002564b0cd800 ConcurrentGCThread "G1 Conc#0" [stack: 0x000000681da00000,0x000000681db00000] [id=22104]
  0x000002564b125800 ConcurrentGCThread "G1 Refine#0" [stack: 0x000000681db00000,0x000000681dc00000] [id=33636]
  0x000002564b126800 ConcurrentGCThread "G1 Young RemSet Sampling" [stack: 0x000000681dc00000,0x000000681dd00000] [id=11192]

Threads with active compile tasks:
C2 CompilerThread0  78537 9810       4       org.gradle.internal.instantiation.generator.AbstractClassGenerator::inspectType (560 bytes)

VM state:not at safepoint (normal execution)

VM Mutex/Monitor currently owned by a thread: None

Heap address: 0x0000000080000000, size: 2048 MB, Compressed Oops mode: 32-bit
Narrow klass base: 0x0000000000000000, Narrow klass shift: 3
Compressed class space size: 1073741824 Address: 0x0000000100000000

Heap:
 garbage-first heap   total 176128K, used 133120K [0x0000000080000000, 0x0000000100000000)
  region size 1024K, 41 young (41984K), 6 survivors (6144K)
 Metaspace       used 88652K, capacity 90686K, committed 91036K, reserved 1128448K
  class space    used 11412K, capacity 12189K, committed 12288K, reserved 1048576K
Heap Regions: E=young(eden), S=young(survivor), O=old, HS=humongous(starts), HC=humongous(continues), CS=collection set, F=free, A=archive, TAMS=top-at-mark-start (previous, next)
|   0|0x0000000080000000, 0x0000000080100000, 0x0000000080100000|100%|HS|  |TAMS 0x0000000080100000, 0x0000000080000000| Complete 
|   1|0x0000000080100000, 0x0000000080200000, 0x0000000080200000|100%|HC|  |TAMS 0x0000000080200000, 0x0000000080100000| Complete 
|   2|0x0000000080200000, 0x0000000080300000, 0x0000000080300000|100%|HC|  |TAMS 0x0000000080300000, 0x0000000080200000| Complete 
|   3|0x0000000080300000, 0x0000000080400000, 0x0000000080400000|100%| O|  |TAMS 0x0000000080400000, 0x0000000080300000| Untracked 
|   4|0x0000000080400000, 0x0000000080500000, 0x0000000080500000|100%| O|  |TAMS 0x0000000080500000, 0x0000000080400000| Untracked 
|   5|0x0000000080500000, 0x0000000080600000, 0x0000000080600000|100%| O|  |TAMS 0x0000000080600000, 0x0000000080500000| Untracked 
|   6|0x0000000080600000, 0x0000000080700000, 0x0000000080700000|100%| O|  |TAMS 0x0000000080700000, 0x0000000080600000| Untracked 
|   7|0x0000000080700000, 0x0000000080800000, 0x0000000080800000|100%| O|  |TAMS 0x0000000080800000, 0x0000000080700000| Untracked 
|   8|0x0000000080800000, 0x0000000080900000, 0x0000000080900000|100%| O|  |TAMS 0x0000000080900000, 0x0000000080800000| Untracked 
|   9|0x0000000080900000, 0x0000000080a00000, 0x0000000080a00000|100%| O|  |TAMS 0x0000000080a00000, 0x0000000080900000| Untracked 
|  10|0x0000000080a00000, 0x0000000080b00000, 0x0000000080b00000|100%| O|  |TAMS 0x0000000080b00000, 0x0000000080a00000| Untracked 
|  11|0x0000000080b00000, 0x0000000080c00000, 0x0000000080c00000|100%| O|  |TAMS 0x0000000080c00000, 0x0000000080b00000| Untracked 
|  12|0x0000000080c00000, 0x0000000080d00000, 0x0000000080d00000|100%| O|  |TAMS 0x0000000080d00000, 0x0000000080c00000| Untracked 
|  13|0x0000000080d00000, 0x0000000080e00000, 0x0000000080e00000|100%| O|  |TAMS 0x0000000080e00000, 0x0000000080d00000| Untracked 
|  14|0x0000000080e00000, 0x0000000080f00000, 0x0000000080f00000|100%| O|  |TAMS 0x0000000080f00000, 0x0000000080e00000| Untracked 
|  15|0x0000000080f00000, 0x0000000081000000, 0x0000000081000000|100%| O|  |TAMS 0x0000000081000000, 0x0000000080f00000| Untracked 
|  16|0x0000000081000000, 0x0000000081100000, 0x0000000081100000|100%| O|  |TAMS 0x0000000081100000, 0x0000000081000000| Untracked 
|  17|0x0000000081100000, 0x0000000081200000, 0x0000000081200000|100%| O|  |TAMS 0x0000000081200000, 0x0000000081100000| Untracked 
|  18|0x0000000081200000, 0x0000000081300000, 0x0000000081300000|100%| O|  |TAMS 0x0000000081300000, 0x0000000081200000| Untracked 
|  19|0x0000000081300000, 0x0000000081400000, 0x0000000081400000|100%| O|  |TAMS 0x0000000081400000, 0x0000000081300000| Untracked 
|  20|0x0000000081400000, 0x0000000081500000, 0x0000000081500000|100%| O|  |TAMS 0x0000000081500000, 0x0000000081400000| Untracked 
|  21|0x0000000081500000, 0x0000000081600000, 0x0000000081600000|100%| O|  |TAMS 0x0000000081600000, 0x0000000081500000| Untracked 
|  22|0x0000000081600000, 0x0000000081700000, 0x0000000081700000|100%| O|  |TAMS 0x0000000081700000, 0x0000000081600000| Untracked 
|  23|0x0000000081700000, 0x0000000081800000, 0x0000000081800000|100%| O|  |TAMS 0x0000000081800000, 0x0000000081700000| Untracked 
|  24|0x0000000081800000, 0x0000000081900000, 0x0000000081900000|100%| O|  |TAMS 0x0000000081900000, 0x0000000081800000| Untracked 
|  25|0x0000000081900000, 0x0000000081a00000, 0x0000000081a00000|100%| O|  |TAMS 0x0000000081a00000, 0x0000000081900000| Untracked 
|  26|0x0000000081a00000, 0x0000000081b00000, 0x0000000081b00000|100%| O|  |TAMS 0x0000000081b00000, 0x0000000081a00000| Untracked 
|  27|0x0000000081b00000, 0x0000000081c00000, 0x0000000081c00000|100%| O|  |TAMS 0x0000000081c00000, 0x0000000081b00000| Untracked 
|  28|0x0000000081c00000, 0x0000000081d00000, 0x0000000081d00000|100%| O|  |TAMS 0x0000000081d00000, 0x0000000081c00000| Untracked 
|  29|0x0000000081d00000, 0x0000000081e00000, 0x0000000081e00000|100%| O|  |TAMS 0x0000000081e00000, 0x0000000081d00000| Untracked 
|  30|0x0000000081e00000, 0x0000000081f00000, 0x0000000081f00000|100%|HS|  |TAMS 0x0000000081f00000, 0x0000000081e00000| Complete 
|  31|0x0000000081f00000, 0x0000000082000000, 0x0000000082000000|100%|HS|  |TAMS 0x0000000082000000, 0x0000000081f00000| Complete 
|  32|0x0000000082000000, 0x0000000082100000, 0x0000000082100000|100%|HS|  |TAMS 0x0000000082100000, 0x0000000082000000| Complete 
|  33|0x0000000082100000, 0x0000000082200000, 0x0000000082200000|100%| O|  |TAMS 0x0000000082200000, 0x0000000082100000| Untracked 
|  34|0x0000000082200000, 0x0000000082300000, 0x0000000082300000|100%| O|  |TAMS 0x0000000082300000, 0x0000000082200000| Untracked 
|  35|0x0000000082300000, 0x0000000082400000, 0x0000000082400000|100%| O|  |TAMS 0x0000000082400000, 0x0000000082300000| Untracked 
|  36|0x0000000082400000, 0x0000000082500000, 0x0000000082500000|100%| O|  |TAMS 0x0000000082500000, 0x0000000082400000| Untracked 
|  37|0x0000000082500000, 0x0000000082600000, 0x0000000082600000|100%|HS|  |TAMS 0x0000000082600000, 0x0000000082500000| Complete 
|  38|0x0000000082600000, 0x0000000082700000, 0x0000000082700000|100%|HC|  |TAMS 0x0000000082700000, 0x0000000082600000| Complete 
|  39|0x0000000082700000, 0x0000000082800000, 0x0000000082800000|100%| O|  |TAMS 0x0000000082800000, 0x0000000082700000| Untracked 
|  40|0x0000000082800000, 0x0000000082900000, 0x0000000082900000|100%| O|  |TAMS 0x0000000082900000, 0x0000000082800000| Untracked 
|  41|0x0000000082900000, 0x0000000082a00000, 0x0000000082a00000|100%| O|  |TAMS 0x0000000082a00000, 0x0000000082900000| Untracked 
|  42|0x0000000082a00000, 0x0000000082b00000, 0x0000000082b00000|100%| O|  |TAMS 0x0000000082b00000, 0x0000000082a00000| Untracked 
|  43|0x0000000082b00000, 0x0000000082c00000, 0x0000000082c00000|100%| O|  |TAMS 0x0000000082c00000, 0x0000000082b00000| Untracked 
|  44|0x0000000082c00000, 0x0000000082d00000, 0x0000000082d00000|100%| O|  |TAMS 0x0000000082d00000, 0x0000000082c00000| Untracked 
|  45|0x0000000082d00000, 0x0000000082e00000, 0x0000000082e00000|100%| O|  |TAMS 0x0000000082e00000, 0x0000000082d00000| Untracked 
|  46|0x0000000082e00000, 0x0000000082f00000, 0x0000000082f00000|100%| O|  |TAMS 0x0000000082f00000, 0x0000000082e00000| Untracked 
|  47|0x0000000082f00000, 0x0000000083000000, 0x0000000083000000|100%| O|  |TAMS 0x0000000083000000, 0x0000000082f00000| Untracked 
|  48|0x0000000083000000, 0x0000000083100000, 0x0000000083100000|100%| O|  |TAMS 0x0000000083100000, 0x0000000083000000| Untracked 
|  49|0x0000000083100000, 0x0000000083200000, 0x0000000083200000|100%| O|  |TAMS 0x0000000083200000, 0x0000000083100000| Untracked 
|  50|0x0000000083200000, 0x0000000083300000, 0x0000000083300000|100%| O|  |TAMS 0x0000000083300000, 0x0000000083200000| Untracked 
|  51|0x0000000083300000, 0x0000000083400000, 0x0000000083400000|100%| O|  |TAMS 0x0000000083400000, 0x0000000083300000| Untracked 
|  52|0x0000000083400000, 0x0000000083500000, 0x0000000083500000|100%| O|  |TAMS 0x0000000083500000, 0x0000000083400000| Untracked 
|  53|0x0000000083500000, 0x0000000083600000, 0x0000000083600000|100%| O|  |TAMS 0x0000000083600000, 0x0000000083500000| Untracked 
|  54|0x0000000083600000, 0x0000000083700000, 0x0000000083700000|100%| O|  |TAMS 0x0000000083700000, 0x0000000083600000| Untracked 
|  55|0x0000000083700000, 0x0000000083800000, 0x0000000083800000|100%| O|  |TAMS 0x0000000083800000, 0x0000000083700000| Untracked 
|  56|0x0000000083800000, 0x0000000083900000, 0x0000000083900000|100%| O|  |TAMS 0x0000000083900000, 0x0000000083800000| Untracked 
|  57|0x0000000083900000, 0x0000000083a00000, 0x0000000083a00000|100%| O|  |TAMS 0x0000000083a00000, 0x0000000083900000| Untracked 
|  58|0x0000000083a00000, 0x0000000083b00000, 0x0000000083b00000|100%| O|  |TAMS 0x0000000083b00000, 0x0000000083a00000| Untracked 
|  59|0x0000000083b00000, 0x0000000083c00000, 0x0000000083c00000|100%| O|  |TAMS 0x0000000083c00000, 0x0000000083b00000| Untracked 
|  60|0x0000000083c00000, 0x0000000083d00000, 0x0000000083d00000|100%| O|  |TAMS 0x0000000083d00000, 0x0000000083c00000| Untracked 
|  61|0x0000000083d00000, 0x0000000083d00000, 0x0000000083e00000|  0%| F|  |TAMS 0x0000000083d00000, 0x0000000083d00000| Untracked 
|  62|0x0000000083e00000, 0x0000000083f00000, 0x0000000083f00000|100%| O|  |TAMS 0x0000000083f00000, 0x0000000083e00000| Untracked 
|  63|0x0000000083f00000, 0x0000000084000000, 0x0000000084000000|100%| O|  |TAMS 0x0000000084000000, 0x0000000083f00000| Untracked 
|  64|0x0000000084000000, 0x0000000084100000, 0x0000000084100000|100%| O|  |TAMS 0x0000000084100000, 0x0000000084000000| Untracked 
|  65|0x0000000084100000, 0x0000000084200000, 0x0000000084200000|100%| O|  |TAMS 0x0000000084200000, 0x0000000084100000| Untracked 
|  66|0x0000000084200000, 0x0000000084300000, 0x0000000084300000|100%| O|  |TAMS 0x0000000084300000, 0x0000000084200000| Untracked 
|  67|0x0000000084300000, 0x0000000084400000, 0x0000000084400000|100%| O|  |TAMS 0x0000000084400000, 0x0000000084300000| Untracked 
|  68|0x0000000084400000, 0x0000000084500000, 0x0000000084500000|100%| O|  |TAMS 0x0000000084500000, 0x0000000084400000| Untracked 
|  69|0x0000000084500000, 0x0000000084600000, 0x0000000084600000|100%| O|  |TAMS 0x0000000084600000, 0x0000000084500000| Untracked 
|  70|0x0000000084600000, 0x0000000084700000, 0x0000000084700000|100%| O|  |TAMS 0x0000000084700000, 0x0000000084600000| Untracked 
|  71|0x0000000084700000, 0x0000000084800000, 0x0000000084800000|100%| O|  |TAMS 0x0000000084800000, 0x0000000084700000| Untracked 
|  72|0x0000000084800000, 0x0000000084900000, 0x0000000084900000|100%| O|  |TAMS 0x0000000084900000, 0x0000000084800000| Untracked 
|  73|0x0000000084900000, 0x0000000084a00000, 0x0000000084a00000|100%|HS|  |TAMS 0x0000000084a00000, 0x0000000084900000| Complete 
|  74|0x0000000084a00000, 0x0000000084b00000, 0x0000000084b00000|100%|HC|  |TAMS 0x0000000084b00000, 0x0000000084a00000| Complete 
|  75|0x0000000084b00000, 0x0000000084c00000, 0x0000000084c00000|100%| O|  |TAMS 0x0000000084c00000, 0x0000000084b00000| Untracked 
|  76|0x0000000084c00000, 0x0000000084d00000, 0x0000000084d00000|100%| O|  |TAMS 0x0000000084d00000, 0x0000000084c00000| Untracked 
|  77|0x0000000084d00000, 0x0000000084e00000, 0x0000000084e00000|100%| O|  |TAMS 0x0000000084e00000, 0x0000000084d00000| Untracked 
|  78|0x0000000084e00000, 0x0000000084f00000, 0x0000000084f00000|100%| O|  |TAMS 0x0000000084f00000, 0x0000000084e00000| Untracked 
|  79|0x0000000084f00000, 0x0000000085000000, 0x0000000085000000|100%| O|  |TAMS 0x0000000085000000, 0x0000000084f00000| Untracked 
|  80|0x0000000085000000, 0x0000000085100000, 0x0000000085100000|100%|HS|  |TAMS 0x0000000085000000, 0x0000000085000000| Complete 
|  81|0x0000000085100000, 0x0000000085200000, 0x0000000085200000|100%|HC|  |TAMS 0x0000000085100000, 0x0000000085100000| Complete 
|  82|0x0000000085200000, 0x0000000085300000, 0x0000000085300000|100%|HC|  |TAMS 0x0000000085200000, 0x0000000085200000| Complete 
|  83|0x0000000085300000, 0x0000000085400000, 0x0000000085400000|100%|HC|  |TAMS 0x0000000085300000, 0x0000000085300000| Complete 
|  84|0x0000000085400000, 0x0000000085500000, 0x0000000085500000|100%|HS|  |TAMS 0x0000000085400000, 0x0000000085400000| Complete 
|  85|0x0000000085500000, 0x0000000085600000, 0x0000000085600000|100%|HC|  |TAMS 0x0000000085500000, 0x0000000085500000| Complete 
|  86|0x0000000085600000, 0x0000000085700000, 0x0000000085700000|100%|HS|  |TAMS 0x0000000085600000, 0x0000000085600000| Complete 
|  87|0x0000000085700000, 0x0000000085800000, 0x0000000085800000|100%|HC|  |TAMS 0x0000000085700000, 0x0000000085700000| Complete 
|  88|0x0000000085800000, 0x0000000085900000, 0x0000000085900000|100%|HC|  |TAMS 0x0000000085800000, 0x0000000085800000| Complete 
|  89|0x0000000085900000, 0x0000000085a00000, 0x0000000085a00000|100%|HS|  |TAMS 0x0000000085900000, 0x0000000085900000| Complete 
|  90|0x0000000085a00000, 0x0000000085b00000, 0x0000000085b00000|100%|HC|  |TAMS 0x0000000085a00000, 0x0000000085a00000| Complete 
|  91|0x0000000085b00000, 0x0000000085c00000, 0x0000000085c00000|100%|HC|  |TAMS 0x0000000085b00000, 0x0000000085b00000| Complete 
|  92|0x0000000085c00000, 0x0000000085c00000, 0x0000000085d00000|  0%| F|  |TAMS 0x0000000085c00000, 0x0000000085c00000| Untracked 
|  93|0x0000000085d00000, 0x0000000085d00000, 0x0000000085e00000|  0%| F|  |TAMS 0x0000000085d00000, 0x0000000085d00000| Untracked 
|  94|0x0000000085e00000, 0x0000000085e00000, 0x0000000085f00000|  0%| F|  |TAMS 0x0000000085e00000, 0x0000000085e00000| Untracked 
|  95|0x0000000085f00000, 0x0000000085f00000, 0x0000000086000000|  0%| F|  |TAMS 0x0000000085f00000, 0x0000000085f00000| Untracked 
|  96|0x0000000086000000, 0x0000000086000000, 0x0000000086100000|  0%| F|  |TAMS 0x0000000086000000, 0x0000000086000000| Untracked 
|  97|0x0000000086100000, 0x0000000086100000, 0x0000000086200000|  0%| F|  |TAMS 0x0000000086100000, 0x0000000086100000| Untracked 
|  98|0x0000000086200000, 0x0000000086200000, 0x0000000086300000|  0%| F|  |TAMS 0x0000000086200000, 0x0000000086200000| Untracked 
|  99|0x0000000086300000, 0x0000000086300000, 0x0000000086400000|  0%| F|  |TAMS 0x0000000086300000, 0x0000000086300000| Untracked 
| 100|0x0000000086400000, 0x0000000086400000, 0x0000000086500000|  0%| F|  |TAMS 0x0000000086400000, 0x0000000086400000| Untracked 
| 101|0x0000000086500000, 0x0000000086500000, 0x0000000086600000|  0%| F|  |TAMS 0x0000000086500000, 0x0000000086500000| Untracked 
| 102|0x0000000086600000, 0x0000000086600000, 0x0000000086700000|  0%| F|  |TAMS 0x0000000086600000, 0x0000000086600000| Untracked 
| 103|0x0000000086700000, 0x0000000086700000, 0x0000000086800000|  0%| F|  |TAMS 0x0000000086700000, 0x0000000086700000| Untracked 
| 104|0x0000000086800000, 0x0000000086800000, 0x0000000086900000|  0%| F|  |TAMS 0x0000000086800000, 0x0000000086800000| Untracked 
| 105|0x0000000086900000, 0x0000000086900000, 0x0000000086a00000|  0%| F|  |TAMS 0x0000000086900000, 0x0000000086900000| Untracked 
| 106|0x0000000086a00000, 0x0000000086a00000, 0x0000000086b00000|  0%| F|  |TAMS 0x0000000086a00000, 0x0000000086a00000| Untracked 
| 107|0x0000000086b00000, 0x0000000086b00000, 0x0000000086c00000|  0%| F|  |TAMS 0x0000000086b00000, 0x0000000086b00000| Untracked 
| 108|0x0000000086c00000, 0x0000000086c00000, 0x0000000086d00000|  0%| F|  |TAMS 0x0000000086c00000, 0x0000000086c00000| Untracked 
| 109|0x0000000086d00000, 0x0000000086d00000, 0x0000000086e00000|  0%| F|  |TAMS 0x0000000086d00000, 0x0000000086d00000| Untracked 
| 110|0x0000000086e00000, 0x0000000086e00000, 0x0000000086f00000|  0%| F|  |TAMS 0x0000000086e00000, 0x0000000086e00000| Untracked 
| 111|0x0000000086f00000, 0x0000000086f00000, 0x0000000087000000|  0%| F|  |TAMS 0x0000000086f00000, 0x0000000086f00000| Untracked 
| 112|0x0000000087000000, 0x0000000087000000, 0x0000000087100000|  0%| F|  |TAMS 0x0000000087000000, 0x0000000087000000| Untracked 
| 113|0x0000000087100000, 0x0000000087100000, 0x0000000087200000|  0%| F|  |TAMS 0x0000000087100000, 0x0000000087100000| Untracked 
| 114|0x0000000087200000, 0x0000000087200000, 0x0000000087300000|  0%| F|  |TAMS 0x0000000087200000, 0x0000000087200000| Untracked 
| 115|0x0000000087300000, 0x0000000087300000, 0x0000000087400000|  0%| F|  |TAMS 0x0000000087300000, 0x0000000087300000| Untracked 
| 116|0x0000000087400000, 0x0000000087400000, 0x0000000087500000|  0%| F|  |TAMS 0x0000000087400000, 0x0000000087400000| Untracked 
| 117|0x0000000087500000, 0x0000000087500000, 0x0000000087600000|  0%| F|  |TAMS 0x0000000087500000, 0x0000000087500000| Untracked 
| 118|0x0000000087600000, 0x0000000087600000, 0x0000000087700000|  0%| F|  |TAMS 0x0000000087600000, 0x0000000087600000| Untracked 
| 119|0x0000000087700000, 0x0000000087700000, 0x0000000087800000|  0%| F|  |TAMS 0x0000000087700000, 0x0000000087700000| Untracked 
| 120|0x0000000087800000, 0x0000000087800000, 0x0000000087900000|  0%| F|  |TAMS 0x0000000087800000, 0x0000000087800000| Untracked 
| 121|0x0000000087900000, 0x0000000087900000, 0x0000000087a00000|  0%| F|  |TAMS 0x0000000087900000, 0x0000000087900000| Untracked 
| 122|0x0000000087a00000, 0x0000000087a00000, 0x0000000087b00000|  0%| F|  |TAMS 0x0000000087a00000, 0x0000000087a00000| Untracked 
| 123|0x0000000087b00000, 0x0000000087b00000, 0x0000000087c00000|  0%| F|  |TAMS 0x0000000087b00000, 0x0000000087b00000| Untracked 
| 124|0x0000000087c00000, 0x0000000087c00000, 0x0000000087d00000|  0%| F|  |TAMS 0x0000000087c00000, 0x0000000087c00000| Untracked 
| 125|0x0000000087d00000, 0x0000000087d00000, 0x0000000087e00000|  0%| F|  |TAMS 0x0000000087d00000, 0x0000000087d00000| Untracked 
| 126|0x0000000087e00000, 0x0000000087e00000, 0x0000000087f00000|  0%| F|  |TAMS 0x0000000087e00000, 0x0000000087e00000| Untracked 
| 127|0x0000000087f00000, 0x0000000087f00000, 0x0000000088000000|  0%| F|  |TAMS 0x0000000087f00000, 0x0000000087f00000| Untracked 
| 128|0x0000000088000000, 0x0000000088000000, 0x0000000088100000|  0%| F|  |TAMS 0x0000000088000000, 0x0000000088000000| Untracked 
| 129|0x0000000088100000, 0x0000000088100000, 0x0000000088200000|  0%| F|  |TAMS 0x0000000088100000, 0x0000000088100000| Untracked 
| 130|0x0000000088200000, 0x0000000088200000, 0x0000000088300000|  0%| F|  |TAMS 0x0000000088200000, 0x0000000088200000| Untracked 
| 131|0x0000000088300000, 0x00000000883ca328, 0x0000000088400000| 78%| E|  |TAMS 0x0000000088300000, 0x0000000088300000| Complete 
| 132|0x0000000088400000, 0x0000000088500000, 0x0000000088500000|100%| E|CS|TAMS 0x0000000088400000, 0x0000000088400000| Complete 
| 133|0x0000000088500000, 0x0000000088600000, 0x0000000088600000|100%| E|CS|TAMS 0x0000000088500000, 0x0000000088500000| Complete 
| 134|0x0000000088600000, 0x0000000088700000, 0x0000000088700000|100%| E|CS|TAMS 0x0000000088600000, 0x0000000088600000| Complete 
| 135|0x0000000088700000, 0x0000000088800000, 0x0000000088800000|100%| E|CS|TAMS 0x0000000088700000, 0x0000000088700000| Complete 
| 136|0x0000000088800000, 0x0000000088900000, 0x0000000088900000|100%| E|CS|TAMS 0x0000000088800000, 0x0000000088800000| Complete 
| 137|0x0000000088900000, 0x0000000088a00000, 0x0000000088a00000|100%| E|CS|TAMS 0x0000000088900000, 0x0000000088900000| Complete 
| 138|0x0000000088a00000, 0x0000000088b00000, 0x0000000088b00000|100%| E|CS|TAMS 0x0000000088a00000, 0x0000000088a00000| Complete 
| 139|0x0000000088b00000, 0x0000000088c00000, 0x0000000088c00000|100%| E|CS|TAMS 0x0000000088b00000, 0x0000000088b00000| Complete 
| 140|0x0000000088c00000, 0x0000000088d00000, 0x0000000088d00000|100%| S|CS|TAMS 0x0000000088c00000, 0x0000000088c00000| Complete 
| 141|0x0000000088d00000, 0x0000000088e00000, 0x0000000088e00000|100%| S|CS|TAMS 0x0000000088d00000, 0x0000000088d00000| Complete 
| 142|0x0000000088e00000, 0x0000000088f00000, 0x0000000088f00000|100%| S|CS|TAMS 0x0000000088e00000, 0x0000000088e00000| Complete 
| 143|0x0000000088f00000, 0x0000000089000000, 0x0000000089000000|100%| S|CS|TAMS 0x0000000088f00000, 0x0000000088f00000| Complete 
| 144|0x0000000089000000, 0x0000000089100000, 0x0000000089100000|100%| S|CS|TAMS 0x0000000089000000, 0x0000000089000000| Complete 
| 145|0x0000000089100000, 0x0000000089200000, 0x0000000089200000|100%| S|CS|TAMS 0x0000000089100000, 0x0000000089100000| Complete 
| 146|0x0000000089200000, 0x0000000089300000, 0x0000000089300000|100%| E|CS|TAMS 0x0000000089200000, 0x0000000089200000| Complete 
| 147|0x0000000089300000, 0x0000000089400000, 0x0000000089400000|100%| E|CS|TAMS 0x0000000089300000, 0x0000000089300000| Complete 
| 148|0x0000000089400000, 0x0000000089500000, 0x0000000089500000|100%| E|CS|TAMS 0x0000000089400000, 0x0000000089400000| Complete 
| 149|0x0000000089500000, 0x0000000089600000, 0x0000000089600000|100%| E|  |TAMS 0x0000000089500000, 0x0000000089500000| Complete 
| 150|0x0000000089600000, 0x0000000089700000, 0x0000000089700000|100%| E|CS|TAMS 0x0000000089600000, 0x0000000089600000| Complete 
| 151|0x0000000089700000, 0x0000000089800000, 0x0000000089800000|100%| E|CS|TAMS 0x0000000089700000, 0x0000000089700000| Complete 
| 152|0x0000000089800000, 0x0000000089900000, 0x0000000089900000|100%| E|CS|TAMS 0x0000000089800000, 0x0000000089800000| Complete 
| 153|0x0000000089900000, 0x0000000089a00000, 0x0000000089a00000|100%| E|CS|TAMS 0x0000000089900000, 0x0000000089900000| Complete 
| 154|0x0000000089a00000, 0x0000000089b00000, 0x0000000089b00000|100%| E|CS|TAMS 0x0000000089a00000, 0x0000000089a00000| Complete 
| 155|0x0000000089b00000, 0x0000000089c00000, 0x0000000089c00000|100%| E|CS|TAMS 0x0000000089b00000, 0x0000000089b00000| Complete 
| 156|0x0000000089c00000, 0x0000000089d00000, 0x0000000089d00000|100%| E|CS|TAMS 0x0000000089c00000, 0x0000000089c00000| Complete 
| 157|0x0000000089d00000, 0x0000000089e00000, 0x0000000089e00000|100%| E|CS|TAMS 0x0000000089d00000, 0x0000000089d00000| Complete 
| 158|0x0000000089e00000, 0x0000000089f00000, 0x0000000089f00000|100%| E|CS|TAMS 0x0000000089e00000, 0x0000000089e00000| Complete 
| 159|0x0000000089f00000, 0x000000008a000000, 0x000000008a000000|100%| E|CS|TAMS 0x0000000089f00000, 0x0000000089f00000| Complete 
| 160|0x000000008a000000, 0x000000008a100000, 0x000000008a100000|100%| E|CS|TAMS 0x000000008a000000, 0x000000008a000000| Complete 
| 161|0x000000008a100000, 0x000000008a200000, 0x000000008a200000|100%| E|CS|TAMS 0x000000008a100000, 0x000000008a100000| Complete 
| 162|0x000000008a200000, 0x000000008a300000, 0x000000008a300000|100%| E|CS|TAMS 0x000000008a200000, 0x000000008a200000| Complete 
| 163|0x000000008a300000, 0x000000008a400000, 0x000000008a400000|100%| E|CS|TAMS 0x000000008a300000, 0x000000008a300000| Complete 
| 164|0x000000008a400000, 0x000000008a500000, 0x000000008a500000|100%| E|CS|TAMS 0x000000008a400000, 0x000000008a400000| Complete 
| 165|0x000000008a500000, 0x000000008a600000, 0x000000008a600000|100%| E|CS|TAMS 0x000000008a500000, 0x000000008a500000| Complete 
| 166|0x000000008a600000, 0x000000008a700000, 0x000000008a700000|100%| E|CS|TAMS 0x000000008a600000, 0x000000008a600000| Complete 
| 167|0x000000008a700000, 0x000000008a800000, 0x000000008a800000|100%| E|CS|TAMS 0x000000008a700000, 0x000000008a700000| Complete 
| 168|0x000000008a800000, 0x000000008a900000, 0x000000008a900000|100%| E|CS|TAMS 0x000000008a800000, 0x000000008a800000| Complete 
| 169|0x000000008a900000, 0x000000008aa00000, 0x000000008aa00000|100%| E|CS|TAMS 0x000000008a900000, 0x000000008a900000| Complete 
| 170|0x000000008aa00000, 0x000000008ab00000, 0x000000008ab00000|100%| E|CS|TAMS 0x000000008aa00000, 0x000000008aa00000| Complete 
| 171|0x000000008ab00000, 0x000000008ac00000, 0x000000008ac00000|100%| E|CS|TAMS 0x000000008ab00000, 0x000000008ab00000| Complete 

Card table byte_map: [0x000002565df80000,0x000002565e380000] _byte_map_base: 0x000002565db80000

Marking Bits (Prev, Next): (CMBitMap*) 0x000002564b0c37b0, (CMBitMap*) 0x000002564b0c3778
 Prev Bits: [0x0000025660780000, 0x0000025662780000)
 Next Bits: [0x000002565e780000, 0x0000025660780000)

Polling page: 0x0000025648ef0000

Metaspace:

Usage:
  Non-class:     76.66 MB capacity,    75.44 MB ( 98%) used,  1002.75 KB (  1%) free+waste,   243.88 KB ( <1%) overhead. 
      Class:     11.90 MB capacity,    11.15 MB ( 94%) used,   662.95 KB (  5%) free+waste,   110.94 KB ( <1%) overhead. 
       Both:     88.56 MB capacity,    86.59 MB ( 98%) used,     1.63 MB (  2%) free+waste,   354.81 KB ( <1%) overhead. 

Virtual space:
  Non-class space:       78.00 MB reserved,      76.90 MB ( 99%) committed 
      Class space:        1.00 GB reserved,      12.00 MB (  1%) committed 
             Both:        1.08 GB reserved,      88.90 MB (  8%) committed 

Chunk freelists:
   Non-Class:  0 bytes
       Class:  3.00 KB
        Both:  3.00 KB

MaxMetaspaceSize: 17179869184.00 GB
CompressedClassSpaceSize: 1.00 GB

CodeHeap 'non-profiled nmethods': size=120064Kb used=4644Kb max_used=4644Kb free=115420Kb
 bounds [0x0000025656640000, 0x0000025656ad0000, 0x000002565db80000]
CodeHeap 'profiled nmethods': size=120000Kb used=21178Kb max_used=21178Kb free=98821Kb
 bounds [0x000002564f110000, 0x00000256505c0000, 0x0000025656640000]
CodeHeap 'non-nmethods': size=5696Kb used=2295Kb max_used=2331Kb free=3400Kb
 bounds [0x000002564eb80000, 0x000002564edf0000, 0x000002564f110000]
 total_blobs=10992 nmethods=10091 adapters=812
 compilation: enabled
              stopped_count=0, restarted_count=0
 full_count=0

Compilation events (20 events):
Event: 78.369 Thread 0x0000025664c8a800 nmethod 10235 0x000002565059af10 code [0x000002565059b0e0, 0x000002565059b318]
Event: 78.369 Thread 0x0000025664c8a800 10236       2       java.nio.file.FileChannelLinesSpliterator::tryAdvance (20 bytes)
Event: 78.370 Thread 0x0000025664c8a800 nmethod 10236 0x000002565059b410 code [0x000002565059b5e0, 0x000002565059b758]
Event: 78.370 Thread 0x0000025664c8a800 10237   !   2       java.nio.file.FileChannelLinesSpliterator::readLine (38 bytes)
Event: 78.370 Thread 0x0000025664c8a800 nmethod 10237 0x000002565059b810 code [0x000002565059ba20, 0x000002565059bf08]
Event: 78.370 Thread 0x0000025664c8a800 10238       2       com.android.ide.common.symbols.SymbolIo$ReadConfiguration$1::parseLine (5 bytes)
Event: 78.371 Thread 0x0000025664c8a800 nmethod 10238 0x000002565059c190 code [0x000002565059c340, 0x000002565059c448]
Event: 78.371 Thread 0x0000025664c8a800 10239       2       com.android.ide.common.symbols.SymbolIo::access$200 (5 bytes)
Event: 78.371 Thread 0x0000025664c8a800 nmethod 10239 0x000002565059c510 code [0x000002565059c6c0, 0x000002565059c7a8]
Event: 78.371 Thread 0x0000025664c8a800 10241       2       com.android.ide.common.symbols.SymbolJavaType::getEnum (11 bytes)
Event: 78.371 Thread 0x0000025664c8a800 nmethod 10241 0x000002565059c890 code [0x000002565059ca40, 0x000002565059cb88]
Event: 78.371 Thread 0x0000025664c8a800 10242       2       com.android.ide.common.symbols.SymbolIo$SymbolData::<init> (45 bytes)
Event: 78.371 Thread 0x0000025664c8a800 nmethod 10242 0x000002565059cc90 code [0x000002565059ce60, 0x000002565059d1b8]
Event: 78.371 Thread 0x0000025664c8a800 10243       2       com.android.ide.common.symbols.SymbolUtils::valueStringToInt (51 bytes)
Event: 78.372 Thread 0x0000025664c8a800 nmethod 10243 0x000002565059d290 code [0x000002565059d4c0, 0x000002565059d828]
Event: 78.372 Thread 0x0000025664c8a800 10249 % !   3       java.io.BufferedReader::readLine @ 131 (304 bytes)
Event: 78.376 Thread 0x0000025664c8a800 nmethod 10249% 0x000002565059da90 code [0x000002565059de00, 0x000002565059f708]
Event: 78.376 Thread 0x0000025664c8a800 10250       2       com.android.ide.common.symbols.SymbolIo::readAaptLine (166 bytes)
Event: 78.379 Thread 0x0000025664c8a800 nmethod 10250 0x00000256505a0310 code [0x00000256505a0640, 0x00000256505a11e8]
Event: 78.379 Thread 0x0000025664c8a800 10244       2       java.lang.Integer::parseUnsignedInt (127 bytes)

GC Heap History (20 events):
Event: 65.867 GC heap before
{Heap before GC invocations=46 (full 0):
 garbage-first heap   total 95232K, used 68536K [0x0000000080000000, 0x0000000100000000)
  region size 1024K, 17 young (17408K), 1 survivors (1024K)
 Metaspace       used 65798K, capacity 67308K, committed 67484K, reserved 1107968K
  class space    used 8368K, capacity 8943K, committed 8960K, reserved 1048576K
}
Event: 65.876 GC heap after
{Heap after GC invocations=47 (full 0):
 garbage-first heap   total 95232K, used 54535K [0x0000000080000000, 0x0000000100000000)
  region size 1024K, 3 young (3072K), 3 survivors (3072K)
 Metaspace       used 65798K, capacity 67308K, committed 67484K, reserved 1107968K
  class space    used 8368K, capacity 8943K, committed 8960K, reserved 1048576K
}
Event: 66.466 GC heap before
{Heap before GC invocations=48 (full 0):
 garbage-first heap   total 95232K, used 70919K [0x0000000080000000, 0x0000000100000000)
  region size 1024K, 19 young (19456K), 3 survivors (3072K)
 Metaspace       used 67893K, capacity 69439K, committed 69660K, reserved 1110016K
  class space    used 8753K, capacity 9335K, committed 9344K, reserved 1048576K
}
Event: 66.476 GC heap after
{Heap after GC invocations=49 (full 0):
 garbage-first heap   total 95232K, used 55467K [0x0000000080000000, 0x0000000100000000)
  region size 1024K, 3 young (3072K), 3 survivors (3072K)
 Metaspace       used 67893K, capacity 69439K, committed 69660K, reserved 1110016K
  class space    used 8753K, capacity 9335K, committed 9344K, reserved 1048576K
}
Event: 67.072 GC heap before
{Heap before GC invocations=49 (full 0):
 garbage-first heap   total 95232K, used 72875K [0x0000000080000000, 0x0000000100000000)
  region size 1024K, 20 young (20480K), 3 survivors (3072K)
 Metaspace       used 69904K, capacity 71473K, committed 71580K, reserved 1112064K
  class space    used 9067K, capacity 9645K, committed 9728K, reserved 1048576K
}
Event: 67.084 GC heap after
{Heap after GC invocations=50 (full 0):
 garbage-first heap   total 95232K, used 56965K [0x0000000080000000, 0x0000000100000000)
  region size 1024K, 3 young (3072K), 3 survivors (3072K)
 Metaspace       used 69904K, capacity 71473K, committed 71580K, reserved 1112064K
  class space    used 9067K, capacity 9645K, committed 9728K, reserved 1048576K
}
Event: 67.672 GC heap before
{Heap before GC invocations=51 (full 0):
 garbage-first heap   total 95232K, used 74373K [0x0000000080000000, 0x0000000100000000)
  region size 1024K, 20 young (20480K), 3 survivors (3072K)
 Metaspace       used 71295K, capacity 72915K, committed 73116K, reserved 1112064K
  class space    used 9268K, capacity 9883K, committed 9984K, reserved 1048576K
}
Event: 67.688 GC heap after
{Heap after GC invocations=52 (full 0):
 garbage-first heap   total 122880K, used 58255K [0x0000000080000000, 0x0000000100000000)
  region size 1024K, 3 young (3072K), 3 survivors (3072K)
 Metaspace       used 71295K, capacity 72915K, committed 73116K, reserved 1112064K
  class space    used 9268K, capacity 9883K, committed 9984K, reserved 1048576K
}
Event: 68.612 GC heap before
{Heap before GC invocations=52 (full 0):
 garbage-first heap   total 122880K, used 87951K [0x0000000080000000, 0x0000000100000000)
  region size 1024K, 32 young (32768K), 3 survivors (3072K)
 Metaspace       used 73777K, capacity 75540K, committed 75804K, reserved 1114112K
  class space    used 9612K, capacity 10278K, committed 10368K, reserved 1048576K
}
Event: 68.643 GC heap after
{Heap after GC invocations=53 (full 0):
 garbage-first heap   total 122880K, used 59895K [0x0000000080000000, 0x0000000100000000)
  region size 1024K, 3 young (3072K), 3 survivors (3072K)
 Metaspace       used 73777K, capacity 75540K, committed 75804K, reserved 1114112K
  class space    used 9612K, capacity 10278K, committed 10368K, reserved 1048576K
}
Event: 69.850 GC heap before
{Heap before GC invocations=54 (full 0):
 garbage-first heap   total 122880K, used 90615K [0x0000000080000000, 0x0000000100000000)
  region size 1024K, 33 young (33792K), 3 survivors (3072K)
 Metaspace       used 77634K, capacity 79454K, committed 79644K, reserved 1118208K
  class space    used 10127K, capacity 10801K, committed 10880K, reserved 1048576K
}
Event: 69.865 GC heap after
{Heap after GC invocations=55 (full 0):
 garbage-first heap   total 122880K, used 61688K [0x0000000080000000, 0x0000000100000000)
  region size 1024K, 4 young (4096K), 4 survivors (4096K)
 Metaspace       used 77634K, capacity 79454K, committed 79644K, reserved 1118208K
  class space    used 10127K, capacity 10801K, committed 10880K, reserved 1048576K
}
Event: 71.840 GC heap before
{Heap before GC invocations=55 (full 0):
 garbage-first heap   total 122880K, used 92408K [0x0000000080000000, 0x0000000100000000)
  region size 1024K, 34 young (34816K), 4 survivors (4096K)
 Metaspace       used 80001K, capacity 81986K, committed 82076K, reserved 1120256K
  class space    used 10502K, capacity 11261K, committed 11264K, reserved 1048576K
}
Event: 71.870 GC heap after
{Heap after GC invocations=56 (full 0):
 garbage-first heap   total 122880K, used 63988K [0x0000000080000000, 0x0000000100000000)
  region size 1024K, 4 young (4096K), 4 survivors (4096K)
 Metaspace       used 80001K, capacity 81986K, committed 82076K, reserved 1120256K
  class space    used 10502K, capacity 11261K, committed 11264K, reserved 1048576K
}
Event: 72.952 GC heap before
{Heap before GC invocations=57 (full 0):
 garbage-first heap   total 122880K, used 93684K [0x0000000080000000, 0x0000000100000000)
  region size 1024K, 34 young (34816K), 4 survivors (4096K)
 Metaspace       used 80476K, capacity 82537K, committed 82716K, reserved 1120256K
  class space    used 10559K, capacity 11336K, committed 11392K, reserved 1048576K
}
Event: 72.976 GC heap after
{Heap after GC invocations=58 (full 0):
 garbage-first heap   total 176128K, used 66048K [0x0000000080000000, 0x0000000100000000)
  region size 1024K, 5 young (5120K), 5 survivors (5120K)
 Metaspace       used 80476K, capacity 82537K, committed 82716K, reserved 1120256K
  class space    used 10559K, capacity 11336K, committed 11392K, reserved 1048576K
}
Event: 74.720 GC heap before
{Heap before GC invocations=58 (full 0):
 garbage-first heap   total 176128K, used 116224K [0x0000000080000000, 0x0000000100000000)
  region size 1024K, 53 young (54272K), 5 survivors (5120K)
 Metaspace       used 82763K, capacity 84806K, committed 85020K, reserved 1122304K
  class space    used 10770K, capacity 11550K, committed 11648K, reserved 1048576K
}
Event: 74.803 GC heap after
{Heap after GC invocations=59 (full 0):
 garbage-first heap   total 176128K, used 78927K [0x0000000080000000, 0x0000000100000000)
  region size 1024K, 7 young (7168K), 7 survivors (7168K)
 Metaspace       used 82763K, capacity 84806K, committed 85020K, reserved 1122304K
  class space    used 10770K, capacity 11550K, committed 11648K, reserved 1048576K
}
Event: 75.849 GC heap before
{Heap before GC invocations=59 (full 0):
 garbage-first heap   total 176128K, used 107599K [0x0000000080000000, 0x0000000100000000)
  region size 1024K, 33 young (33792K), 7 survivors (7168K)
 Metaspace       used 85159K, capacity 87164K, committed 87324K, reserved 1124352K
  class space    used 11061K, capacity 11846K, committed 11904K, reserved 1048576K
}
Event: 75.887 GC heap after
{Heap after GC invocations=60 (full 0):
 garbage-first heap   total 176128K, used 87040K [0x0000000080000000, 0x0000000100000000)
  region size 1024K, 6 young (6144K), 6 survivors (6144K)
 Metaspace       used 85159K, capacity 87164K, committed 87324K, reserved 1124352K
  class space    used 11061K, capacity 11846K, committed 11904K, reserved 1048576K
}

Deoptimization events (20 events):
Event: 77.759 Thread 0x000002566b985000 Uncommon trap: trap_request=0xffffff4d fr.pc=0x000002565686870c relative=0x000000000000022c
Event: 77.759 Thread 0x000002566b985000 Uncommon trap: reason=unstable_if action=reinterpret pc=0x000002565686870c method=com.esotericsoftware.kryo.io.Output.writeString(Ljava/lang/CharSequence;)V @ 50 c2
Event: 77.759 Thread 0x000002566b985000 DEOPT PACKING pc=0x000002565686870c sp=0x00000068233fe490
Event: 77.759 Thread 0x000002566b985000 DEOPT UNPACKING pc=0x000002564eba662f sp=0x00000068233fe410 mode 2
Event: 77.783 Thread 0x0000025667172800 DEOPT PACKING pc=0x000002564ff52be1 sp=0x000000681f4fbb50
Event: 77.784 Thread 0x0000025667172800 DEOPT UNPACKING pc=0x000002564eba6dde sp=0x000000681f4fb018 mode 0
Event: 77.803 Thread 0x000002566b985000 DEOPT PACKING pc=0x000002565054d369 sp=0x00000068233fe3f0
Event: 77.803 Thread 0x000002566b985000 DEOPT UNPACKING pc=0x000002564eba6dde sp=0x00000068233fd890 mode 0
Event: 77.867 Thread 0x0000025666a50000 Uncommon trap: trap_request=0xffffff4d fr.pc=0x0000025656a1d4bc relative=0x00000000000005dc
Event: 77.867 Thread 0x0000025666a50000 Uncommon trap: reason=unstable_if action=reinterpret pc=0x0000025656a1d4bc method=sun.security.provider.DigestBase.engineUpdate([BII)V @ 1 c2
Event: 77.867 Thread 0x0000025666a50000 DEOPT PACKING pc=0x0000025656a1d4bc sp=0x00000068232f9be0
Event: 77.867 Thread 0x0000025666a50000 DEOPT UNPACKING pc=0x000002564eba662f sp=0x00000068232f9ba8 mode 2
Event: 77.961 Thread 0x0000025666a4f000 DEOPT PACKING pc=0x000002564ffe398e sp=0x00000068231fd680
Event: 77.961 Thread 0x0000025666a4f000 DEOPT UNPACKING pc=0x000002564eba6dde sp=0x00000068231fcbc8 mode 0
Event: 78.244 Thread 0x000002566b987800 DEOPT PACKING pc=0x00000256500502c4 sp=0x00000068235fd7f0
Event: 78.244 Thread 0x000002566b987800 DEOPT UNPACKING pc=0x000002564eba6dde sp=0x00000068235fcd90 mode 0
Event: 78.347 Thread 0x000002566b987800 Uncommon trap: trap_request=0xffffff4d fr.pc=0x00000256566c4078 relative=0x0000000000000dd8
Event: 78.349 Thread 0x000002566b987800 Uncommon trap: reason=unstable_if action=reinterpret pc=0x00000256566c4078 method=java.io.BufferedReader.readLine(Z)Ljava/lang/String; @ 192 c2
Event: 78.349 Thread 0x000002566b987800 DEOPT PACKING pc=0x00000256566c4078 sp=0x00000068235fd8f0
Event: 78.349 Thread 0x000002566b987800 DEOPT UNPACKING pc=0x000002564eba662f sp=0x00000068235fd8a8 mode 2

Classes redefined (0 events):
No events

Internal exceptions (20 events):
Event: 70.215 Thread 0x0000025667172800 Exception <a 'java/lang/NoSuchMethodError'{0x0000000086b3bba8}: <clinit>> (0x0000000086b3bba8) thrown at [./src/hotspot/share/prims/jni.cpp, line 1362]
Event: 70.216 Thread 0x0000025667172800 Exception <a 'java/lang/NoSuchMethodError'{0x0000000086b3d328}: <clinit>> (0x0000000086b3d328) thrown at [./src/hotspot/share/prims/jni.cpp, line 1362]
Event: 70.268 Thread 0x0000025666a4e000 Exception <a 'java/lang/NoSuchMethodError'{0x00000000869d08b0}: <clinit>> (0x00000000869d08b0) thrown at [./src/hotspot/share/prims/jni.cpp, line 1362]
Event: 70.269 Thread 0x0000025666a4f000 Exception <a 'java/lang/IncompatibleClassChangeError'{0x00000000869b8300}: Found class java.lang.Object, but interface was expected> (0x00000000869b8300) thrown at [./src/hotspot/share/interpreter/linkResolver.cpp, line 839]
Event: 70.297 Thread 0x0000025666a4e000 Exception <a 'java/lang/NoSuchMethodError'{0x00000000869e5300}: <clinit>> (0x00000000869e5300) thrown at [./src/hotspot/share/prims/jni.cpp, line 1362]
Event: 70.308 Thread 0x0000025666a4e000 Exception <a 'java/lang/NoSuchMethodError'{0x000000008683c258}: <clinit>> (0x000000008683c258) thrown at [./src/hotspot/share/prims/jni.cpp, line 1362]
Event: 70.343 Thread 0x0000025666a4e000 Exception <a 'java/lang/NoSuchMethodError'{0x0000000086865158}: 'void java.lang.invoke.DirectMethodHandle$Holder.invokeSpecial(java.lang.Object, java.lang.Object, java.lang.Object, int)'> (0x0000000086865158) thrown at [./src/hotspot/share/interpreter/linkResolver.cpp, line 773]
Event: 70.387 Thread 0x0000025667172800 Exception <a 'java/lang/NoSuchMethodError'{0x0000000086766d00}: <clinit>> (0x0000000086766d00) thrown at [./src/hotspot/share/prims/jni.cpp, line 1362]
Event: 70.393 Thread 0x0000025666a4f000 Exception <a 'java/lang/NoSuchMethodError'{0x0000000086751d30}: 'java.lang.Object java.lang.invoke.DirectMethodHandle$Holder.invokeInterface(java.lang.Object, java.lang.Object, int)'> (0x0000000086751d30) thrown at [./src/hotspot/share/interpreter/linkResolver.cpp, line 773]
Event: 70.397 Thread 0x0000025666a4f000 Exception <a 'java/lang/NoSuchMethodError'{0x000000008678e990}: 'void java.lang.invoke.DirectMethodHandle$Holder.invokeStatic(java.lang.Object, java.lang.Object, java.lang.Object, int)'> (0x000000008678e990) thrown at [./src/hotspot/share/interpreter/linkResolver.cpp, line 773]
Event: 70.559 Thread 0x0000025666a4f000 Exception <a 'java/lang/IncompatibleClassChangeError'{0x00000000866fabd8}: Found class java.lang.Object, but interface was expected> (0x00000000866fabd8) thrown at [./src/hotspot/share/interpreter/linkResolver.cpp, line 839]
Event: 70.576 Thread 0x0000025666a4f000 Exception <a 'java/lang/IncompatibleClassChangeError'{0x000000008651e350}: Found class java.lang.Object, but interface was expected> (0x000000008651e350) thrown at [./src/hotspot/share/interpreter/linkResolver.cpp, line 839]
Event: 71.608 Thread 0x0000025666a4f000 Exception <a 'java/lang/NoSuchMethodError'{0x0000000085faf168}: 'void java.lang.invoke.DirectMethodHandle$Holder.invokeStatic(java.lang.Object, java.lang.Object, java.lang.Object, java.lang.Object, int, java.lang.Object, java.lang.Object)'> (0x0000000085faf168) thrown at [./src/hotspot/share/interpreter/linkResolver.cpp, line 773]
Event: 71.754 Thread 0x0000025668440000 Exception <a 'java/lang/NoSuchMethodError'{0x0000000085b098f0}: 'java.lang.Object java.lang.invoke.DirectMethodHandle$Holder.invokeSpecialIFC(java.lang.Object, java.lang.Object, java.lang.Object)'> (0x0000000085b098f0) thrown at [./src/hotspot/share/interpreter/linkResolver.cpp, line 773]
Event: 71.755 Thread 0x0000025668444000 Exception <a 'java/lang/NoSuchMethodError'{0x0000000085b0c438}: 'java.lang.Object java.lang.invoke.DirectMethodHandle$Holder.invokeSpecialIFC(java.lang.Object, java.lang.Object, java.lang.Object)'> (0x0000000085b0c438) thrown at [./src/hotspot/share/interpreter/linkResolver.cpp, line 773]
Event: 71.913 Thread 0x0000025668444000 Exception <a 'java/lang/NoSuchMethodError'{0x000000008762bbd0}: 'int java.lang.invoke.DirectMethodHandle$Holder.invokeStaticInit(java.lang.Object, java.lang.Object, java.lang.Object, java.lang.Object, java.lang.Object)'> (0x000000008762bbd0) thrown at [./src/hotspot/share/interpreter/linkResolver.cpp, line 773]
Event: 73.939 Thread 0x0000025666a4f000 Exception <a 'java/lang/NoSuchMethodError'{0x00000000896f1690}: 'void java.lang.invoke.DirectMethodHandle$Holder.invokeVirtual(java.lang.Object, java.lang.Object)'> (0x00000000896f1690) thrown at [./src/hotspot/share/interpreter/linkResolver.cpp, line 773]
Event: 76.074 Thread 0x0000025666a4f000 Exception <a 'java/lang/NoSuchMethodError'{0x000000008a955488}: <clinit>> (0x000000008a955488) thrown at [./src/hotspot/share/prims/jni.cpp, line 1362]
Event: 76.080 Thread 0x0000025666a4f000 Exception <a 'java/lang/NoSuchMethodError'{0x000000008a97e148}: <clinit>> (0x000000008a97e148) thrown at [./src/hotspot/share/prims/jni.cpp, line 1362]
Event: 77.737 Thread 0x0000025666a50000 Exception <a 'java/lang/NoSuchMethodError'{0x0000000089626708}: 'void java.lang.invoke.DirectMethodHandle$Holder.invokeStatic(java.lang.Object, java.lang.Object, java.lang.Object, java.lang.Object, java.lang.Object, java.lang.Object, java.lang.Object)'> (0x0000000089626708) thrown at [./src/hotspot/share/interpreter/linkResolver.cpp, line 773]

Events (20 events):
Event: 78.322 loading class com/google/common/collect/MapMakerInternalMap$StrongValueEntry
Event: 78.322 loading class com/google/common/collect/MapMakerInternalMap$StrongValueEntry done
Event: 78.324 loading class com/google/common/collect/MapMakerInternalMap$AbstractStrongKeyEntry
Event: 78.324 loading class com/google/common/collect/MapMakerInternalMap$AbstractStrongKeyEntry done
Event: 78.325 loading class com/google/common/collect/Tables
Event: 78.325 loading class com/google/common/collect/Tables done
Event: 78.327 loading class com/google/common/collect/RowSortedTable
Event: 78.327 loading class com/google/common/collect/RowSortedTable done
Event: 78.328 loading class com/google/common/collect/Table$Cell
Event: 78.328 loading class com/google/common/collect/Table$Cell done
Event: 78.330 loading class com/google/common/collect/Tables$1
Event: 78.330 loading class com/google/common/collect/Tables$1 done
Event: 78.334 loading class com/google/common/collect/Tables$ImmutableCell
Event: 78.334 loading class com/google/common/collect/Tables$ImmutableCell done
Event: 78.335 loading class com/google/common/collect/Tables$AbstractCell
Event: 78.335 loading class com/google/common/collect/Tables$AbstractCell done
Event: 78.347 Executing VM operation: RevokeBias
Event: 78.349 Executing VM operation: RevokeBias done
Event: 78.362 Executing VM operation: RevokeBias
Event: 78.365 Executing VM operation: RevokeBias done


Dynamic libraries:
0x00007ff7638b0000 - 0x00007ff7638ba000 	C:\Program Files\Android\Android Studio\jre\bin\java.exe
0x00007ff8a5350000 - 0x00007ff8a5545000 	C:\WINDOWS\SYSTEM32\ntdll.dll
0x00007ff871e90000 - 0x00007ff871ea6000 	C:\Program Files\Avast Software\Avast\aswhook.dll
0x00007ff8a3bf0000 - 0x00007ff8a3cae000 	C:\WINDOWS\System32\KERNEL32.DLL
0x00007ff8a2a60000 - 0x00007ff8a2d28000 	C:\WINDOWS\System32\KERNELBASE.dll
0x00007ff8a3140000 - 0x00007ff8a3240000 	C:\WINDOWS\System32\ucrtbase.dll
0x00007ff89c4b0000 - 0x00007ff89c4c7000 	C:\Program Files\Android\Android Studio\jre\bin\VCRUNTIME140.dll
0x00007ff88fdb0000 - 0x00007ff88fdc9000 	C:\Program Files\Android\Android Studio\jre\bin\jli.dll
0x00007ff8a35c0000 - 0x00007ff8a3760000 	C:\WINDOWS\System32\USER32.dll
0x00007ff8a2ee0000 - 0x00007ff8a2f02000 	C:\WINDOWS\System32\win32u.dll
0x00007ff8a41b0000 - 0x00007ff8a41db000 	C:\WINDOWS\System32\GDI32.dll
0x00007ff8a2dd0000 - 0x00007ff8a2edd000 	C:\WINDOWS\System32\gdi32full.dll
0x00007ff8a2ff0000 - 0x00007ff8a308d000 	C:\WINDOWS\System32\msvcp_win.dll
0x00007ff88e920000 - 0x00007ff88ebba000 	C:\WINDOWS\WinSxS\amd64_microsoft.windows.common-controls_6595b64144ccf1df_6.0.19041.1110_none_60b5254171f9507e\COMCTL32.dll
0x00007ff8a4290000 - 0x00007ff8a432e000 	C:\WINDOWS\System32\msvcrt.dll
0x00007ff8a4ac0000 - 0x00007ff8a4af0000 	C:\WINDOWS\System32\IMM32.DLL
0x00007ff873580000 - 0x00007ff87361d000 	C:\Program Files\Android\Android Studio\jre\bin\msvcp140.dll
0x00007ff85cac0000 - 0x00007ff85d595000 	C:\Program Files\Android\Android Studio\jre\bin\server\jvm.dll
0x00007ff8a4100000 - 0x00007ff8a41ae000 	C:\WINDOWS\System32\ADVAPI32.dll
0x00007ff8a3cb0000 - 0x00007ff8a3d4c000 	C:\WINDOWS\System32\sechost.dll
0x00007ff8a3490000 - 0x00007ff8a35b5000 	C:\WINDOWS\System32\RPCRT4.dll
0x00007ff8a3480000 - 0x00007ff8a3488000 	C:\WINDOWS\System32\PSAPI.DLL
0x00007ff899e40000 - 0x00007ff899e4a000 	C:\WINDOWS\SYSTEM32\VERSION.dll
0x00007ff879f10000 - 0x00007ff879f37000 	C:\WINDOWS\SYSTEM32\WINMM.dll
0x00007ff893240000 - 0x00007ff893249000 	C:\WINDOWS\SYSTEM32\WSOCK32.dll
0x00007ff8a4af0000 - 0x00007ff8a4b5b000 	C:\WINDOWS\System32\WS2_32.dll
0x00007ff8a12e0000 - 0x00007ff8a12f2000 	C:\WINDOWS\SYSTEM32\kernel.appcore.dll
0x00007ff87c080000 - 0x00007ff87c091000 	C:\Program Files\Android\Android Studio\jre\bin\verify.dll
0x00007ff8a1000000 - 0x00007ff8a11e4000 	C:\WINDOWS\SYSTEM32\DBGHELP.DLL
0x00007ff894900000 - 0x00007ff89492c000 	C:\WINDOWS\SYSTEM32\dbgcore.DLL
0x00007ff8a2f60000 - 0x00007ff8a2fe2000 	C:\WINDOWS\System32\bcryptPrimitives.dll
0x00007ff87b240000 - 0x00007ff87b269000 	C:\Program Files\Android\Android Studio\jre\bin\java.dll
0x00007ff89e0f0000 - 0x00007ff89e0fb000 	C:\Program Files\Android\Android Studio\jre\bin\jimage.dll
0x00007ff87b220000 - 0x00007ff87b238000 	C:\Program Files\Android\Android Studio\jre\bin\zip.dll
0x00007ff8a4bc0000 - 0x00007ff8a5304000 	C:\WINDOWS\System32\SHELL32.dll
0x00007ff8a0790000 - 0x00007ff8a0f24000 	C:\WINDOWS\SYSTEM32\windows.storage.dll
0x00007ff8a3890000 - 0x00007ff8a3be5000 	C:\WINDOWS\System32\combase.dll
0x00007ff8a23e0000 - 0x00007ff8a240e000 	C:\WINDOWS\SYSTEM32\Wldp.dll
0x00007ff8a4990000 - 0x00007ff8a4a3d000 	C:\WINDOWS\System32\SHCORE.dll
0x00007ff8a4040000 - 0x00007ff8a4095000 	C:\WINDOWS\System32\shlwapi.dll
0x00007ff8a29a0000 - 0x00007ff8a29bf000 	C:\WINDOWS\SYSTEM32\profapi.dll
0x00007ff87b200000 - 0x00007ff87b21a000 	C:\Program Files\Android\Android Studio\jre\bin\net.dll
0x00007ff893bf0000 - 0x00007ff893cfc000 	C:\WINDOWS\SYSTEM32\WINHTTP.dll
0x00007ff8a2140000 - 0x00007ff8a21aa000 	C:\WINDOWS\system32\mswsock.dll
0x00007ff87b1e0000 - 0x00007ff87b1f4000 	C:\Program Files\Android\Android Studio\jre\bin\nio.dll
0x00007ff88fdd0000 - 0x00007ff88fdf7000 	C:\Users\adity\.gradle\native\e1d6ef7f7dcc3fd88c89a11ec53ec762bb8ba0a96d01ffa2cd45eb1d1d8dd5c5\windows-amd64\native-platform.dll
0x00007ff862540000 - 0x00007ff862684000 	C:\Users\adity\.gradle\native\5664cfc778a61ccfe75a443a1ab52a65af34e5dc3c78e0209fed803814484fcb\windows-amd64\native-platform-file-events.dll
0x00007ff89c910000 - 0x00007ff89c91a000 	C:\Program Files\Android\Android Studio\jre\bin\management.dll
0x00007ff89b380000 - 0x00007ff89b38d000 	C:\Program Files\Android\Android Studio\jre\bin\management_ext.dll
0x00007ff8a2330000 - 0x00007ff8a2348000 	C:\WINDOWS\SYSTEM32\CRYPTSP.dll
0x00007ff8a1ac0000 - 0x00007ff8a1af4000 	C:\WINDOWS\system32\rsaenh.dll
0x00007ff8a2d30000 - 0x00007ff8a2d57000 	C:\WINDOWS\System32\bcrypt.dll
0x00007ff8a2920000 - 0x00007ff8a294e000 	C:\WINDOWS\SYSTEM32\USERENV.dll
0x00007ff8a2350000 - 0x00007ff8a235c000 	C:\WINDOWS\SYSTEM32\CRYPTBASE.dll
0x00007ff8a1e30000 - 0x00007ff8a1e6b000 	C:\WINDOWS\SYSTEM32\IPHLPAPI.DLL
0x00007ff8a4330000 - 0x00007ff8a4338000 	C:\WINDOWS\System32\NSI.dll
0x00007ff894500000 - 0x00007ff894517000 	C:\WINDOWS\SYSTEM32\dhcpcsvc6.DLL
0x00007ff895000000 - 0x00007ff89501d000 	C:\WINDOWS\SYSTEM32\dhcpcsvc.DLL
0x00007ff8a1e70000 - 0x00007ff8a1f3b000 	C:\WINDOWS\SYSTEM32\DNSAPI.dll
0x00007ff8a1750000 - 0x00007ff8a1783000 	C:\WINDOWS\SYSTEM32\ntmarta.dll

dbghelp: loaded successfully - version: 4.0.5 - missing functions: none
symbol engine: initialized successfully - sym options: 0x614 - pdb path: .;C:\Program Files\Android\Android Studio\jre\bin;C:\WINDOWS\SYSTEM32;C:\Program Files\Avast Software\Avast;C:\WINDOWS\WinSxS\amd64_microsoft.windows.common-controls_6595b64144ccf1df_6.0.19041.1110_none_60b5254171f9507e;C:\Program Files\Android\Android Studio\jre\bin\server;C:\Users\adity\.gradle\native\e1d6ef7f7dcc3fd88c89a11ec53ec762bb8ba0a96d01ffa2cd45eb1d1d8dd5c5\windows-amd64;C:\Users\adity\.gradle\native\5664cfc778a61ccfe75a443a1ab52a65af34e5dc3c78e0209fed803814484fcb\windows-amd64

VM Arguments:
jvm_args: --add-opens=java.base/java.util=ALL-UNNAMED --add-opens=java.base/java.lang=ALL-UNNAMED --add-opens=java.base/java.lang.invoke=ALL-UNNAMED --add-opens=java.base/java.util=ALL-UNNAMED --add-opens=java.prefs/java.util.prefs=ALL-UNNAMED --add-opens=java.prefs/java.util.prefs=ALL-UNNAMED --add-opens=java.base/java.nio.charset=ALL-UNNAMED --add-opens=java.base/java.net=ALL-UNNAMED --add-opens=java.base/java.util.concurrent.atomic=ALL-UNNAMED -Xmx2048m -Dfile.encoding=UTF-8 -Duser.country=IN -Duser.language=en -Duser.variant 
java_command: org.gradle.launcher.daemon.bootstrap.GradleDaemon 7.2
java_class_path (initial): C:\Users\adity\.gradle\wrapper\dists\gradle-7.2-bin\2dnblmf4td7x66yl1d74lt32g\gradle-7.2\lib\gradle-launcher-7.2.jar
Launcher Type: SUN_STANDARD

[Global flags]
     intx CICompilerCount                          = 3                                         {product} {ergonomic}
     uint ConcGCThreads                            = 1                                         {product} {ergonomic}
     uint G1ConcRefinementThreads                  = 4                                         {product} {ergonomic}
   size_t G1HeapRegionSize                         = 1048576                                   {product} {ergonomic}
    uintx GCDrainStackTargetSize                   = 64                                        {product} {ergonomic}
   size_t InitialHeapSize                          = 67108864                                  {product} {ergonomic}
   size_t MarkStackSize                            = 4194304                                   {product} {ergonomic}
   size_t MaxHeapSize                              = 2147483648                                {product} {command line}
   size_t MaxNewSize                               = 1287651328                                {product} {ergonomic}
   size_t MinHeapDeltaBytes                        = 1048576                                   {product} {ergonomic}
    uintx NonNMethodCodeHeapSize                   = 5830732                                {pd product} {ergonomic}
    uintx NonProfiledCodeHeapSize                  = 122913754                              {pd product} {ergonomic}
    uintx ProfiledCodeHeapSize                     = 122913754                              {pd product} {ergonomic}
    uintx ReservedCodeCacheSize                    = 251658240                              {pd product} {ergonomic}
     bool SegmentedCodeCache                       = true                                      {product} {ergonomic}
     bool UseCompressedClassPointers               = true                                 {lp64_product} {ergonomic}
     bool UseCompressedOops                        = true                                 {lp64_product} {ergonomic}
     bool UseG1GC                                  = true                                      {product} {ergonomic}
     bool UseLargePagesIndividualAllocation        = false                                  {pd product} {ergonomic}

Logging:
Log output configuration:
 #0: stdout all=warning uptime,level,tags
 #1: stderr all=off uptime,level,tags

Environment Variables:
JAVA_HOME=C:\Program Files\Java\jdk-17.0.2\bin
PATH=C:\Program Files\Common Files\Oracle\Java\javapath;C:\WINDOWS\system32;C:\WINDOWS;C:\WINDOWS\System32\Wbem;C:\WINDOWS\System32\WindowsPowerShell\v1.0\;C:\WINDOWS\System32\OpenSSH\;C:\Program Files (x86)\Git\cmd;C:\Users\adity\AppData\Local\Microsoft\WindowsApps;
USERNAME=adity
OS=Windows_NT
PROCESSOR_IDENTIFIER=Intel64 Family 6 Model 142 Stepping 9, GenuineIntel



---------------  S Y S T E M  ---------------

OS: Windows 10 , 64 bit Build 19041 (10.0.19041.1503)
OS uptime: 3 days 8:17 hours

CPU:total 4 (initial active 4) (2 cores per cpu, 2 threads per core) family 6 model 142 stepping 9 microcode 0xea, cmov, cx8, fxsr, mmx, sse, sse2, sse3, ssse3, sse4.1, sse4.2, popcnt, avx, avx2, aes, clmul, erms, 3dnowpref, lzcnt, ht, tsc, tscinvbit, bmi1, bmi2, adx, fma

Memory: 4k page, system-wide physical 4001M (166M free)
TotalPageFile size 16289M (AvailPageFile size 6M)
current process WorkingSet (physical memory assigned to process): 273M, peak: 287M
current process commit charge ("private bytes"): 450M, peak: 452M

vm_info: OpenJDK 64-Bit Server VM (11.0.11+9-b60-7590822) for windows-amd64 JRE (11.0.11+9-b60-7590822), built on Jul 29 2021 21:43:44 by "builder" with MS VC++ 14.0 (VS2015)

END.
